2021-01-22 09:42:28,964 [FormStudio] INFO  UiInfo AILinkFactoryAuto.View.FormStudio FormStudio_Shown 0 - 
           _____ _      _       _    ______         _                                 _        _____ _             _ _       
     /\   |_   _| |    (_)     | |  |  ____|       | |                     /\        | |      / ____| |           | (_)      
    /  \    | | | |     _ _ __ | | _| |__ __ _  ___| |_ ___  _ __ _   _   /  \  _   _| |_ ___| (___ | |_ _   _  __| |_  ___  
   / /\ \   | | | |    | | '_ \| |/ /  __/ _` |/ __| __/ _ \| '__| | | | / /\ \| | | | __/ _ \\___ \| __| | | |/ _` | |/ _ \ 
  / ____ \ _| |_| |____| | | | |   <| | | (_| | (__| || (_) | |  | |_| |/ ____ \ |_| | || (_) |___) | |_| |_| | (_| | | (_) |
 /_/    \_\_____|______|_|_| |_|_|\_\_|  \__,_|\___|\__\___/|_|   \__, /_/    \_\__,_|\__\___/_____/ \__|\__,_|\__,_|_|\___/ 
                                                                   __/ |                                                     
                                                                  |___/                                                      

2021-01-22 09:42:29,009 [FormStudio] INFO  UiInfo AILinkFactoryAuto.View.FormStudio FormStudio_Shown 0 - 东莞市华复实业有限公司-万魔声学PCBA自动测试系统 V1.01
2021-01-22 09:42:29,057 [FormStudio] INFO  UiInfo AILinkFactoryAuto.View.FormStudio FormStudio_Shown 0 - V1.01
2021-01-22 09:42:29,062 [FormStudio] INFO  UiInfo AILinkFactoryAuto.View.FormLog FormLog_Shown 0 - FormLog................Success!
2021-01-22 09:42:29,067 [FormStudio] INFO  UiInfo AILinkFactoryAuto.View.FormMain FormMain_Shown 0 - DUT1
2021-01-22 09:42:29,073 [FormStudio] INFO  UiInfo AILinkFactoryAuto.View.FormMain FormMain_Shown 0 - 加载测试序列=[\projects\SM004-AMP板&功放\DUT1_WIFI-AP6255.jts]
2021-01-22 09:42:29,482 [FormStudio] INFO  UiInfo AILinkFactoryAuto.View.FormMain LoadJts 0 - 加载测试序列成功
2021-01-22 09:42:29,507 [FormStudio] INFO  UiInfo AILinkFactoryAuto.View.FormMain FormMain_Shown 0 - FormMain................Success!
2021-01-22 09:42:39,322 [FormStudio] INFO  UiInfo AILinkFactoryAuto.View.FormMain FormMain_Shown 0 - DUT1
2021-01-22 09:42:39,326 [FormStudio] INFO  UiInfo AILinkFactoryAuto.View.FormMain FormMain_Shown 0 - 加载测试序列=[\projects\SM004-AMP板&功放\DUT1_WIFI-AP6255.jts]
2021-01-22 09:42:39,335 [FormStudio] INFO  UiInfo AILinkFactoryAuto.View.FormMain LoadJts 0 - 加载测试序列成功
2021-01-22 09:42:39,338 [FormStudio] INFO  UiInfo AILinkFactoryAuto.View.FormMain FormMain_Shown 0 - FormMain................Success!
2021-01-22 09:43:39,487 [FormStudio] INFO  UiInfo AILinkFactoryAuto.View.FormMain LoadJts 0 - 加载测试序列成功
2021-01-22 09:43:39,492 [FormStudio] INFO  UiInfo AILinkFactoryAuto.View.FormMain FormMain_Shown 0 - DUT1
2021-01-22 09:43:39,495 [FormStudio] INFO  UiInfo AILinkFactoryAuto.View.FormMain FormMain_Shown 0 - 加载测试序列=[\projects\SM004-AMP板&功放\DUT1_WIFI-AP6255.jts]
2021-01-22 09:43:39,499 [FormStudio] INFO  UiInfo AILinkFactoryAuto.View.FormMain LoadJts 0 - 加载测试序列成功
2021-01-22 09:43:39,504 [FormStudio] INFO  UiInfo AILinkFactoryAuto.View.FormMain FormMain_Shown 0 - FormMain................Success!
2021-01-22 09:50:07,506 [FormStudio] INFO  UiInfo AILinkFactoryAuto.View.FormStudio FormStudio_Shown 0 - 
           _____ _      _       _    ______         _                                 _        _____ _             _ _       
     /\   |_   _| |    (_)     | |  |  ____|       | |                     /\        | |      / ____| |           | (_)      
    /  \    | | | |     _ _ __ | | _| |__ __ _  ___| |_ ___  _ __ _   _   /  \  _   _| |_ ___| (___ | |_ _   _  __| |_  ___  
   / /\ \   | | | |    | | '_ \| |/ /  __/ _` |/ __| __/ _ \| '__| | | | / /\ \| | | | __/ _ \\___ \| __| | | |/ _` | |/ _ \ 
  / ____ \ _| |_| |____| | | | |   <| | | (_| | (__| || (_) | |  | |_| |/ ____ \ |_| | || (_) |___) | |_| |_| | (_| | | (_) |
 /_/    \_\_____|______|_|_| |_|_|\_\_|  \__,_|\___|\__\___/|_|   \__, /_/    \_\__,_|\__\___/_____/ \__|\__,_|\__,_|_|\___/ 
                                                                   __/ |                                                     
                                                                  |___/                                                      

2021-01-22 09:50:07,549 [FormStudio] INFO  UiInfo AILinkFactoryAuto.View.FormStudio FormStudio_Shown 0 - 东莞市华复实业有限公司-万魔声学PCBA自动测试系统 V1.01
2021-01-22 09:50:07,567 [FormStudio] INFO  UiInfo AILinkFactoryAuto.View.FormStudio FormStudio_Shown 0 - V1.01
2021-01-22 09:50:07,574 [FormStudio] INFO  UiInfo AILinkFactoryAuto.View.FormLog FormLog_Shown 0 - FormLog................Success!
2021-01-22 09:50:07,580 [FormStudio] INFO  UiInfo AILinkFactoryAuto.View.FormMain FormMain_Shown 0 - DUT1
2021-01-22 09:50:07,584 [FormStudio] INFO  UiInfo AILinkFactoryAuto.View.FormMain FormMain_Shown 0 - 加载测试序列=[\projects\SM004-AMP板&功放\DUT1_WIFI-AP6255.jts]
2021-01-22 09:50:07,972 [FormStudio] INFO  UiInfo AILinkFactoryAuto.View.FormMain LoadJts 0 - 加载测试序列成功
2021-01-22 09:50:08,009 [FormStudio] INFO  UiInfo AILinkFactoryAuto.View.FormMain FormMain_Shown 0 - FormMain................Success!
2021-01-22 09:50:29,353 [FormStudio] INFO  UiInfo AILinkFactoryAuto.View.FormStudio FormStudio_Shown 0 - 
           _____ _      _       _    ______         _                                 _        _____ _             _ _       
     /\   |_   _| |    (_)     | |  |  ____|       | |                     /\        | |      / ____| |           | (_)      
    /  \    | | | |     _ _ __ | | _| |__ __ _  ___| |_ ___  _ __ _   _   /  \  _   _| |_ ___| (___ | |_ _   _  __| |_  ___  
   / /\ \   | | | |    | | '_ \| |/ /  __/ _` |/ __| __/ _ \| '__| | | | / /\ \| | | | __/ _ \\___ \| __| | | |/ _` | |/ _ \ 
  / ____ \ _| |_| |____| | | | |   <| | | (_| | (__| || (_) | |  | |_| |/ ____ \ |_| | || (_) |___) | |_| |_| | (_| | | (_) |
 /_/    \_\_____|______|_|_| |_|_|\_\_|  \__,_|\___|\__\___/|_|   \__, /_/    \_\__,_|\__\___/_____/ \__|\__,_|\__,_|_|\___/ 
                                                                   __/ |                                                     
                                                                  |___/                                                      

2021-01-22 09:50:29,384 [FormStudio] INFO  UiInfo AILinkFactoryAuto.View.FormStudio FormStudio_Shown 0 - 东莞市华复实业有限公司-万魔声学PCBA自动测试系统 V1.01
2021-01-22 09:50:29,390 [FormStudio] INFO  UiInfo AILinkFactoryAuto.View.FormStudio FormStudio_Shown 0 - V1.01
2021-01-22 09:50:29,397 [FormStudio] INFO  UiInfo AILinkFactoryAuto.View.FormLog FormLog_Shown 0 - FormLog................Success!
2021-01-22 09:50:29,403 [FormStudio] INFO  UiInfo AILinkFactoryAuto.View.FormMain FormMain_Shown 0 - DUT1
2021-01-22 09:50:29,406 [FormStudio] INFO  UiInfo AILinkFactoryAuto.View.FormMain FormMain_Shown 0 - 加载测试序列=[\projects\SM004-AMP板&功放\DUT1_WIFI-AP6255.jts]
2021-01-22 09:50:29,715 [FormStudio] INFO  UiInfo AILinkFactoryAuto.View.FormMain LoadJts 0 - 加载测试序列成功
2021-01-22 09:50:29,727 [FormStudio] INFO  UiInfo AILinkFactoryAuto.View.FormMain FormMain_Shown 0 - FormMain................Success!
2021-01-22 09:50:39,060 [FormStudio] INFO  UiInfo AILinkFactoryAuto.View.FormMain FormMain_Shown 0 - DUT1
2021-01-22 09:50:39,064 [FormStudio] INFO  UiInfo AILinkFactoryAuto.View.FormMain FormMain_Shown 0 - 加载测试序列=[\projects\SM004-AMP板&功放\DUT1_WIFI-AP6255.jts]
2021-01-22 09:50:39,073 [FormStudio] INFO  UiInfo AILinkFactoryAuto.View.FormMain LoadJts 0 - 加载测试序列成功
2021-01-22 09:50:39,076 [FormStudio] INFO  UiInfo AILinkFactoryAuto.View.FormMain FormMain_Shown 0 - FormMain................Success!
2021-01-22 09:53:32,886 [FormStudio] INFO  UiInfo AILinkFactoryAuto.View.FormMain LoadJts 0 - 加载测试序列成功
2021-01-22 09:53:32,893 [FormStudio] INFO  UiInfo AILinkFactoryAuto.View.FormMain FormMain_Shown 0 - DUT1
2021-01-22 09:53:32,900 [FormStudio] INFO  UiInfo AILinkFactoryAuto.View.FormMain FormMain_Shown 0 - 加载测试序列=[\projects\SM004-AMP板&功放\DUT1_WIFI-AP6255.jts]
2021-01-22 09:53:32,905 [FormStudio] INFO  UiInfo AILinkFactoryAuto.View.FormMain LoadJts 0 - 加载测试序列成功
2021-01-22 09:53:32,908 [FormStudio] INFO  UiInfo AILinkFactoryAuto.View.FormMain FormMain_Shown 0 - FormMain................Success!
2021-01-22 09:54:28,758 [FormStudio] INFO  UiInfo AILinkFactoryAuto.View.FormStudio FormStudio_Shown 0 - 
           _____ _      _       _    ______         _                                 _        _____ _             _ _       
     /\   |_   _| |    (_)     | |  |  ____|       | |                     /\        | |      / ____| |           | (_)      
    /  \    | | | |     _ _ __ | | _| |__ __ _  ___| |_ ___  _ __ _   _   /  \  _   _| |_ ___| (___ | |_ _   _  __| |_  ___  
   / /\ \   | | | |    | | '_ \| |/ /  __/ _` |/ __| __/ _ \| '__| | | | / /\ \| | | | __/ _ \\___ \| __| | | |/ _` | |/ _ \ 
  / ____ \ _| |_| |____| | | | |   <| | | (_| | (__| || (_) | |  | |_| |/ ____ \ |_| | || (_) |___) | |_| |_| | (_| | | (_) |
 /_/    \_\_____|______|_|_| |_|_|\_\_|  \__,_|\___|\__\___/|_|   \__, /_/    \_\__,_|\__\___/_____/ \__|\__,_|\__,_|_|\___/ 
                                                                   __/ |                                                     
                                                                  |___/                                                      

2021-01-22 09:54:28,785 [FormStudio] INFO  UiInfo AILinkFactoryAuto.View.FormStudio FormStudio_Shown 0 - 东莞市华复实业有限公司-万魔声学PCBA自动测试系统 V1.01
2021-01-22 09:54:28,790 [FormStudio] INFO  UiInfo AILinkFactoryAuto.View.FormStudio FormStudio_Shown 0 - V1.01
2021-01-22 09:54:28,796 [FormStudio] INFO  UiInfo AILinkFactoryAuto.View.FormLog FormLog_Shown 0 - FormLog................Success!
2021-01-22 09:54:28,802 [FormStudio] INFO  UiInfo AILinkFactoryAuto.View.FormMain FormMain_Shown 0 - DUT1
2021-01-22 09:54:28,809 [FormStudio] INFO  UiInfo AILinkFactoryAuto.View.FormMain FormMain_Shown 0 - 加载测试序列=[\projects\SM004-AMP板&功放\DUT1_WIFI-AP6255.jts]
2021-01-22 09:54:29,191 [FormStudio] INFO  UiInfo AILinkFactoryAuto.View.FormMain LoadJts 0 - 加载测试序列成功
2021-01-22 09:54:29,213 [FormStudio] INFO  UiInfo AILinkFactoryAuto.View.FormMain FormMain_Shown 0 - FormMain................Success!
2021-01-22 09:56:44,072 [FormStudio] INFO  UiInfo AILinkFactoryAuto.View.FormMain LoadJts 0 - 加载测试序列成功
2021-01-22 09:56:44,077 [FormStudio] INFO  UiInfo AILinkFactoryAuto.View.FormMain FormMain_Shown 0 - DUT1
2021-01-22 09:56:44,080 [FormStudio] INFO  UiInfo AILinkFactoryAuto.View.FormMain FormMain_Shown 0 - 加载测试序列=[\projects\SM004-AMP板&功放\DUT1_WIFI-AP6255.jts]
2021-01-22 09:56:44,083 [FormStudio] INFO  UiInfo AILinkFactoryAuto.View.FormMain LoadJts 0 - 加载测试序列成功
2021-01-22 09:56:44,086 [FormStudio] INFO  UiInfo AILinkFactoryAuto.View.FormMain FormMain_Shown 0 - FormMain................Success!
