2021-01-09 22:03:00,688 [FormStudio] INFO  UiInfo AILinkFactoryAuto.View.FormStudio FormStudio_Shown 0 - 
           _____ _      _       _    ______         _                                 _        _____ _             _ _       
     /\   |_   _| |    (_)     | |  |  ____|       | |                     /\        | |      / ____| |           | (_)      
    /  \    | | | |     _ _ __ | | _| |__ __ _  ___| |_ ___  _ __ _   _   /  \  _   _| |_ ___| (___ | |_ _   _  __| |_  ___  
   / /\ \   | | | |    | | '_ \| |/ /  __/ _` |/ __| __/ _ \| '__| | | | / /\ \| | | | __/ _ \\___ \| __| | | |/ _` | |/ _ \ 
  / ____ \ _| |_| |____| | | | |   <| | | (_| | (__| || (_) | |  | |_| |/ ____ \ |_| | || (_) |___) | |_| |_| | (_| | | (_) |
 /_/    \_\_____|______|_|_| |_|_|\_\_|  \__,_|\___|\__\___/|_|   \__, /_/    \_\__,_|\__\___/_____/ \__|\__,_|\__,_|_|\___/ 
                                                                   __/ |                                                     
                                                                  |___/                                                      

2021-01-09 22:03:00,711 [FormStudio] INFO  UiInfo AILinkFactoryAuto.View.FormStudio FormStudio_Shown 0 - 东莞市华复实业有限公司-万魔声学PCBA自动测试系统 V1.00
2021-01-09 22:03:00,717 [FormStudio] INFO  UiInfo AILinkFactoryAuto.View.FormStudio FormStudio_Shown 0 - V1.00
2021-01-09 22:03:00,722 [FormStudio] INFO  UiInfo AILinkFactoryAuto.View.FormLog FormLog_Shown 0 - FormLog................Success!
2021-01-09 22:03:03,859 [FormStudio] INFO  UiInfo AILinkFactoryAuto.View.FormMain FormMain_Shown 0 - DUT1
2021-01-09 22:03:03,862 [FormStudio] INFO  UiInfo AILinkFactoryAuto.View.FormMain FormMain_Shown 0 - 加载测试序列=[\projects\SM004-功放&AMP板\DUT1_WIFI-AP6255.jts]
2021-01-09 22:03:04,042 [FormStudio] INFO  UiInfo AILinkFactoryAuto.View.FormMain LoadJts 0 - 加载测试序列成功
2021-01-09 22:03:04,044 [FormStudio] INFO  UiInfo AILinkFactoryAuto.View.FormMain FormMain_Shown 0 - FormMain................Success!
2021-01-09 22:03:08,533 [Thread-DUT1] INFO  UiDebug AILinkFactoryAuto.Core.Log Info 0 - 
     ***********************************************************************
     ***********************************************************************
     ***********                                                  **********
     ***********                  FactoryAuto                     **********
     ***********                  Huafuu                          **********
     ***********                                                  **********
     ***********                                                  **********
     ***********************************************************************
     ***********************************************************************
     Test Date: 2021-01-09, Test Time: 22:03:08


2021-01-09 22:03:08,564 [Thread-DUT1] INFO  UiDebug AILinkFactoryAuto.Core.Log Info 0 - 1 Init
2021-01-09 22:03:08,577 [Thread-DUT1] INFO  UiDebug AILinkFactoryAuto.Task.Executer.InitExecuter Run 0 - Start Init......
2021-01-09 22:03:08,582 [Thread-DUT1] INFO  UiDebug AILinkFactoryAuto.Core.Log Pass 0 - TestTime:18.9286ms
                                                                        PASS
2021-01-09 22:03:08,596 [Thread-DUT1] INFO  UiDebug AILinkFactoryAuto.Core.Log Info 0 - 2 扫码枪扫描标签
2021-01-09 22:03:08,607 [Thread-DUT1] INFO  UiDebug AILinkFactoryAuto.Core.Log Info 0 - IMEI=
2021-01-09 22:03:08,616 [Thread-DUT1] INFO  UiDebug AILinkFactoryAuto.Core.Log Info 0 - MEID=
2021-01-09 22:03:08,624 [Thread-DUT1] INFO  UiDebug AILinkFactoryAuto.Core.Log Info 0 - SN=123456789012345
2021-01-09 22:03:08,633 [Thread-DUT1] INFO  UiDebug AILinkFactoryAuto.Core.Log Info 0 - MAC=
2021-01-09 22:03:08,642 [Thread-DUT1] INFO  UiDebug AILinkFactoryAuto.Core.Log Pass 0 - TestTime:48.8702ms
                                                                        PASS
2021-01-09 22:03:08,651 [Thread-DUT1] INFO  UiDebug AILinkFactoryAuto.Core.Log Info 0 - 3 检测DUT上电
2021-01-09 22:03:08,665 [Thread-DUT1] INFO  UiDebug AILinkFactoryAuto.Core.Log Info 0 - 请放入产品，检查产品上电中....
2021-01-09 22:03:08,697 [Thread-DUT1] INFO  UiDebug AILinkFactoryAuto.Core.Log Info 0 - CMD Commond=adb devices
