2021-01-21 15:02:23,019 [FormStudio] INFO  UiInfo AILinkFactoryAuto.View.FormStudio FormStudio_Shown 0 - 
           _____ _      _       _    ______         _                                 _        _____ _             _ _       
     /\   |_   _| |    (_)     | |  |  ____|       | |                     /\        | |      / ____| |           | (_)      
    /  \    | | | |     _ _ __ | | _| |__ __ _  ___| |_ ___  _ __ _   _   /  \  _   _| |_ ___| (___ | |_ _   _  __| |_  ___  
   / /\ \   | | | |    | | '_ \| |/ /  __/ _` |/ __| __/ _ \| '__| | | | / /\ \| | | | __/ _ \\___ \| __| | | |/ _` | |/ _ \ 
  / ____ \ _| |_| |____| | | | |   <| | | (_| | (__| || (_) | |  | |_| |/ ____ \ |_| | || (_) |___) | |_| |_| | (_| | | (_) |
 /_/    \_\_____|______|_|_| |_|_|\_\_|  \__,_|\___|\__\___/|_|   \__, /_/    \_\__,_|\__\___/_____/ \__|\__,_|\__,_|_|\___/ 
                                                                   __/ |                                                     
                                                                  |___/                                                      

2021-01-21 15:02:23,087 [FormStudio] INFO  UiInfo AILinkFactoryAuto.View.FormStudio FormStudio_Shown 0 - 东莞市华复实业有限公司-万魔声学PCBA自动测试系统 V1.01
2021-01-21 15:02:23,096 [FormStudio] INFO  UiInfo AILinkFactoryAuto.View.FormStudio FormStudio_Shown 0 - V1.01
2021-01-21 15:02:23,107 [FormStudio] INFO  UiInfo AILinkFactoryAuto.View.FormLog FormLog_Shown 0 - FormLog................Success!
2021-01-21 15:02:23,119 [FormStudio] INFO  UiInfo AILinkFactoryAuto.View.FormMain FormMain_Shown 0 - DUT1
2021-01-21 15:02:23,126 [FormStudio] INFO  UiInfo AILinkFactoryAuto.View.FormMain FormMain_Shown 0 - 加载测试序列=[\projects\SM004-AMP板&功放\DUT1_WIFI-AP6255.jts]
2021-01-21 15:02:24,034 [FormStudio] INFO  UiInfo AILinkFactoryAuto.View.FormMain LoadJts 0 - 加载测试序列成功
2021-01-21 15:02:24,062 [FormStudio] INFO  UiInfo AILinkFactoryAuto.View.FormMain FormMain_Shown 0 - FormMain................Success!
2021-01-21 15:02:30,466 [FormStudio] INFO  UiInfo AILinkFactoryAuto.View.FormStudio FormStudio_Shown 0 - 
           _____ _      _       _    ______         _                                 _        _____ _             _ _       
     /\   |_   _| |    (_)     | |  |  ____|       | |                     /\        | |      / ____| |           | (_)      
    /  \    | | | |     _ _ __ | | _| |__ __ _  ___| |_ ___  _ __ _   _   /  \  _   _| |_ ___| (___ | |_ _   _  __| |_  ___  
   / /\ \   | | | |    | | '_ \| |/ /  __/ _` |/ __| __/ _ \| '__| | | | / /\ \| | | | __/ _ \\___ \| __| | | |/ _` | |/ _ \ 
  / ____ \ _| |_| |____| | | | |   <| | | (_| | (__| || (_) | |  | |_| |/ ____ \ |_| | || (_) |___) | |_| |_| | (_| | | (_) |
 /_/    \_\_____|______|_|_| |_|_|\_\_|  \__,_|\___|\__\___/|_|   \__, /_/    \_\__,_|\__\___/_____/ \__|\__,_|\__,_|_|\___/ 
                                                                   __/ |                                                     
                                                                  |___/                                                      

2021-01-21 15:02:30,513 [FormStudio] INFO  UiInfo AILinkFactoryAuto.View.FormStudio FormStudio_Shown 0 - 东莞市华复实业有限公司-万魔声学PCBA自动测试系统 V1.01
2021-01-21 15:02:30,523 [FormStudio] INFO  UiInfo AILinkFactoryAuto.View.FormStudio FormStudio_Shown 0 - V1.01
2021-01-21 15:02:30,536 [FormStudio] INFO  UiInfo AILinkFactoryAuto.View.FormLog FormLog_Shown 0 - FormLog................Success!
2021-01-21 15:02:30,546 [FormStudio] INFO  UiInfo AILinkFactoryAuto.View.FormMain FormMain_Shown 0 - DUT1
2021-01-21 15:02:30,552 [FormStudio] INFO  UiInfo AILinkFactoryAuto.View.FormMain FormMain_Shown 0 - 加载测试序列=[\projects\SM004-AMP板&功放\DUT1_WIFI-AP6255.jts]
2021-01-21 15:02:31,026 [FormStudio] INFO  UiInfo AILinkFactoryAuto.View.FormMain LoadJts 0 - 加载测试序列成功
2021-01-21 15:02:31,038 [FormStudio] INFO  UiInfo AILinkFactoryAuto.View.FormMain FormMain_Shown 0 - FormMain................Success!
2021-01-21 15:02:42,438 [FormStudio] INFO  UiInfo AILinkFactoryAuto.View.FormMain FormMain_Shown 0 - DUT1
2021-01-21 15:02:42,442 [FormStudio] INFO  UiInfo AILinkFactoryAuto.View.FormMain FormMain_Shown 0 - 加载测试序列=[\projects\SM004-AMP板&功放\DUT1_WIFI-AP6255.jts]
2021-01-21 15:02:42,451 [FormStudio] INFO  UiInfo AILinkFactoryAuto.View.FormMain LoadJts 0 - 加载测试序列成功
2021-01-21 15:02:42,454 [FormStudio] INFO  UiInfo AILinkFactoryAuto.View.FormMain FormMain_Shown 0 - FormMain................Success!
2021-01-21 15:03:49,163 [FormStudio] INFO  UiInfo AILinkFactoryAuto.View.FormMain LoadJts 0 - 加载测试序列成功
2021-01-21 15:03:49,167 [FormStudio] INFO  UiInfo AILinkFactoryAuto.View.FormMain FormMain_Shown 0 - DUT1
2021-01-21 15:03:49,171 [FormStudio] INFO  UiInfo AILinkFactoryAuto.View.FormMain FormMain_Shown 0 - 加载测试序列=[\projects\SM004-AMP板&功放\DUT1_WIFI-AP6255.jts]
2021-01-21 15:03:49,175 [FormStudio] INFO  UiInfo AILinkFactoryAuto.View.FormMain LoadJts 0 - 加载测试序列成功
2021-01-21 15:03:49,179 [FormStudio] INFO  UiInfo AILinkFactoryAuto.View.FormMain FormMain_Shown 0 - FormMain................Success!
2021-01-21 15:03:57,757 [FormStudio] INFO  UiInfo AILinkFactoryAuto.View.FormMain LoadJts 0 - 加载测试序列成功
2021-01-21 15:03:57,763 [FormStudio] INFO  UiInfo AILinkFactoryAuto.View.FormMain FormMain_Shown 0 - DUT1
2021-01-21 15:03:57,769 [FormStudio] INFO  UiInfo AILinkFactoryAuto.View.FormMain FormMain_Shown 0 - 加载测试序列=[\projects\SM004-AMP板&功放\DUT1_WIFI-AP6255.jts]
2021-01-21 15:03:57,777 [FormStudio] INFO  UiInfo AILinkFactoryAuto.View.FormMain LoadJts 0 - 加载测试序列成功
2021-01-21 15:03:57,782 [FormStudio] INFO  UiInfo AILinkFactoryAuto.View.FormMain FormMain_Shown 0 - FormMain................Success!
2021-01-21 15:03:58,375 [Thread-DUT1] INFO  UiDebug AILinkFactoryAuto.Core.Log Info 0 - 
     ***********************************************************************
     ***********************************************************************
     ***********                                                  **********
     ***********                  FactoryAuto                     **********
     ***********                  Huafuu                          **********
     ***********                                                  **********
     ***********                                                  **********
     ***********************************************************************
     ***********************************************************************
     Test Date: 2021-01-21, Test Time: 15:03:58


2021-01-21 15:03:58,420 [Thread-DUT1] INFO  UiDebug AILinkFactoryAuto.Core.Log Info 0 - 1 Init
2021-01-21 15:03:58,436 [Thread-DUT1] INFO  UiDebug AILinkFactoryAuto.Task.Executer.InitExecuter Run 0 - Start Init......
2021-01-21 15:03:58,452 [Thread-DUT1] INFO  UiDebug AILinkFactoryAuto.Core.Log Pass 0 - TestTime:33.5332ms
                                                                        PASS
2021-01-21 15:03:58,467 [Thread-DUT1] INFO  UiDebug AILinkFactoryAuto.Core.Log Info 0 - 3 打开串口
2021-01-21 15:03:58,596 [Thread-DUT1] INFO  UiDebug AILinkFactoryAuto.Core.Log Pass 0 - TestTime:129.2085ms
                                                                        PASS
2021-01-21 15:03:58,615 [Thread-DUT1] INFO  UiDebug AILinkFactoryAuto.Core.Log Info 0 - 6 发送控制指令
2021-01-21 15:06:17,918 [FormStudio] INFO  UiInfo AILinkFactoryAuto.View.FormStudio FormStudio_Shown 0 - 
           _____ _      _       _    ______         _                                 _        _____ _             _ _       
     /\   |_   _| |    (_)     | |  |  ____|       | |                     /\        | |      / ____| |           | (_)      
    /  \    | | | |     _ _ __ | | _| |__ __ _  ___| |_ ___  _ __ _   _   /  \  _   _| |_ ___| (___ | |_ _   _  __| |_  ___  
   / /\ \   | | | |    | | '_ \| |/ /  __/ _` |/ __| __/ _ \| '__| | | | / /\ \| | | | __/ _ \\___ \| __| | | |/ _` | |/ _ \ 
  / ____ \ _| |_| |____| | | | |   <| | | (_| | (__| || (_) | |  | |_| |/ ____ \ |_| | || (_) |___) | |_| |_| | (_| | | (_) |
 /_/    \_\_____|______|_|_| |_|_|\_\_|  \__,_|\___|\__\___/|_|   \__, /_/    \_\__,_|\__\___/_____/ \__|\__,_|\__,_|_|\___/ 
                                                                   __/ |                                                     
                                                                  |___/                                                      

2021-01-21 15:06:17,979 [FormStudio] INFO  UiInfo AILinkFactoryAuto.View.FormStudio FormStudio_Shown 0 - 东莞市华复实业有限公司-万魔声学PCBA自动测试系统 V1.01
2021-01-21 15:06:17,987 [FormStudio] INFO  UiInfo AILinkFactoryAuto.View.FormStudio FormStudio_Shown 0 - V1.01
2021-01-21 15:06:17,996 [FormStudio] INFO  UiInfo AILinkFactoryAuto.View.FormLog FormLog_Shown 0 - FormLog................Success!
2021-01-21 15:06:18,018 [FormStudio] INFO  UiInfo AILinkFactoryAuto.View.FormMain FormMain_Shown 0 - DUT1
2021-01-21 15:06:18,032 [FormStudio] INFO  UiInfo AILinkFactoryAuto.View.FormMain FormMain_Shown 0 - 加载测试序列=[\projects\SM004-AMP板&功放\DUT1_WIFI-AP6255.jts]
2021-01-21 15:06:18,593 [FormStudio] INFO  UiInfo AILinkFactoryAuto.View.FormMain LoadJts 0 - 加载测试序列成功
2021-01-21 15:06:18,604 [FormStudio] INFO  UiInfo AILinkFactoryAuto.View.FormMain FormMain_Shown 0 - FormMain................Success!
2021-01-21 15:06:34,088 [FormStudio] INFO  UiInfo AILinkFactoryAuto.View.FormStudio FormStudio_Shown 0 - 
           _____ _      _       _    ______         _                                 _        _____ _             _ _       
     /\   |_   _| |    (_)     | |  |  ____|       | |                     /\        | |      / ____| |           | (_)      
    /  \    | | | |     _ _ __ | | _| |__ __ _  ___| |_ ___  _ __ _   _   /  \  _   _| |_ ___| (___ | |_ _   _  __| |_  ___  
   / /\ \   | | | |    | | '_ \| |/ /  __/ _` |/ __| __/ _ \| '__| | | | / /\ \| | | | __/ _ \\___ \| __| | | |/ _` | |/ _ \ 
  / ____ \ _| |_| |____| | | | |   <| | | (_| | (__| || (_) | |  | |_| |/ ____ \ |_| | || (_) |___) | |_| |_| | (_| | | (_) |
 /_/    \_\_____|______|_|_| |_|_|\_\_|  \__,_|\___|\__\___/|_|   \__, /_/    \_\__,_|\__\___/_____/ \__|\__,_|\__,_|_|\___/ 
                                                                   __/ |                                                     
                                                                  |___/                                                      

2021-01-21 15:06:34,156 [FormStudio] INFO  UiInfo AILinkFactoryAuto.View.FormStudio FormStudio_Shown 0 - 东莞市华复实业有限公司-万魔声学PCBA自动测试系统 V1.01
2021-01-21 15:06:34,166 [FormStudio] INFO  UiInfo AILinkFactoryAuto.View.FormStudio FormStudio_Shown 0 - V1.01
2021-01-21 15:06:34,179 [FormStudio] INFO  UiInfo AILinkFactoryAuto.View.FormLog FormLog_Shown 0 - FormLog................Success!
2021-01-21 15:06:34,193 [FormStudio] INFO  UiInfo AILinkFactoryAuto.View.FormMain FormMain_Shown 0 - DUT1
2021-01-21 15:06:34,201 [FormStudio] INFO  UiInfo AILinkFactoryAuto.View.FormMain FormMain_Shown 0 - 加载测试序列=[\projects\SM004-AMP板&功放\DUT1_WIFI-AP6255.jts]
2021-01-21 15:06:34,964 [FormStudio] INFO  UiInfo AILinkFactoryAuto.View.FormMain LoadJts 0 - 加载测试序列成功
2021-01-21 15:06:34,978 [FormStudio] INFO  UiInfo AILinkFactoryAuto.View.FormMain FormMain_Shown 0 - FormMain................Success!
2021-01-21 15:06:36,195 [Thread-DUT1] INFO  UiDebug AILinkFactoryAuto.Core.Log Info 0 - 
     ***********************************************************************
     ***********************************************************************
     ***********                                                  **********
     ***********                  FactoryAuto                     **********
     ***********                  Huafuu                          **********
     ***********                                                  **********
     ***********                                                  **********
     ***********************************************************************
     ***********************************************************************
     Test Date: 2021-01-21, Test Time: 15:06:36


2021-01-21 15:06:36,249 [Thread-DUT1] INFO  UiDebug AILinkFactoryAuto.Core.Log Info 0 - 1 Init
2021-01-21 15:06:36,277 [Thread-DUT1] INFO  UiDebug AILinkFactoryAuto.Task.Executer.InitExecuter Run 0 - Start Init......
2021-01-21 15:06:36,285 [Thread-DUT1] INFO  UiDebug AILinkFactoryAuto.Core.Log Pass 0 - TestTime:39.8943ms
                                                                        PASS
2021-01-21 15:06:36,321 [Thread-DUT1] INFO  UiDebug AILinkFactoryAuto.Core.Log Info 0 - 3 打开串口
2021-01-21 15:06:36,463 [Thread-DUT1] INFO  UiDebug AILinkFactoryAuto.Core.Log Pass 0 - TestTime:146.6067ms
                                                                        PASS
2021-01-21 15:06:36,483 [Thread-DUT1] INFO  UiDebug AILinkFactoryAuto.Core.Log Info 0 - 6 发送控制指令
2021-01-21 15:07:53,754 [FormStudio] INFO  UiInfo AILinkFactoryAuto.View.FormStudio FormStudio_Shown 0 - 
           _____ _      _       _    ______         _                                 _        _____ _             _ _       
     /\   |_   _| |    (_)     | |  |  ____|       | |                     /\        | |      / ____| |           | (_)      
    /  \    | | | |     _ _ __ | | _| |__ __ _  ___| |_ ___  _ __ _   _   /  \  _   _| |_ ___| (___ | |_ _   _  __| |_  ___  
   / /\ \   | | | |    | | '_ \| |/ /  __/ _` |/ __| __/ _ \| '__| | | | / /\ \| | | | __/ _ \\___ \| __| | | |/ _` | |/ _ \ 
  / ____ \ _| |_| |____| | | | |   <| | | (_| | (__| || (_) | |  | |_| |/ ____ \ |_| | || (_) |___) | |_| |_| | (_| | | (_) |
 /_/    \_\_____|______|_|_| |_|_|\_\_|  \__,_|\___|\__\___/|_|   \__, /_/    \_\__,_|\__\___/_____/ \__|\__,_|\__,_|_|\___/ 
                                                                   __/ |                                                     
                                                                  |___/                                                      

2021-01-21 15:07:53,809 [FormStudio] INFO  UiInfo AILinkFactoryAuto.View.FormStudio FormStudio_Shown 0 - 东莞市华复实业有限公司-万魔声学PCBA自动测试系统 V1.01
2021-01-21 15:07:53,819 [FormStudio] INFO  UiInfo AILinkFactoryAuto.View.FormStudio FormStudio_Shown 0 - V1.01
2021-01-21 15:07:53,850 [FormStudio] INFO  UiInfo AILinkFactoryAuto.View.FormLog FormLog_Shown 0 - FormLog................Success!
2021-01-21 15:07:53,876 [FormStudio] INFO  UiInfo AILinkFactoryAuto.View.FormMain FormMain_Shown 0 - DUT1
2021-01-21 15:07:53,888 [FormStudio] INFO  UiInfo AILinkFactoryAuto.View.FormMain FormMain_Shown 0 - 加载测试序列=[\projects\SM004-AMP板&功放\DUT1_WIFI-AP6255.jts]
2021-01-21 15:07:54,465 [FormStudio] INFO  UiInfo AILinkFactoryAuto.View.FormMain LoadJts 0 - 加载测试序列成功
2021-01-21 15:07:54,480 [FormStudio] INFO  UiInfo AILinkFactoryAuto.View.FormMain FormMain_Shown 0 - FormMain................Success!
2021-01-21 15:08:11,744 [FormStudio] INFO  UiInfo AILinkFactoryAuto.View.FormStudio FormStudio_Shown 0 - 
           _____ _      _       _    ______         _                                 _        _____ _             _ _       
     /\   |_   _| |    (_)     | |  |  ____|       | |                     /\        | |      / ____| |           | (_)      
    /  \    | | | |     _ _ __ | | _| |__ __ _  ___| |_ ___  _ __ _   _   /  \  _   _| |_ ___| (___ | |_ _   _  __| |_  ___  
   / /\ \   | | | |    | | '_ \| |/ /  __/ _` |/ __| __/ _ \| '__| | | | / /\ \| | | | __/ _ \\___ \| __| | | |/ _` | |/ _ \ 
  / ____ \ _| |_| |____| | | | |   <| | | (_| | (__| || (_) | |  | |_| |/ ____ \ |_| | || (_) |___) | |_| |_| | (_| | | (_) |
 /_/    \_\_____|______|_|_| |_|_|\_\_|  \__,_|\___|\__\___/|_|   \__, /_/    \_\__,_|\__\___/_____/ \__|\__,_|\__,_|_|\___/ 
                                                                   __/ |                                                     
                                                                  |___/                                                      

2021-01-21 15:08:11,805 [FormStudio] INFO  UiInfo AILinkFactoryAuto.View.FormStudio FormStudio_Shown 0 - 东莞市华复实业有限公司-万魔声学PCBA自动测试系统 V1.01
2021-01-21 15:08:11,813 [FormStudio] INFO  UiInfo AILinkFactoryAuto.View.FormStudio FormStudio_Shown 0 - V1.01
2021-01-21 15:08:11,825 [FormStudio] INFO  UiInfo AILinkFactoryAuto.View.FormLog FormLog_Shown 0 - FormLog................Success!
2021-01-21 15:08:11,839 [FormStudio] INFO  UiInfo AILinkFactoryAuto.View.FormMain FormMain_Shown 0 - DUT1
2021-01-21 15:08:11,846 [FormStudio] INFO  UiInfo AILinkFactoryAuto.View.FormMain FormMain_Shown 0 - 加载测试序列=[\projects\SM004-AMP板&功放\DUT1_WIFI-AP6255.jts]
2021-01-21 15:08:12,638 [FormStudio] INFO  UiInfo AILinkFactoryAuto.View.FormMain LoadJts 0 - 加载测试序列成功
2021-01-21 15:08:12,661 [FormStudio] INFO  UiInfo AILinkFactoryAuto.View.FormMain FormMain_Shown 0 - FormMain................Success!
2021-01-21 15:08:14,314 [Thread-DUT1] INFO  UiDebug AILinkFactoryAuto.Core.Log Info 0 - 
     ***********************************************************************
     ***********************************************************************
     ***********                                                  **********
     ***********                  FactoryAuto                     **********
     ***********                  Huafuu                          **********
     ***********                                                  **********
     ***********                                                  **********
     ***********************************************************************
     ***********************************************************************
     Test Date: 2021-01-21, Test Time: 15:08:14


2021-01-21 15:08:14,358 [Thread-DUT1] INFO  UiDebug AILinkFactoryAuto.Core.Log Info 0 - 1 Init
2021-01-21 15:08:14,388 [Thread-DUT1] INFO  UiDebug AILinkFactoryAuto.Task.Executer.InitExecuter Run 0 - Start Init......
2021-01-21 15:08:14,404 [Thread-DUT1] INFO  UiDebug AILinkFactoryAuto.Core.Log Pass 0 - TestTime:46.8751ms
                                                                        PASS
2021-01-21 15:08:14,484 [Thread-DUT1] INFO  UiDebug AILinkFactoryAuto.Core.Log Info 0 - 3 打开串口
2021-01-21 15:08:14,623 [Thread-DUT1] INFO  UiDebug AILinkFactoryAuto.Core.Log Pass 0 - TestTime:139.8076ms
                                                                        PASS
2021-01-21 15:08:14,648 [Thread-DUT1] INFO  UiDebug AILinkFactoryAuto.Core.Log Info 0 - 6 发送控制指令
