2021-03-04 19:39:31,045 [FormStudio] INFO  UiInfo AILinkFactoryAuto.View.FormStudio FormStudio_Shown 476 - 
           _____ _      _       _    ______         _                                 _        _____ _             _ _       
     /\   |_   _| |    (_)     | |  |  ____|       | |                     /\        | |      / ____| |           | (_)      
    /  \    | | | |     _ _ __ | | _| |__ __ _  ___| |_ ___  _ __ _   _   /  \  _   _| |_ ___| (___ | |_ _   _  __| |_  ___  
   / /\ \   | | | |    | | '_ \| |/ /  __/ _` |/ __| __/ _ \| '__| | | | / /\ \| | | | __/ _ \\___ \| __| | | |/ _` | |/ _ \ 
  / ____ \ _| |_| |____| | | | |   <| | | (_| | (__| || (_) | |  | |_| |/ ____ \ |_| | || (_) |___) | |_| |_| | (_| | | (_) |
 /_/    \_\_____|______|_|_| |_|_|\_\_|  \__,_|\___|\__\___/|_|   \__, /_/    \_\__,_|\__\___/_____/ \__|\__,_|\__,_|_|\___/ 
                                                                   __/ |                                                     
                                                                  |___/                                                      

2021-03-04 19:39:31,093 [FormStudio] INFO  UiInfo AILinkFactoryAuto.View.FormStudio FormStudio_Shown 480 - 东莞市华复实业有限公司-万魔声学PCBA自动测试系统 V1.0.3
2021-03-04 19:39:31,094 [FormStudio] INFO  UiInfo AILinkFactoryAuto.View.FormStudio FormStudio_Shown 481 - V1.0.3
2021-03-04 19:39:31,100 [FormStudio] INFO  UiInfo AILinkFactoryAuto.View.FormMain FormMain_Shown 230 - DUT1
2021-03-04 19:39:31,100 [FormStudio] INFO  UiInfo AILinkFactoryAuto.View.FormMain FormMain_Shown 233 - 加载测试序列=[\projects\SM005-\DUT1_WIFI-AP6255.jts]
2021-03-04 19:39:31,299 [FormStudio] INFO  UiInfo AILinkFactoryAuto.View.FormMain LoadJts 272 - 加载测试序列成功
2021-03-04 19:39:31,300 [FormStudio] INFO  UiInfo AILinkFactoryAuto.View.FormMain FormMain_Shown 236 - FormMain................Success!
2021-03-04 19:39:39,493 [FormStudio] INFO  UiInfo AILinkFactoryAuto.View.FormStudio FormStudio_Shown 0 - 
           _____ _      _       _    ______         _                                 _        _____ _             _ _       
     /\   |_   _| |    (_)     | |  |  ____|       | |                     /\        | |      / ____| |           | (_)      
    /  \    | | | |     _ _ __ | | _| |__ __ _  ___| |_ ___  _ __ _   _   /  \  _   _| |_ ___| (___ | |_ _   _  __| |_  ___  
   / /\ \   | | | |    | | '_ \| |/ /  __/ _` |/ __| __/ _ \| '__| | | | / /\ \| | | | __/ _ \\___ \| __| | | |/ _` | |/ _ \ 
  / ____ \ _| |_| |____| | | | |   <| | | (_| | (__| || (_) | |  | |_| |/ ____ \ |_| | || (_) |___) | |_| |_| | (_| | | (_) |
 /_/    \_\_____|______|_|_| |_|_|\_\_|  \__,_|\___|\__\___/|_|   \__, /_/    \_\__,_|\__\___/_____/ \__|\__,_|\__,_|_|\___/ 
                                                                   __/ |                                                     
                                                                  |___/                                                      

2021-03-04 19:39:39,509 [FormStudio] INFO  UiInfo AILinkFactoryAuto.View.FormStudio FormStudio_Shown 0 - 东莞市华复实业有限公司-万魔声学PCBA自动测试系统 V1.01
2021-03-04 19:39:39,509 [FormStudio] INFO  UiInfo AILinkFactoryAuto.View.FormStudio FormStudio_Shown 0 - V1.01
2021-03-04 19:39:39,514 [FormStudio] INFO  UiInfo AILinkFactoryAuto.View.FormMain FormMain_Shown 0 - DUT1
2021-03-04 19:39:39,515 [FormStudio] INFO  UiInfo AILinkFactoryAuto.View.FormMain FormMain_Shown 0 - 加载测试序列=[\projects\SM005-\DUT1_WIFI-AP6255.jts]
2021-03-04 19:39:39,694 [FormStudio] INFO  UiInfo AILinkFactoryAuto.View.FormMain LoadJts 0 - 加载测试序列成功
2021-03-04 19:39:39,694 [FormStudio] INFO  UiInfo AILinkFactoryAuto.View.FormMain FormMain_Shown 0 - FormMain................Success!
2021-03-04 19:39:43,824 [FormStudio] INFO  UiInfo AILinkFactoryAuto.View.FormStudio FormStudio_Shown 476 - 
           _____ _      _       _    ______         _                                 _        _____ _             _ _       
     /\   |_   _| |    (_)     | |  |  ____|       | |                     /\        | |      / ____| |           | (_)      
    /  \    | | | |     _ _ __ | | _| |__ __ _  ___| |_ ___  _ __ _   _   /  \  _   _| |_ ___| (___ | |_ _   _  __| |_  ___  
   / /\ \   | | | |    | | '_ \| |/ /  __/ _` |/ __| __/ _ \| '__| | | | / /\ \| | | | __/ _ \\___ \| __| | | |/ _` | |/ _ \ 
  / ____ \ _| |_| |____| | | | |   <| | | (_| | (__| || (_) | |  | |_| |/ ____ \ |_| | || (_) |___) | |_| |_| | (_| | | (_) |
 /_/    \_\_____|______|_|_| |_|_|\_\_|  \__,_|\___|\__\___/|_|   \__, /_/    \_\__,_|\__\___/_____/ \__|\__,_|\__,_|_|\___/ 
                                                                   __/ |                                                     
                                                                  |___/                                                      

2021-03-04 19:39:43,841 [FormStudio] INFO  UiInfo AILinkFactoryAuto.View.FormStudio FormStudio_Shown 480 - 东莞市华复实业有限公司-万魔声学PCBA自动测试系统 V1.0.3
2021-03-04 19:39:43,841 [FormStudio] INFO  UiInfo AILinkFactoryAuto.View.FormStudio FormStudio_Shown 481 - V1.0.3
2021-03-04 19:39:43,847 [FormStudio] INFO  UiInfo AILinkFactoryAuto.View.FormMain FormMain_Shown 230 - DUT1
2021-03-04 19:39:43,848 [FormStudio] INFO  UiInfo AILinkFactoryAuto.View.FormMain FormMain_Shown 233 - 加载测试序列=[\projects\SM005-\DUT1_WIFI-AP6255.jts]
2021-03-04 19:39:44,026 [FormStudio] INFO  UiInfo AILinkFactoryAuto.View.FormMain LoadJts 272 - 加载测试序列成功
2021-03-04 19:39:44,026 [FormStudio] INFO  UiInfo AILinkFactoryAuto.View.FormMain FormMain_Shown 236 - FormMain................Success!
2021-03-04 19:39:50,688 [FormStudio] INFO  UiInfo AILinkFactoryAuto.View.FormMain LoadJts 272 - 加载测试序列成功
2021-03-04 19:39:50,692 [FormStudio] INFO  UiInfo AILinkFactoryAuto.View.FormMain FormMain_Shown 230 - DUT1
2021-03-04 19:39:50,692 [FormStudio] INFO  UiInfo AILinkFactoryAuto.View.FormMain FormMain_Shown 233 - 加载测试序列=[\projects\SM005-\DUT1_WIFI-AP6255.jts]
2021-03-04 19:39:50,693 [FormStudio] INFO  UiInfo AILinkFactoryAuto.View.FormMain LoadJts 272 - 加载测试序列成功
2021-03-04 19:39:50,693 [FormStudio] INFO  UiInfo AILinkFactoryAuto.View.FormMain FormMain_Shown 236 - FormMain................Success!
