2021-03-17 20:53:53,106 [FormStudio] INFO  UiInfo AILinkFactoryAuto.View.FormStudio FormStudio_Shown 476 - 
           _____ _      _       _    ______         _                                 _        _____ _             _ _       
     /\   |_   _| |    (_)     | |  |  ____|       | |                     /\        | |      / ____| |           | (_)      
    /  \    | | | |     _ _ __ | | _| |__ __ _  ___| |_ ___  _ __ _   _   /  \  _   _| |_ ___| (___ | |_ _   _  __| |_  ___  
   / /\ \   | | | |    | | '_ \| |/ /  __/ _` |/ __| __/ _ \| '__| | | | / /\ \| | | | __/ _ \\___ \| __| | | |/ _` | |/ _ \ 
  / ____ \ _| |_| |____| | | | |   <| | | (_| | (__| || (_) | |  | |_| |/ ____ \ |_| | || (_) |___) | |_| |_| | (_| | | (_) |
 /_/    \_\_____|______|_|_| |_|_|\_\_|  \__,_|\___|\__\___/|_|   \__, /_/    \_\__,_|\__\___/_____/ \__|\__,_|\__,_|_|\___/ 
                                                                   __/ |                                                     
                                                                  |___/                                                      

2021-03-17 20:53:53,159 [FormStudio] INFO  UiInfo AILinkFactoryAuto.View.FormStudio FormStudio_Shown 480 - 万魔声学SM005，SKG自动测试系统 V1.0.0
2021-03-17 20:53:53,160 [FormStudio] INFO  UiInfo AILinkFactoryAuto.View.FormStudio FormStudio_Shown 481 - V1.0.0
2021-03-17 20:53:53,163 [FormStudio] INFO  UiInfo AILinkFactoryAuto.View.FormMain FormMain_Shown 230 - DUT1
2021-03-17 20:53:53,164 [FormStudio] INFO  UiInfo AILinkFactoryAuto.View.FormMain FormMain_Shown 233 - 加载测试序列=[\projects\SKG\DUT1_WIFI-AP6255.jts]
2021-03-17 20:53:53,468 [FormStudio] INFO  UiInfo AILinkFactoryAuto.View.FormMain LoadJts 272 - 加载测试序列成功
2021-03-17 20:53:53,469 [FormStudio] INFO  UiInfo AILinkFactoryAuto.View.FormMain FormMain_Shown 236 - FormMain................Success!
2021-03-17 20:53:58,336 [FormStudio] INFO  UiInfo AILinkFactoryAuto.View.FormStudio TsmDeleteLayout_Click 222 - delete layout ./projects/layout.xml success
2021-03-17 20:54:15,423 [FormStudio] INFO  UiInfo AILinkFactoryAuto.View.FormMain FormMain_Shown 230 - DUT1
2021-03-17 20:54:15,424 [FormStudio] INFO  UiInfo AILinkFactoryAuto.View.FormMain FormMain_Shown 233 - 加载测试序列=[\projects\SKG\DUT1_SKG.jts]
2021-03-17 20:54:15,426 [FormStudio] INFO  UiInfo AILinkFactoryAuto.View.FormMain LoadJts 272 - 加载测试序列成功
2021-03-17 20:54:15,426 [FormStudio] INFO  UiInfo AILinkFactoryAuto.View.FormMain FormMain_Shown 236 - FormMain................Success!
2021-03-17 20:54:15,471 [FormStudio] INFO  UiInfo AILinkFactoryAuto.View.FormMain FormMain_Shown 230 - DUT1
2021-03-17 20:54:15,472 [FormStudio] INFO  UiInfo AILinkFactoryAuto.View.FormMain FormMain_Shown 233 - 加载测试序列=[\projects\SKG\DUT1_WIFI-AP6255.jts]
2021-03-17 20:54:15,473 [FormStudio] INFO  UiInfo AILinkFactoryAuto.View.FormMain LoadJts 272 - 加载测试序列成功
2021-03-17 20:54:15,476 [FormStudio] INFO  UiInfo AILinkFactoryAuto.View.FormMain FormMain_Shown 236 - FormMain................Success!
2021-03-17 20:54:50,532 [FormStudio] INFO  UiInfo AILinkFactoryAuto.View.FormStudio FormStudio_Shown 476 - 
           _____ _      _       _    ______         _                                 _        _____ _             _ _       
     /\   |_   _| |    (_)     | |  |  ____|       | |                     /\        | |      / ____| |           | (_)      
    /  \    | | | |     _ _ __ | | _| |__ __ _  ___| |_ ___  _ __ _   _   /  \  _   _| |_ ___| (___ | |_ _   _  __| |_  ___  
   / /\ \   | | | |    | | '_ \| |/ /  __/ _` |/ __| __/ _ \| '__| | | | / /\ \| | | | __/ _ \\___ \| __| | | |/ _` | |/ _ \ 
  / ____ \ _| |_| |____| | | | |   <| | | (_| | (__| || (_) | |  | |_| |/ ____ \ |_| | || (_) |___) | |_| |_| | (_| | | (_) |
 /_/    \_\_____|______|_|_| |_|_|\_\_|  \__,_|\___|\__\___/|_|   \__, /_/    \_\__,_|\__\___/_____/ \__|\__,_|\__,_|_|\___/ 
                                                                   __/ |                                                     
                                                                  |___/                                                      

2021-03-17 20:54:50,563 [FormStudio] INFO  UiInfo AILinkFactoryAuto.View.FormStudio FormStudio_Shown 480 - 万魔声学SM005，SKG自动测试系统 V1.0.0
2021-03-17 20:54:50,583 [FormStudio] INFO  UiInfo AILinkFactoryAuto.View.FormStudio FormStudio_Shown 481 - V1.0.0
2021-03-17 20:54:50,592 [FormStudio] INFO  UiInfo AILinkFactoryAuto.View.FormLog FormLog_Shown 44 - FormLog................Success!
2021-03-17 20:54:50,598 [FormStudio] INFO  UiInfo AILinkFactoryAuto.View.FormMain FormMain_Shown 230 - DUT1
2021-03-17 20:54:50,602 [FormStudio] INFO  UiInfo AILinkFactoryAuto.View.FormMain FormMain_Shown 233 - 加载测试序列=[\projects\SKG\DUT1_SKG.jts]
2021-03-17 20:54:50,820 [FormStudio] INFO  UiInfo AILinkFactoryAuto.View.FormMain LoadJts 272 - 加载测试序列成功
2021-03-17 20:54:50,845 [FormStudio] INFO  UiInfo AILinkFactoryAuto.View.FormMain FormMain_Shown 236 - FormMain................Success!
2021-03-17 20:55:00,920 [FormStudio] INFO  UiInfo AILinkFactoryAuto.View.FormStudio TsmSaveLayout_Click 422 - save layout ./projects/layout.xml success
2021-03-17 20:59:44,730 [FormStudio] INFO  UiInfo AILinkFactoryAuto.View.FormMain LoadJts 272 - 加载测试序列成功
2021-03-17 20:59:44,734 [FormStudio] INFO  UiInfo AILinkFactoryAuto.View.FormMain FormMain_Shown 230 - DUT1
2021-03-17 20:59:44,741 [FormStudio] INFO  UiInfo AILinkFactoryAuto.View.FormMain FormMain_Shown 233 - 加载测试序列=[\projects\SKG\DUT1_SKG.jts]
2021-03-17 20:59:44,744 [FormStudio] INFO  UiInfo AILinkFactoryAuto.View.FormMain LoadJts 272 - 加载测试序列成功
2021-03-17 20:59:44,746 [FormStudio] INFO  UiInfo AILinkFactoryAuto.View.FormMain FormMain_Shown 236 - FormMain................Success!
2021-03-17 20:59:53,758 [FormStudio] INFO  UiInfo AILinkFactoryAuto.View.FormStudio FormStudio_Shown 476 - 
           _____ _      _       _    ______         _                                 _        _____ _             _ _       
     /\   |_   _| |    (_)     | |  |  ____|       | |                     /\        | |      / ____| |           | (_)      
    /  \    | | | |     _ _ __ | | _| |__ __ _  ___| |_ ___  _ __ _   _   /  \  _   _| |_ ___| (___ | |_ _   _  __| |_  ___  
   / /\ \   | | | |    | | '_ \| |/ /  __/ _` |/ __| __/ _ \| '__| | | | / /\ \| | | | __/ _ \\___ \| __| | | |/ _` | |/ _ \ 
  / ____ \ _| |_| |____| | | | |   <| | | (_| | (__| || (_) | |  | |_| |/ ____ \ |_| | || (_) |___) | |_| |_| | (_| | | (_) |
 /_/    \_\_____|______|_|_| |_|_|\_\_|  \__,_|\___|\__\___/|_|   \__, /_/    \_\__,_|\__\___/_____/ \__|\__,_|\__,_|_|\___/ 
                                                                   __/ |                                                     
                                                                  |___/                                                      

2021-03-17 20:59:53,800 [FormStudio] INFO  UiInfo AILinkFactoryAuto.View.FormStudio FormStudio_Shown 480 - 东莞市华复实业有限公司-万魔声学PCBA自动测试系统 V1.0.3
2021-03-17 20:59:53,801 [FormStudio] INFO  UiInfo AILinkFactoryAuto.View.FormStudio FormStudio_Shown 481 - V1.0.3
2021-03-17 20:59:53,822 [FormStudio] INFO  UiInfo AILinkFactoryAuto.View.FormMain FormMain_Shown 230 - DUT1
2021-03-17 20:59:53,823 [FormStudio] INFO  UiInfo AILinkFactoryAuto.View.FormMain FormMain_Shown 233 - 加载测试序列=[\projects\SKG\DUT1_SKG.jts]
