2021-03-08 15:30:45,743 [FormStudio] INFO  UiInfo AILinkFactoryAuto.View.FormStudio FormStudio_Shown 476 - 
           _____ _      _       _    ______         _                                 _        _____ _             _ _       
     /\   |_   _| |    (_)     | |  |  ____|       | |                     /\        | |      / ____| |           | (_)      
    /  \    | | | |     _ _ __ | | _| |__ __ _  ___| |_ ___  _ __ _   _   /  \  _   _| |_ ___| (___ | |_ _   _  __| |_  ___  
   / /\ \   | | | |    | | '_ \| |/ /  __/ _` |/ __| __/ _ \| '__| | | | / /\ \| | | | __/ _ \\___ \| __| | | |/ _` | |/ _ \ 
  / ____ \ _| |_| |____| | | | |   <| | | (_| | (__| || (_) | |  | |_| |/ ____ \ |_| | || (_) |___) | |_| |_| | (_| | | (_) |
 /_/    \_\_____|______|_|_| |_|_|\_\_|  \__,_|\___|\__\___/|_|   \__, /_/    \_\__,_|\__\___/_____/ \__|\__,_|\__,_|_|\___/ 
                                                                   __/ |                                                     
                                                                  |___/                                                      

2021-03-08 15:30:45,763 [FormStudio] INFO  UiInfo AILinkFactoryAuto.View.FormStudio FormStudio_Shown 480 - 东莞市华复实业有限公司-万魔声学PCBA自动测试系统 V1.0.3
2021-03-08 15:30:45,764 [FormStudio] INFO  UiInfo AILinkFactoryAuto.View.FormStudio FormStudio_Shown 481 - V1.0.3
2021-03-08 15:30:45,770 [FormStudio] INFO  UiInfo AILinkFactoryAuto.View.FormMain FormMain_Shown 230 - DUT1
2021-03-08 15:30:45,771 [FormStudio] INFO  UiInfo AILinkFactoryAuto.View.FormMain FormMain_Shown 233 - 加载测试序列=[\projects\SM005-BT-TEST\DUT1_WIFI-AP6255.jts]
2021-03-08 15:30:46,074 [FormStudio] INFO  UiInfo AILinkFactoryAuto.View.FormMain LoadJts 272 - 加载测试序列成功
2021-03-08 15:30:46,074 [FormStudio] INFO  UiInfo AILinkFactoryAuto.View.FormMain FormMain_Shown 236 - FormMain................Success!
2021-03-08 15:58:57,638 [FormStudio] INFO  UiInfo AILinkFactoryAuto.View.FormStudio FormStudio_Shown 476 - 
           _____ _      _       _    ______         _                                 _        _____ _             _ _       
     /\   |_   _| |    (_)     | |  |  ____|       | |                     /\        | |      / ____| |           | (_)      
    /  \    | | | |     _ _ __ | | _| |__ __ _  ___| |_ ___  _ __ _   _   /  \  _   _| |_ ___| (___ | |_ _   _  __| |_  ___  
   / /\ \   | | | |    | | '_ \| |/ /  __/ _` |/ __| __/ _ \| '__| | | | / /\ \| | | | __/ _ \\___ \| __| | | |/ _` | |/ _ \ 
  / ____ \ _| |_| |____| | | | |   <| | | (_| | (__| || (_) | |  | |_| |/ ____ \ |_| | || (_) |___) | |_| |_| | (_| | | (_) |
 /_/    \_\_____|______|_|_| |_|_|\_\_|  \__,_|\___|\__\___/|_|   \__, /_/    \_\__,_|\__\___/_____/ \__|\__,_|\__,_|_|\___/ 
                                                                   __/ |                                                     
                                                                  |___/                                                      

2021-03-08 15:58:57,659 [FormStudio] INFO  UiInfo AILinkFactoryAuto.View.FormStudio FormStudio_Shown 480 - 东莞市华复实业有限公司-万魔声学PCBA自动测试系统 V1.0.3
2021-03-08 15:58:57,659 [FormStudio] INFO  UiInfo AILinkFactoryAuto.View.FormStudio FormStudio_Shown 481 - V1.0.3
2021-03-08 15:58:57,666 [FormStudio] INFO  UiInfo AILinkFactoryAuto.View.FormMain FormMain_Shown 230 - DUT1
2021-03-08 15:58:57,667 [FormStudio] INFO  UiInfo AILinkFactoryAuto.View.FormMain FormMain_Shown 233 - 加载测试序列=[\projects\SM005-BT-TEST\DUT1_WIFI-AP6255.jts]
2021-03-08 15:58:57,973 [FormStudio] INFO  UiInfo AILinkFactoryAuto.View.FormMain LoadJts 272 - 加载测试序列成功
2021-03-08 15:58:57,973 [FormStudio] INFO  UiInfo AILinkFactoryAuto.View.FormMain FormMain_Shown 236 - FormMain................Success!
2021-03-08 15:59:12,831 [Thread-DUT1] INFO  UiDebug AILinkFactoryAuto.Core.Log Info 32 - 
     ***********************************************************************
     ***********************************************************************
     ***********                                                  **********
     ***********                  FactoryAuto                     **********
     ***********                  Huafuu                          **********
     ***********                                                  **********
     ***********                                                  **********
     ***********************************************************************
     ***********************************************************************
     Test Date: 2021-03-08, Test Time: 15:59:12


2021-03-08 15:59:12,878 [Thread-DUT1] INFO  UiDebug AILinkFactoryAuto.Core.Log Info 32 - 1 Init
2021-03-08 15:59:12,895 [Thread-DUT1] INFO  UiDebug AILinkFactoryAuto.Task.Executer.InitExecuter Run 0 - Start Init......
2021-03-08 15:59:12,900 [Thread-DUT1] INFO  UiDebug AILinkFactoryAuto.Core.Log Pass 49 - TestTime:24.931ms
                                                                        PASS
2021-03-08 15:59:12,963 [Thread-DUT1] INFO  UiDebug AILinkFactoryAuto.Core.Log Info 32 - 19 蓝牙配对测试
2021-03-08 15:59:23,404 [Thread-DUT1] INFO  UiDebug AILinkFactoryAuto.Core.Log Info 32 - DeviceName:AC:71:0C:EE:DB:BD,DeviceAddress:AC710CEEDBBD
2021-03-08 15:59:23,422 [Thread-DUT1] INFO  UiDebug AILinkFactoryAuto.Core.Log Info 32 - DeviceName:Mi Outdoor Bluetooth Speaker,DeviceAddress:1895526CCD7B
2021-03-08 15:59:23,435 [Thread-DUT1] INFO  UiDebug AILinkFactoryAuto.Core.Log Info 32 - DeviceName:OPPO A11,DeviceAddress:A4C9395CF83C
2021-03-08 15:59:23,444 [Thread-DUT1] INFO  UiDebug AILinkFactoryAuto.Core.Log Info 32 - DeviceName:MEIZU,DeviceAddress:90F052A67D9F
2021-03-08 15:59:23,454 [Thread-DUT1] INFO  UiDebug AILinkFactoryAuto.Core.Log Info 32 - DeviceName:MAIMANG 8,DeviceAddress:D462EA5607CB
2021-03-08 15:59:23,466 [Thread-DUT1] INFO  UiDebug AILinkFactoryAuto.Core.Log Info 32 - DeviceName:2327608081的Redmi K20 Pro,DeviceAddress:E0DCFFDD4980
2021-03-08 15:59:23,489 [Thread-DUT1] INFO  UiDebug AILinkFactoryAuto.Core.Log Info 32 - DeviceName:DESKTOP-Q8N6PAP,DeviceAddress:EC5C68B78B74
2021-03-08 15:59:23,503 [Thread-DUT1] INFO  UiDebug AILinkFactoryAuto.Core.Log Info 32 - DeviceName:chunxu,DeviceAddress:F460E2713303
2021-03-08 15:59:23,518 [Thread-DUT1] INFO  UiDebug AILinkFactoryAuto.Core.Log Info 32 - DeviceName:OPPO A5,DeviceAddress:C02E250090A2
2021-03-08 15:59:23,529 [Thread-DUT1] INFO  UiDebug AILinkFactoryAuto.Core.Log Info 32 - DeviceName:原来是阿源呐的Mi 10,DeviceAddress:582059B829DD
