2021-03-31 22:01:09,181 [FormStudio] INFO  UiInfo AILinkFactoryAuto.View.FormMain LoadJts 0 - 加载测试序列成功
2021-03-31 22:01:09,200 [FormStudio] INFO  UiInfo AILinkFactoryAuto.View.FormMain FormMain_Shown 0 - DUT1
2021-03-31 22:01:09,200 [FormStudio] INFO  UiInfo AILinkFactoryAuto.View.FormMain FormMain_Shown 0 - 加载测试序列=[\projects\SKG\DUT1_SKGtest.jts]
2021-03-31 22:01:09,205 [FormStudio] INFO  UiInfo AILinkFactoryAuto.View.FormMain LoadJts 0 - 加载测试序列成功
2021-03-31 22:01:09,206 [FormStudio] INFO  UiInfo AILinkFactoryAuto.View.FormMain FormMain_Shown 0 - FormMain................Success!
2021-03-31 22:30:30,256 [FormStudio] INFO  UiInfo AILinkFactoryAuto.View.FormStudio FormStudio_Shown 0 - 
           _____ _      _       _    ______         _                                 _        _____ _             _ _       
     /\   |_   _| |    (_)     | |  |  ____|       | |                     /\        | |      / ____| |           | (_)      
    /  \    | | | |     _ _ __ | | _| |__ __ _  ___| |_ ___  _ __ _   _   /  \  _   _| |_ ___| (___ | |_ _   _  __| |_  ___  
   / /\ \   | | | |    | | '_ \| |/ /  __/ _` |/ __| __/ _ \| '__| | | | / /\ \| | | | __/ _ \\___ \| __| | | |/ _` | |/ _ \ 
  / ____ \ _| |_| |____| | | | |   <| | | (_| | (__| || (_) | |  | |_| |/ ____ \ |_| | || (_) |___) | |_| |_| | (_| | | (_) |
 /_/    \_\_____|______|_|_| |_|_|\_\_|  \__,_|\___|\__\___/|_|   \__, /_/    \_\__,_|\__\___/_____/ \__|\__,_|\__,_|_|\___/ 
                                                                   __/ |                                                     
                                                                  |___/                                                      

2021-03-31 22:30:30,292 [FormStudio] INFO  UiInfo AILinkFactoryAuto.View.FormStudio FormStudio_Shown 0 - 万魔声学SM005，SKG自动测试系统 V1.0.1
2021-03-31 22:30:30,298 [FormStudio] INFO  UiInfo AILinkFactoryAuto.View.FormStudio FormStudio_Shown 0 - V1.0.1
2021-03-31 22:30:30,305 [FormStudio] INFO  UiInfo AILinkFactoryAuto.View.FormLog FormLog_Shown 0 - FormLog................Success!
2021-03-31 22:30:30,314 [FormStudio] INFO  UiInfo AILinkFactoryAuto.View.FormMain FormMain_Shown 0 - DUT1
2021-03-31 22:30:30,317 [FormStudio] INFO  UiInfo AILinkFactoryAuto.View.FormMain FormMain_Shown 0 - 加载测试序列=[\projects\SKG\DUT1_SKGtest.jts]
2021-03-31 22:30:30,687 [FormStudio] INFO  UiInfo AILinkFactoryAuto.View.FormMain LoadJts 0 - 加载测试序列成功
2021-03-31 22:30:30,701 [FormStudio] INFO  UiInfo AILinkFactoryAuto.View.FormMain FormMain_Shown 0 - FormMain................Success!
2021-03-31 22:54:29,465 [FormStudio] INFO  UiInfo AILinkFactoryAuto.View.FormStudio FormStudio_Shown 0 - 
           _____ _      _       _    ______         _                                 _        _____ _             _ _       
     /\   |_   _| |    (_)     | |  |  ____|       | |                     /\        | |      / ____| |           | (_)      
    /  \    | | | |     _ _ __ | | _| |__ __ _  ___| |_ ___  _ __ _   _   /  \  _   _| |_ ___| (___ | |_ _   _  __| |_  ___  
   / /\ \   | | | |    | | '_ \| |/ /  __/ _` |/ __| __/ _ \| '__| | | | / /\ \| | | | __/ _ \\___ \| __| | | |/ _` | |/ _ \ 
  / ____ \ _| |_| |____| | | | |   <| | | (_| | (__| || (_) | |  | |_| |/ ____ \ |_| | || (_) |___) | |_| |_| | (_| | | (_) |
 /_/    \_\_____|______|_|_| |_|_|\_\_|  \__,_|\___|\__\___/|_|   \__, /_/    \_\__,_|\__\___/_____/ \__|\__,_|\__,_|_|\___/ 
                                                                   __/ |                                                     
                                                                  |___/                                                      

2021-03-31 22:54:29,503 [FormStudio] INFO  UiInfo AILinkFactoryAuto.View.FormStudio FormStudio_Shown 0 - 万魔声学SM005，SKG自动测试系统 V1.0.1
2021-03-31 22:54:29,507 [FormStudio] INFO  UiInfo AILinkFactoryAuto.View.FormStudio FormStudio_Shown 0 - V1.0.1
2021-03-31 22:54:29,515 [FormStudio] INFO  UiInfo AILinkFactoryAuto.View.FormLog FormLog_Shown 0 - FormLog................Success!
2021-03-31 22:54:29,520 [FormStudio] INFO  UiInfo AILinkFactoryAuto.View.FormMain FormMain_Shown 0 - DUT1
2021-03-31 22:54:29,524 [FormStudio] INFO  UiInfo AILinkFactoryAuto.View.FormMain FormMain_Shown 0 - 加载测试序列=[\projects\SKG\DUT1_SKGtest.jts]
2021-03-31 22:54:29,762 [FormStudio] INFO  UiInfo AILinkFactoryAuto.View.FormMain LoadJts 0 - 加载测试序列成功
2021-03-31 22:54:29,781 [FormStudio] INFO  UiInfo AILinkFactoryAuto.View.FormMain FormMain_Shown 0 - FormMain................Success!
