2021-03-20 12:11:51,998 [FormStudio] INFO  UiInfo AILinkFactoryAuto.View.FormStudio FormStudio_Shown 0 - 
           _____ _      _       _    ______         _                                 _        _____ _             _ _       
     /\   |_   _| |    (_)     | |  |  ____|       | |                     /\        | |      / ____| |           | (_)      
    /  \    | | | |     _ _ __ | | _| |__ __ _  ___| |_ ___  _ __ _   _   /  \  _   _| |_ ___| (___ | |_ _   _  __| |_  ___  
   / /\ \   | | | |    | | '_ \| |/ /  __/ _` |/ __| __/ _ \| '__| | | | / /\ \| | | | __/ _ \\___ \| __| | | |/ _` | |/ _ \ 
  / ____ \ _| |_| |____| | | | |   <| | | (_| | (__| || (_) | |  | |_| |/ ____ \ |_| | || (_) |___) | |_| |_| | (_| | | (_) |
 /_/    \_\_____|______|_|_| |_|_|\_\_|  \__,_|\___|\__\___/|_|   \__, /_/    \_\__,_|\__\___/_____/ \__|\__,_|\__,_|_|\___/ 
                                                                   __/ |                                                     
                                                                  |___/                                                      

2021-03-20 12:11:52,038 [FormStudio] INFO  UiInfo AILinkFactoryAuto.View.FormStudio FormStudio_Shown 0 - 万魔声学SM005，SKG自动测试系统 V1.0.0
2021-03-20 12:11:52,038 [FormStudio] INFO  UiInfo AILinkFactoryAuto.View.FormStudio FormStudio_Shown 0 - V1.0.0
2021-03-20 12:11:52,043 [FormStudio] INFO  UiInfo AILinkFactoryAuto.View.FormMain FormMain_Shown 0 - DUT1
2021-03-20 12:11:52,044 [FormStudio] INFO  UiInfo AILinkFactoryAuto.View.FormMain FormMain_Shown 0 - 加载测试序列=[\projects\SKG-TEST\DUT1_SKGtest.jts]
2021-03-20 12:11:52,451 [FormStudio] INFO  UiInfo AILinkFactoryAuto.View.FormMain LoadJts 0 - 加载测试序列成功
2021-03-20 12:11:52,451 [FormStudio] INFO  UiInfo AILinkFactoryAuto.View.FormMain FormMain_Shown 0 - FormMain................Success!
2021-03-20 12:12:18,901 [FormStudio] INFO  UiInfo AILinkFactoryAuto.View.FormMain LoadJts 0 - 加载测试序列成功
2021-03-20 12:12:18,902 [FormStudio] INFO  UiInfo AILinkFactoryAuto.View.FormMain FormMain_Shown 0 - DUT1
2021-03-20 12:12:18,902 [FormStudio] INFO  UiInfo AILinkFactoryAuto.View.FormMain FormMain_Shown 0 - 加载测试序列=[\projects\SKG-TEST\DUT1_SKGtest.jts]
2021-03-20 12:12:18,904 [FormStudio] INFO  UiInfo AILinkFactoryAuto.View.FormMain LoadJts 0 - 加载测试序列成功
2021-03-20 12:12:18,904 [FormStudio] INFO  UiInfo AILinkFactoryAuto.View.FormMain FormMain_Shown 0 - FormMain................Success!
2021-03-20 12:13:00,825 [Thread-DUT1] INFO  UiDebug AILinkFactoryAuto.Core.Log Info 0 - 
     ***********************************************************************
     ***********************************************************************
     ***********                                                  **********
     ***********                  FactoryAuto                     **********
     ***********                  Huafuu                          **********
     ***********                                                  **********
     ***********                                                  **********
     ***********************************************************************
     ***********************************************************************
     Test Date: 2021-03-20, Test Time: 12:13:00


2021-03-20 12:13:00,879 [Thread-DUT1] INFO  UiDebug AILinkFactoryAuto.Core.Log Info 0 - 1 Init
2021-03-20 12:13:00,894 [Thread-DUT1] INFO  UiDebug AILinkFactoryAuto.Task.Executer.InitExecuter Run 0 - Start Init......
2021-03-20 12:13:00,902 [Thread-DUT1] INFO  UiDebug AILinkFactoryAuto.Core.Log Pass 0 - TestTime:24.9337ms
                                                                        PASS
2021-03-20 12:13:00,915 [Thread-DUT1] INFO  UiDebug AILinkFactoryAuto.Core.Log Info 0 - 2 扫码枪扫描标签
2021-03-20 12:13:00,961 [Thread-DUT1] INFO  UiDebug AILinkFactoryAuto.Core.Log Info 0 - IMEI=
2021-03-20 12:13:00,974 [Thread-DUT1] INFO  UiDebug AILinkFactoryAuto.Core.Log Info 0 - MEID=
2021-03-20 12:13:00,989 [Thread-DUT1] INFO  UiDebug AILinkFactoryAuto.Core.Log Info 0 - SN=
2021-03-20 12:13:00,999 [Thread-DUT1] INFO  UiDebug AILinkFactoryAuto.Core.Log Info 0 - MAC=
2021-03-20 12:13:01,008 [Thread-DUT1] INFO  UiDebug AILinkFactoryAuto.Core.Log Pass 0 - TestTime:94.5382ms
                                                                        PASS
2021-03-20 12:13:01,026 [Thread-DUT1] INFO  UiDebug AILinkFactoryAuto.Core.Log Info 0 - 3 打开SKG主串口
2021-03-20 12:13:01,166 [Thread-DUT1] INFO  UiDebug AILinkFactoryAuto.Core.Log Pass 0 - TestTime:144.0145ms
                                                                        PASS
2021-03-20 12:13:01,198 [Thread-DUT1] INFO  UiDebug AILinkFactoryAuto.Core.Log Info 0 - 4 打开采集板卡串口
2021-03-20 12:13:01,344 [Thread-DUT1] INFO  UiDebug AILinkFactoryAuto.Core.Log Pass 0 - TestTime:147.2705ms
                                                                        PASS
2021-03-20 12:13:01,362 [Thread-DUT1] INFO  UiDebug AILinkFactoryAuto.Core.Log Info 0 - 7 发送SKG查询指令
2021-03-20 12:13:01,391 [Thread-DUT1] INFO  UiDebug AILinkFactoryAuto.Core.Log Info 0 - Tx:A5 C3 00 11 00 00 00 37 FF FF FF FF FF FF FF FF 40 
2021-03-20 12:13:13,109 [Thread-DUT1] INFO  UiDebug AILinkFactoryAuto.Core.Log Info 0 - 超时：System.Func`1[System.Boolean]
2021-03-20 12:13:13,137 [Thread-DUT1] ERROR UiDebug AILinkFactoryAuto.View.FormMain Run 0 - AILinkFactoryAuto.Task.BaseException: 超时：System.Func`1[System.Boolean]
   在 AILinkFactoryAuto.Utils.TimeUtils.Execute(Func`1 func, Int32 ms, Int32 interval)
   在 AILinkFactoryAuto.Task.SmartBracelet.Executer.SKGExecuter.Run(IProperties properties, GlobalDic`2 globalDic) 位置 F:\2_工作和软件\1_工作存档\02Ohters\SKG\code\WF-RTL8720N\SmartBraceletCheck\SmartBracelet\Executer\SKGExecuter.cs:行号 171
   在 AILinkFactoryAuto.View.FormMain.Run()
2021-03-20 12:13:13,350 [Thread-DUT1] WARN  UiDebug AILinkFactoryAuto.Core.Log Warn 0 - 重试第1次
2021-03-20 12:13:13,374 [Thread-DUT1] INFO  UiDebug AILinkFactoryAuto.Core.Log Info 0 - Tx:A5 C3 00 11 00 00 00 37 FF FF FF FF FF FF FF FF 40 
2021-03-20 12:13:13,900 [Thread-DUT1] INFO  UiDebug AILinkFactoryAuto.Core.Log Info 0 - CMD Type Error
2021-03-20 12:14:04,118 [FormStudio] INFO  UiInfo AILinkFactoryAuto.View.FormStudio FormStudio_Shown 0 - 
           _____ _      _       _    ______         _                                 _        _____ _             _ _       
     /\   |_   _| |    (_)     | |  |  ____|       | |                     /\        | |      / ____| |           | (_)      
    /  \    | | | |     _ _ __ | | _| |__ __ _  ___| |_ ___  _ __ _   _   /  \  _   _| |_ ___| (___ | |_ _   _  __| |_  ___  
   / /\ \   | | | |    | | '_ \| |/ /  __/ _` |/ __| __/ _ \| '__| | | | / /\ \| | | | __/ _ \\___ \| __| | | |/ _` | |/ _ \ 
  / ____ \ _| |_| |____| | | | |   <| | | (_| | (__| || (_) | |  | |_| |/ ____ \ |_| | || (_) |___) | |_| |_| | (_| | | (_) |
 /_/    \_\_____|______|_|_| |_|_|\_\_|  \__,_|\___|\__\___/|_|   \__, /_/    \_\__,_|\__\___/_____/ \__|\__,_|\__,_|_|\___/ 
                                                                   __/ |                                                     
                                                                  |___/                                                      

2021-03-20 12:14:04,135 [FormStudio] INFO  UiInfo AILinkFactoryAuto.View.FormStudio FormStudio_Shown 0 - 万魔声学SM005，SKG自动测试系统 V1.0.0
2021-03-20 12:14:04,136 [FormStudio] INFO  UiInfo AILinkFactoryAuto.View.FormStudio FormStudio_Shown 0 - V1.0.0
2021-03-20 12:14:04,140 [FormStudio] INFO  UiInfo AILinkFactoryAuto.View.FormMain FormMain_Shown 0 - DUT1
2021-03-20 12:14:04,140 [FormStudio] INFO  UiInfo AILinkFactoryAuto.View.FormMain FormMain_Shown 0 - 加载测试序列=[\projects\SKG-TEST\DUT1_SKGtest.jts]
2021-03-20 12:14:04,523 [FormStudio] INFO  UiInfo AILinkFactoryAuto.View.FormMain LoadJts 0 - 加载测试序列成功
2021-03-20 12:14:04,524 [FormStudio] INFO  UiInfo AILinkFactoryAuto.View.FormMain FormMain_Shown 0 - FormMain................Success!
2021-03-20 12:14:15,212 [Thread-DUT1] INFO  UiDebug AILinkFactoryAuto.Core.Log Info 0 - 
     ***********************************************************************
     ***********************************************************************
     ***********                                                  **********
     ***********                  FactoryAuto                     **********
     ***********                  Huafuu                          **********
     ***********                                                  **********
     ***********                                                  **********
     ***********************************************************************
     ***********************************************************************
     Test Date: 2021-03-20, Test Time: 12:14:15


2021-03-20 12:14:15,245 [Thread-DUT1] INFO  UiDebug AILinkFactoryAuto.Core.Log Info 0 - 1 Init
2021-03-20 12:14:15,261 [Thread-DUT1] INFO  UiDebug AILinkFactoryAuto.Task.Executer.InitExecuter Run 0 - Start Init......
2021-03-20 12:14:15,263 [Thread-DUT1] INFO  UiDebug AILinkFactoryAuto.Core.Log Pass 0 - TestTime:19.9463ms
                                                                        PASS
2021-03-20 12:14:15,285 [Thread-DUT1] INFO  UiDebug AILinkFactoryAuto.Core.Log Info 0 - 2 扫码枪扫描标签
2021-03-20 12:14:15,299 [Thread-DUT1] INFO  UiDebug AILinkFactoryAuto.Core.Log Info 0 - IMEI=
2021-03-20 12:14:15,308 [Thread-DUT1] INFO  UiDebug AILinkFactoryAuto.Core.Log Info 0 - MEID=
2021-03-20 12:14:15,317 [Thread-DUT1] INFO  UiDebug AILinkFactoryAuto.Core.Log Info 0 - SN=
2021-03-20 12:14:15,325 [Thread-DUT1] INFO  UiDebug AILinkFactoryAuto.Core.Log Info 0 - MAC=
2021-03-20 12:14:15,336 [Thread-DUT1] INFO  UiDebug AILinkFactoryAuto.Core.Log Pass 0 - TestTime:55.1986ms
                                                                        PASS
2021-03-20 12:14:15,351 [Thread-DUT1] INFO  UiDebug AILinkFactoryAuto.Core.Log Info 0 - 3 打开SKG主串口
2021-03-20 12:14:15,474 [Thread-DUT1] INFO  UiDebug AILinkFactoryAuto.Core.Log Pass 0 - TestTime:127.1214ms
                                                                        PASS
2021-03-20 12:14:15,488 [Thread-DUT1] INFO  UiDebug AILinkFactoryAuto.Core.Log Info 0 - 4 打开采集板卡串口
2021-03-20 12:14:15,613 [Thread-DUT1] INFO  UiDebug AILinkFactoryAuto.Core.Log Pass 0 - TestTime:125.5752ms
                                                                        PASS
2021-03-20 12:14:15,694 [Thread-DUT1] INFO  UiDebug AILinkFactoryAuto.Core.Log Info 0 - 7 发送SKG查询指令
2021-03-20 12:14:15,705 [Thread-DUT1] INFO  UiDebug AILinkFactoryAuto.Core.Log Info 0 - Tx:A5 C3 00 11 00 00 00 37 FF FF FF FF FF FF FF FF 40 
2021-03-20 12:14:16,239 [Thread-DUT1] INFO  UiDebug AILinkFactoryAuto.Core.Log Info 0 - Rx:A5 C3 00 5E 00 00 A0 37 FF FF FF 00 00 00 00 00 00 DB 2A 23 00 00 00 0A 23 1A 0C FF FF 00 00 00 00 00 00 10 82 80 00 32 32 33 33 34 34 35 35 36 36 31 31 42 00 00 00 00 00 00 00 00 00 00 00 FF FF FF FF FF FF FF FF FF FF FF FF FF FF FF FF FF FF FF FF FF FF FF FF 20 4B 35 2D 32 54 F8 
2021-03-20 12:14:16,267 [Thread-DUT1] INFO  UiDebug AILinkFactoryAuto.Core.Log Info 0 - 核验RX的校验位：正确,返回校验位:F8,计算校验位:F8
2021-03-20 12:14:16,345 [Thread-DUT1] INFO  UiDebug AILinkFactoryAuto.Core.Log Info 0 - 应答报文格式检查PASS
2021-03-20 12:14:16,380 [Thread-DUT1] INFO  UiDebug AILinkFactoryAuto.Core.Log Pass 0 - TestTime:687.2937ms
                                                                        PASS
2021-03-20 12:14:16,391 [Thread-DUT1] INFO  UiDebug AILinkFactoryAuto.Core.Log Info 0 - 8 检查SKG的查询内容
2021-03-20 12:14:16,414 [Thread-DUT1] INFO  UiDebug AILinkFactoryAuto.Core.Log Info 0 - 未完成过PCBA测试
2021-03-20 12:14:16,448 [Thread-DUT1] INFO  UiDebug AILinkFactoryAuto.Core.Log Info 0 - 未完成过整机测试
2021-03-20 12:14:16,460 [Thread-DUT1] INFO  UiDebug AILinkFactoryAuto.Core.Log Info 0 - 未完成过老化测试
2021-03-20 12:14:16,482 [Thread-DUT1] INFO  UiDebug AILinkFactoryAuto.Core.Log Info 0 - 硬件版本号:0000,与设置版本号:0000一致
2021-03-20 12:14:16,523 [Thread-DUT1] INFO  UiDebug AILinkFactoryAuto.Core.Log Info 0 - 软件版本号:00000000,与设置版本号:00000000一致
2021-03-20 12:14:16,545 [Thread-DUT1] INFO  UiDebug AILinkFactoryAuto.Core.Log Info 0 - MCU ID:DB2A230000000A231A0CFFFF
2021-03-20 12:14:16,562 [Thread-DUT1] INFO  UiDebug AILinkFactoryAuto.Core.Log Info 0 - BLE MAC:000000000000
2021-03-20 12:14:16,575 [Thread-DUT1] INFO  UiDebug AILinkFactoryAuto.Core.Log Info 0 - 电压值(mV)：：4226，在设定范围：500 ~ 5000之间 PASS 

2021-03-20 12:14:16,611 [Thread-DUT1] INFO  UiDebug AILinkFactoryAuto.Core.Log Info 0 - 固件名称:K5-2T,与设置固件名称:K5-2T一致
2021-03-20 12:14:16,643 [Thread-DUT1] INFO  UiDebug AILinkFactoryAuto.Core.Log Pass 0 - TestTime:252.6806ms
                                                                        PASS
2021-03-20 12:14:16,658 [Thread-DUT1] INFO  UiDebug AILinkFactoryAuto.Core.Log Info 0 - 9 SKG授权-PCBID授权
2021-03-20 12:14:16,682 [Thread-DUT1] INFO  UiDebug AILinkFactoryAuto.Core.Log Info 0 - Tx:A5 C3 00 23 00 00 00 23 02 0D 31 31 32 32 33 33 34 34 35 35 36 36 42 00 00 00 00 00 00 00 00 00 00 00 2B 
2021-03-20 12:14:17,206 [Thread-DUT1] INFO  UiDebug AILinkFactoryAuto.Core.Log Info 0 - Rx:A5 C3 00 35 00 00 A0 23 02 3D 31 31 32 32 33 33 34 34 35 35 36 36 42 00 00 00 00 00 00 00 00 00 00 00 DB 2A 23 00 00 00 0A 23 1A 0C FF FF 00 00 00 00 00 00 40 
2021-03-20 12:14:17,215 [Thread-DUT1] INFO  UiDebug AILinkFactoryAuto.Core.Log Info 0 - 核验RX的校验位：正确,返回校验位:40,计算校验位:40
2021-03-20 12:14:17,226 [Thread-DUT1] INFO  UiDebug AILinkFactoryAuto.Core.Log Info 0 - 应答报文格式检查PASS
2021-03-20 12:14:17,235 [Thread-DUT1] INFO  UiDebug AILinkFactoryAuto.Core.Log Info 0 - 回复的授权内容:313132323333343435353636420000000000000000000000
发送的授权内容:313132323333343435353636420000000000000000000000
一致
2021-03-20 12:14:17,251 [Thread-DUT1] INFO  UiDebug AILinkFactoryAuto.Core.Log Info 0 - MCU ID:DB2A230000000A231A0CFFFF
2021-03-20 12:14:17,262 [Thread-DUT1] INFO  UiDebug AILinkFactoryAuto.Core.Log Info 0 - BLE MAC:000000000000
2021-03-20 12:14:17,273 [Thread-DUT1] INFO  UiDebug AILinkFactoryAuto.Core.Log Info 0 - 授权成功
2021-03-20 12:14:17,288 [Thread-DUT1] INFO  UiDebug AILinkFactoryAuto.Core.Log Pass 0 - TestTime:629.8317ms
                                                                        PASS
2021-03-20 12:14:17,300 [Thread-DUT1] INFO  UiDebug AILinkFactoryAuto.Core.Log Info 0 - 10 回读确保授权写入成功-发送查询指令
2021-03-20 12:14:17,321 [Thread-DUT1] INFO  UiDebug AILinkFactoryAuto.Core.Log Info 0 - Tx:A5 C3 00 11 00 00 00 37 FF FF FF FF FF FF FF FF 40 
2021-03-20 12:14:17,833 [Thread-DUT1] INFO  UiDebug AILinkFactoryAuto.Core.Log Info 0 - 核验RX的校验位：错误,返回校验位:93,计算校验位:F8
2021-03-20 12:14:18,856 [Thread-DUT1] INFO  UiDebug AILinkFactoryAuto.Core.Log Info 0 - 超时：System.Func`1[System.Boolean]
2021-03-20 12:14:18,880 [Thread-DUT1] ERROR UiDebug AILinkFactoryAuto.View.FormMain Run 0 - AILinkFactoryAuto.Task.BaseException: 超时：System.Func`1[System.Boolean]
   在 AILinkFactoryAuto.Utils.TimeUtils.Execute(Func`1 func, Int32 ms, Int32 interval)
   在 AILinkFactoryAuto.Task.SmartBracelet.Executer.SKGExecuter.Run(IProperties properties, GlobalDic`2 globalDic) 位置 F:\2_工作和软件\1_工作存档\02Ohters\SKG\code\WF-RTL8720N\SmartBraceletCheck\SmartBracelet\Executer\SKGExecuter.cs:行号 171
   在 AILinkFactoryAuto.View.FormMain.Run()
2021-03-20 12:14:19,087 [Thread-DUT1] WARN  UiDebug AILinkFactoryAuto.Core.Log Warn 0 - 重试第1次
2021-03-20 12:14:19,114 [Thread-DUT1] INFO  UiDebug AILinkFactoryAuto.Core.Log Info 0 - Tx:A5 C3 00 11 00 00 00 37 FF FF FF FF FF FF FF FF 40 
2021-03-20 12:14:19,647 [Thread-DUT1] INFO  UiDebug AILinkFactoryAuto.Core.Log Info 0 - Rx:A5 C3 00 5E 00 00 A0 37 FF FF FF 00 00 00 00 00 00 DB 2A 23 00 00 00 0A 23 1A 0C FF FF 00 00 00 00 00 00 10 82 80 00 31 31 32 32 33 33 34 34 35 35 36 36 42 00 00 00 00 00 00 00 00 00 00 00 FF FF FF FF FF FF FF FF FF FF FF FF FF FF FF FF FF FF FF FF FF FF FF FF 20 4B 35 2D 32 54 F8 
2021-03-20 12:14:19,666 [Thread-DUT1] INFO  UiDebug AILinkFactoryAuto.Core.Log Info 0 - 核验RX的校验位：正确,返回校验位:F8,计算校验位:F8
2021-03-20 12:14:19,676 [Thread-DUT1] INFO  UiDebug AILinkFactoryAuto.Core.Log Info 0 - 应答报文格式检查PASS
2021-03-20 12:14:19,685 [Thread-DUT1] INFO  UiDebug AILinkFactoryAuto.Core.Log Pass 0 - TestTime:2384.3741ms
                                                                        PASS
2021-03-20 12:14:19,702 [Thread-DUT1] INFO  UiDebug AILinkFactoryAuto.Core.Log Info 0 - 11 回读确保授权写入成功-查询内容检查
2021-03-20 12:14:19,712 [Thread-DUT1] INFO  UiDebug AILinkFactoryAuto.Core.Log Info 0 - 未完成过PCBA测试
2021-03-20 12:14:19,721 [Thread-DUT1] INFO  UiDebug AILinkFactoryAuto.Core.Log Info 0 - 未完成过整机测试
2021-03-20 12:14:19,732 [Thread-DUT1] INFO  UiDebug AILinkFactoryAuto.Core.Log Info 0 - 未完成过老化测试
2021-03-20 12:14:19,741 [Thread-DUT1] INFO  UiDebug AILinkFactoryAuto.Core.Log Info 0 - MCU ID:DB2A230000000A231A0CFFFF
2021-03-20 12:14:19,751 [Thread-DUT1] INFO  UiDebug AILinkFactoryAuto.Core.Log Info 0 - BLE MAC:000000000000
2021-03-20 12:14:19,765 [Thread-DUT1] INFO  UiDebug AILinkFactoryAuto.Core.Log Info 0 - 读取的PCBA-ID:112233445566B
2021-03-20 12:14:19,774 [Thread-DUT1] INFO  UiDebug AILinkFactoryAuto.Core.Log Info 0 - 预写PCBIDA-ID :112233445566B与写入的PCBA-ID ：112233445566B，一致
2021-03-20 12:14:19,796 [Thread-DUT1] INFO  UiDebug AILinkFactoryAuto.Core.Log Pass 0 - TestTime:98.1171ms
                                                                        PASS
2021-03-20 12:14:19,810 [Thread-DUT1] INFO  UiDebug AILinkFactoryAuto.Core.Log Info 0 - 12 发SKG控制指令-EMS13通道
2021-03-20 12:14:19,840 [Thread-DUT1] INFO  UiDebug AILinkFactoryAuto.Core.Log Info 0 - EMS 测试开关设置:正反交替脉冲A_B
2021-03-20 12:14:19,881 [Thread-DUT1] INFO  UiDebug AILinkFactoryAuto.Core.Log Info 0 - EMS 脉宽设置:3500uS
2021-03-20 12:14:19,892 [Thread-DUT1] INFO  UiDebug AILinkFactoryAuto.Core.Log Info 0 - EMS 频率设置:1000Hz
2021-03-20 12:14:19,920 [Thread-DUT1] INFO  UiDebug AILinkFactoryAuto.Core.Log Info 0 - EMS 幅度设置:50000mV
2021-03-20 12:14:19,936 [Thread-DUT1] INFO  UiDebug AILinkFactoryAuto.Core.Log Info 0 - 加热档位控制:开启42度加热或加热中档
2021-03-20 12:14:19,960 [Thread-DUT1] INFO  UiDebug AILinkFactoryAuto.Core.Log Info 0 - Tx:A5 C3 00 1A 00 00 00 40 00 00 03 0D AC 03 E8 C3 50 01 00 00 00 00 00 00 00 E7 
2021-03-20 12:14:20,380 [Thread-DUT1] INFO  UiDebug AILinkFactoryAuto.Core.Log Info 0 - Rx:A5 C3 00 1A 00 00 A0 40 00 00 03 0D AC 03 E8 C3 50 01 00 00 00 00 00 00 00 47 
2021-03-20 12:14:20,398 [Thread-DUT1] INFO  UiDebug AILinkFactoryAuto.Core.Log Info 0 - 核验RX的校验位：正确,返回校验位:47,计算校验位:47
2021-03-20 12:14:20,406 [Thread-DUT1] INFO  UiDebug AILinkFactoryAuto.Core.Log Info 0 - 应答报文格式检查PASS
2021-03-20 12:14:20,415 [Thread-DUT1] INFO  UiDebug AILinkFactoryAuto.Core.Log Pass 0 - TestTime:609.4455ms
                                                                        PASS
2021-03-20 12:14:20,451 [Thread-DUT1] INFO  UiDebug AILinkFactoryAuto.Core.Log Info 0 - 13 AT-获取EMS1
2021-03-20 12:14:20,610 [Thread-DUT1] INFO  UiDebug AILinkFactoryAuto.Core.Log Info 0 - AT Commond=AT+EMS1?
2021-03-20 12:14:20,761 [Thread-DUT1] INFO  UiDebug AILinkFactoryAuto.Core.Log Info 0 - AT Response=EMS1=35.422
OK

2021-03-20 12:14:20,784 [Thread-DUT1] INFO  UiDebug AILinkFactoryAuto.Core.Log Pass 0 - TestTime:347.3946ms
                                                                        PASS
2021-03-20 12:14:20,797 [Thread-DUT1] INFO  UiDebug AILinkFactoryAuto.Core.Log Info 0 - 14 检查EMS1
2021-03-20 12:14:20,808 [Thread-DUT1] INFO  UiDebug AILinkFactoryAuto.Core.Log Info 0 - EMS1的值：35.42，在设定范围：1 ~ 50之间 PASS 

2021-03-20 12:14:20,816 [Thread-DUT1] INFO  UiDebug AILinkFactoryAuto.Core.Log Pass 0 - TestTime:20.2854ms
                                                                        PASS
2021-03-20 12:14:20,832 [Thread-DUT1] INFO  UiDebug AILinkFactoryAuto.Core.Log Info 0 - 15 发SKG控制指令-EMS24-通道
2021-03-20 12:14:20,841 [Thread-DUT1] INFO  UiDebug AILinkFactoryAuto.Core.Log Info 0 - EMS 测试开关设置:正反交替脉冲E_F
2021-03-20 12:14:20,850 [Thread-DUT1] INFO  UiDebug AILinkFactoryAuto.Core.Log Info 0 - EMS 脉宽设置:3500uS
2021-03-20 12:14:20,859 [Thread-DUT1] INFO  UiDebug AILinkFactoryAuto.Core.Log Info 0 - EMS 频率设置:1000Hz
2021-03-20 12:14:20,867 [Thread-DUT1] INFO  UiDebug AILinkFactoryAuto.Core.Log Info 0 - EMS 幅度设置:50000mV
2021-03-20 12:14:20,878 [Thread-DUT1] INFO  UiDebug AILinkFactoryAuto.Core.Log Info 0 - 加热档位控制:开启42度加热或加热中档
2021-03-20 12:14:20,888 [Thread-DUT1] INFO  UiDebug AILinkFactoryAuto.Core.Log Info 0 - Tx:A5 C3 00 1A 00 00 00 40 00 00 05 0D AC 03 E8 C3 50 01 00 00 00 00 00 00 00 E1 
2021-03-20 12:14:21,310 [Thread-DUT1] INFO  UiDebug AILinkFactoryAuto.Core.Log Info 0 - Rx:A5 C3 00 1A 00 00 A0 40 00 00 05 0D AC 03 E8 C3 50 01 00 00 00 00 00 00 00 41 
2021-03-20 12:14:21,326 [Thread-DUT1] INFO  UiDebug AILinkFactoryAuto.Core.Log Info 0 - 核验RX的校验位：正确,返回校验位:41,计算校验位:41
2021-03-20 12:14:21,339 [Thread-DUT1] INFO  UiDebug AILinkFactoryAuto.Core.Log Info 0 - 应答报文格式检查PASS
2021-03-20 12:14:21,350 [Thread-DUT1] INFO  UiDebug AILinkFactoryAuto.Core.Log Pass 0 - TestTime:519.9029ms
                                                                        PASS
2021-03-20 12:14:21,363 [Thread-DUT1] INFO  UiDebug AILinkFactoryAuto.Core.Log Info 0 - 16 AT-获取EMS2
2021-03-20 12:14:21,484 [Thread-DUT1] INFO  UiDebug AILinkFactoryAuto.Core.Log Info 0 - AT Commond=AT+EMS2?
2021-03-20 12:14:21,612 [Thread-DUT1] INFO  UiDebug AILinkFactoryAuto.Core.Log Info 0 - AT Response=EMS2=32.386
OK

2021-03-20 12:14:21,622 [Thread-DUT1] INFO  UiDebug AILinkFactoryAuto.Core.Log Pass 0 - TestTime:260.1082ms
                                                                        PASS
2021-03-20 12:14:21,637 [Thread-DUT1] INFO  UiDebug AILinkFactoryAuto.Core.Log Info 0 - 17 检查EMS2
2021-03-20 12:14:21,646 [Thread-DUT1] INFO  UiDebug AILinkFactoryAuto.Core.Log Info 0 - EMS2的值：32.38，在设定范围：1 ~ 60之间 PASS 

2021-03-20 12:14:21,654 [Thread-DUT1] INFO  UiDebug AILinkFactoryAuto.Core.Log Pass 0 - TestTime:20.7413ms
                                                                        PASS
2021-03-20 12:14:21,683 [Thread-DUT1] INFO  UiDebug AILinkFactoryAuto.Core.Log Info 0 - 18 发SKG控制指令-开机
2021-03-20 12:14:21,695 [Thread-DUT1] INFO  UiDebug AILinkFactoryAuto.Core.Log Info 0 - 开关机设置:开机
2021-03-20 12:14:21,707 [Thread-DUT1] INFO  UiDebug AILinkFactoryAuto.Core.Log Info 0 - Tx:A5 C3 00 1A 00 00 00 40 01 00 00 00 00 00 00 00 00 00 00 00 00 00 00 00 00 3D 
2021-03-20 12:14:22,237 [Thread-DUT1] INFO  UiDebug AILinkFactoryAuto.Core.Log Info 0 - Rx:A5 C3 00 1A 00 00 A0 40 01 00 00 00 00 00 00 00 00 00 00 00 00 00 00 00 00 9D 
2021-03-20 12:14:22,249 [Thread-DUT1] INFO  UiDebug AILinkFactoryAuto.Core.Log Info 0 - 核验RX的校验位：正确,返回校验位:9D,计算校验位:9D
2021-03-20 12:14:22,257 [Thread-DUT1] INFO  UiDebug AILinkFactoryAuto.Core.Log Info 0 - 应答报文格式检查PASS
2021-03-20 12:14:22,266 [Thread-DUT1] INFO  UiDebug AILinkFactoryAuto.Core.Log Pass 0 - TestTime:583.923ms
                                                                        PASS
2021-03-20 12:14:22,282 [Thread-DUT1] INFO  UiDebug AILinkFactoryAuto.Core.Log Info 0 - 19 发SKG控制指令-关机
2021-03-20 12:14:22,293 [Thread-DUT1] INFO  UiDebug AILinkFactoryAuto.Core.Log Info 0 - 开关机设置:关机
2021-03-20 12:14:22,301 [Thread-DUT1] INFO  UiDebug AILinkFactoryAuto.Core.Log Info 0 - Tx:A5 C3 00 1A 00 00 00 40 02 00 00 00 00 00 00 00 00 00 00 00 00 00 00 00 00 3E 
2021-03-20 12:14:22,815 [Thread-DUT1] INFO  UiDebug AILinkFactoryAuto.Core.Log Info 0 - Rx:A5 C3 00 1A 00 00 A0 40 02 00 00 00 00 00 00 00 00 00 00 00 00 00 00 00 00 9E 
2021-03-20 12:14:22,826 [Thread-DUT1] INFO  UiDebug AILinkFactoryAuto.Core.Log Info 0 - 核验RX的校验位：正确,返回校验位:9E,计算校验位:9E
2021-03-20 12:14:22,840 [Thread-DUT1] INFO  UiDebug AILinkFactoryAuto.Core.Log Info 0 - 应答报文格式检查PASS
2021-03-20 12:14:22,849 [Thread-DUT1] INFO  UiDebug AILinkFactoryAuto.Core.Log Pass 0 - TestTime:568.9251ms
                                                                        PASS
2021-03-20 12:14:22,859 [Thread-DUT1] INFO  UiDebug AILinkFactoryAuto.Core.Log Info 0 - 20 发SKG控制指令-发出声音+LED全关
2021-03-20 12:14:22,883 [Thread-DUT1] INFO  UiDebug AILinkFactoryAuto.Core.Log Info 0 - LED 模式设置:LED全关
2021-03-20 12:14:22,900 [Thread-DUT1] INFO  UiDebug AILinkFactoryAuto.Core.Log Info 0 - Tx:A5 C3 00 1A 00 00 00 40 00 03 00 00 00 00 00 00 00 00 01 00 00 00 00 00 00 3E 
2021-03-20 12:14:23,425 [Thread-DUT1] INFO  UiDebug AILinkFactoryAuto.Core.Log Info 0 - Rx:A5 C3 00 1A 00 00 A0 40 00 03 00 00 00 00 00 00 00 00 01 00 00 00 00 00 00 9E 
2021-03-20 12:14:23,434 [Thread-DUT1] INFO  UiDebug AILinkFactoryAuto.Core.Log Info 0 - 核验RX的校验位：正确,返回校验位:9E,计算校验位:9E
2021-03-20 12:14:23,446 [Thread-DUT1] INFO  UiDebug AILinkFactoryAuto.Core.Log Info 0 - 应答报文格式检查PASS
2021-03-20 12:14:23,456 [Thread-DUT1] INFO  UiDebug AILinkFactoryAuto.Core.Log Pass 0 - TestTime:597.1807ms
                                                                        PASS
2021-03-20 12:14:23,469 [Thread-DUT1] INFO  UiDebug AILinkFactoryAuto.Core.Log Info 0 - 21 声音检查-用户判断
2021-03-20 12:14:24,636 [Thread-DUT1] INFO  UiDebug AILinkFactoryAuto.Core.Log Pass 0 - User Press Space
2021-03-20 12:14:24,668 [Thread-DUT1] INFO  UiDebug AILinkFactoryAuto.Core.Log Pass 0 - TestTime:1200.0443ms
                                                                        PASS
2021-03-20 12:14:24,687 [Thread-DUT1] INFO  UiDebug AILinkFactoryAuto.Core.Log Info 0 - 22 发SKG控制指令-LED红/橙灯
2021-03-20 12:14:24,720 [Thread-DUT1] INFO  UiDebug AILinkFactoryAuto.Core.Log Info 0 - LED 模式设置:蓝色LED开
2021-03-20 12:14:24,742 [Thread-DUT1] INFO  UiDebug AILinkFactoryAuto.Core.Log Info 0 - Tx:A5 C3 00 1A 00 00 00 40 00 02 00 00 00 00 00 00 00 00 00 00 00 00 00 00 00 3E 
2021-03-20 12:14:25,255 [Thread-DUT1] INFO  UiDebug AILinkFactoryAuto.Core.Log Info 0 - Rx:A5 C3 00 1A 00 00 A0 40 00 02 00 00 00 00 00 00 00 00 00 00 00 00 00 00 00 9E 
2021-03-20 12:14:25,281 [Thread-DUT1] INFO  UiDebug AILinkFactoryAuto.Core.Log Info 0 - 核验RX的校验位：正确,返回校验位:9E,计算校验位:9E
2021-03-20 12:14:25,332 [Thread-DUT1] INFO  UiDebug AILinkFactoryAuto.Core.Log Info 0 - 应答报文格式检查PASS
2021-03-20 12:14:25,342 [Thread-DUT1] INFO  UiDebug AILinkFactoryAuto.Core.Log Pass 0 - TestTime:654.2939ms
                                                                        PASS
2021-03-20 12:14:25,356 [Thread-DUT1] INFO  UiDebug AILinkFactoryAuto.Core.Log Info 0 - 23 LED红/橙灯检查-用户判断
2021-03-20 12:14:27,138 [Thread-DUT1] INFO  UiDebug AILinkFactoryAuto.Core.Log Pass 0 - User Press Space
2021-03-20 12:14:27,162 [Thread-DUT1] INFO  UiDebug AILinkFactoryAuto.Core.Log Pass 0 - TestTime:1806.8222ms
                                                                        PASS
2021-03-20 12:14:27,189 [Thread-DUT1] INFO  UiDebug AILinkFactoryAuto.Core.Log Info 0 - 24 发SKG控制指令-LED蓝灯
2021-03-20 12:14:27,198 [Thread-DUT1] INFO  UiDebug AILinkFactoryAuto.Core.Log Info 0 - LED 模式设置:红或橙色LED开
2021-03-20 12:14:27,212 [Thread-DUT1] INFO  UiDebug AILinkFactoryAuto.Core.Log Info 0 - Tx:A5 C3 00 1A 00 00 00 40 00 01 00 00 00 00 00 00 00 00 00 00 00 00 00 00 00 3D 
2021-03-20 12:14:27,738 [Thread-DUT1] INFO  UiDebug AILinkFactoryAuto.Core.Log Info 0 - Rx:A5 C3 00 1A 00 00 A0 40 00 01 00 00 00 00 00 00 00 00 00 00 00 00 00 00 00 9D 
2021-03-20 12:14:27,774 [Thread-DUT1] INFO  UiDebug AILinkFactoryAuto.Core.Log Info 0 - 核验RX的校验位：正确,返回校验位:9D,计算校验位:9D
2021-03-20 12:14:27,794 [Thread-DUT1] INFO  UiDebug AILinkFactoryAuto.Core.Log Info 0 - 应答报文格式检查PASS
2021-03-20 12:14:27,818 [Thread-DUT1] INFO  UiDebug AILinkFactoryAuto.Core.Log Pass 0 - TestTime:628.9906ms
                                                                        PASS
2021-03-20 12:14:27,861 [Thread-DUT1] INFO  UiDebug AILinkFactoryAuto.Core.Log Info 0 - 25 LED蓝灯检查-用户判断
2021-03-20 12:14:28,507 [Thread-DUT1] INFO  UiDebug AILinkFactoryAuto.Core.Log Pass 0 - User Press Space
2021-03-20 12:14:28,539 [Thread-DUT1] INFO  UiDebug AILinkFactoryAuto.Core.Log Pass 0 - TestTime:685.001ms
                                                                        PASS
2021-03-20 12:14:28,577 [Thread-DUT1] INFO  UiDebug AILinkFactoryAuto.Core.Log Info 0 - 32 AT-控制继电器电压输出5V
2021-03-20 12:14:28,710 [Thread-DUT1] INFO  UiDebug AILinkFactoryAuto.Core.Log Info 0 - AT Commond=AT+VO=1!
2021-03-20 12:14:28,851 [Thread-DUT1] INFO  UiDebug AILinkFactoryAuto.Core.Log Info 0 - AT Response=VO=1
OK

2021-03-20 12:14:28,870 [Thread-DUT1] INFO  UiDebug AILinkFactoryAuto.Core.Log Pass 0 - TestTime:294.2687ms
                                                                        PASS
2021-03-20 12:14:28,907 [Thread-DUT1] INFO  UiDebug AILinkFactoryAuto.Core.Log Info 0 - 33 上报检测-充电及USB插入状态检测
2021-03-20 12:14:29,151 [Thread-DUT1] INFO  UiDebug AILinkFactoryAuto.Core.Log Info 0 - Rx:A5 C3 00 0D 00 00 A0 41 00 01 03 01 89 A5 C3 00 0D 00 00 A0 41 00 01 01 01 8B 00 00 00 00 00 10 FE 
2021-03-20 12:14:29,199 [Thread-DUT1] INFO  UiDebug AILinkFactoryAuto.Core.Log Pass 0 - PASS,返回正确状态关键字：A041000103
2021-03-20 12:14:29,241 [Thread-DUT1] INFO  UiDebug AILinkFactoryAuto.Core.Log Pass 0 - TestTime:336.014ms
                                                                        PASS
2021-03-20 12:14:29,262 [Thread-DUT1] INFO  UiDebug AILinkFactoryAuto.Core.Log Info 0 - 34 AT-读取电量值
2021-03-20 12:14:29,381 [Thread-DUT1] INFO  UiDebug AILinkFactoryAuto.Core.Log Info 0 - AT Commond=AT+CRT1?
2021-03-20 12:14:29,506 [Thread-DUT1] INFO  UiDebug AILinkFactoryAuto.Core.Log Info 0 - AT Response=CRT1=0.000
OK

2021-03-20 12:14:29,532 [Thread-DUT1] INFO  UiDebug AILinkFactoryAuto.Core.Log Info 0 - read info value fail
2021-03-20 12:14:29,543 [Thread-DUT1] ERROR UiDebug AILinkFactoryAuto.View.FormMain Run 0 - AILinkFactoryAuto.Task.BaseException: read info value fail
   在 AILinkFactoryAuto.Dut.AtCommand.Executer.AtCommandExecuter.Run(IProperties properties, GlobalDic`2 globalDic) 位置 F:\2_工作和软件\1_工作存档\01长虹爱联\功能测试框架搭建\new\Platform\TaskAtCommand\AtCommand\Executer\AtCommandExecuter.cs:行号 176
   在 AILinkFactoryAuto.View.FormMain.Run()
2021-03-20 12:14:29,755 [Thread-DUT1] WARN  UiDebug AILinkFactoryAuto.Core.Log Warn 0 - 重试第1次
2021-03-20 12:14:29,896 [Thread-DUT1] INFO  UiDebug AILinkFactoryAuto.Core.Log Info 0 - AT Commond=AT+CRT1?
2021-03-20 12:14:30,069 [Thread-DUT1] INFO  UiDebug AILinkFactoryAuto.Core.Log Info 0 - AT Response=CRT1=-511.996
OK

2021-03-20 12:14:30,093 [Thread-DUT1] INFO  UiDebug AILinkFactoryAuto.Core.Log Pass 0 - TestTime:830.7616ms
                                                                        PASS
2021-03-20 12:14:30,119 [Thread-DUT1] INFO  UiDebug AILinkFactoryAuto.Core.Log Info 0 - 35 检查CRT值
2021-03-20 12:14:30,128 [Thread-DUT1] INFO  UiDebug AILinkFactoryAuto.Core.Log Info 0 - CRT1的值：-511.9，在设定范围：-600 ~ 900之间 PASS 

2021-03-20 12:14:30,139 [Thread-DUT1] INFO  UiDebug AILinkFactoryAuto.Core.Log Pass 0 - TestTime:24.1115ms
                                                                        PASS
2021-03-20 12:14:30,151 [Thread-DUT1] INFO  UiDebug AILinkFactoryAuto.Core.Log Info 0 - 36 AT-控制继电器关闭电压输出
2021-03-20 12:14:30,271 [Thread-DUT1] INFO  UiDebug AILinkFactoryAuto.Core.Log Info 0 - AT Commond=AT+VO=0!
2021-03-20 12:14:30,395 [Thread-DUT1] INFO  UiDebug AILinkFactoryAuto.Core.Log Info 0 - AT Response=VO=0
OK

2021-03-20 12:14:30,406 [Thread-DUT1] INFO  UiDebug AILinkFactoryAuto.Core.Log Pass 0 - TestTime:256.1686ms
                                                                        PASS
2021-03-20 12:14:30,424 [Thread-DUT1] INFO  UiDebug AILinkFactoryAuto.Core.Log Info 0 - 37 上报检测-未充电及USB拔出状态检测
2021-03-20 12:14:30,584 [Thread-DUT1] INFO  UiDebug AILinkFactoryAuto.Core.Log Info 0 - Rx:A5 C3 00 0D 00 00 A0 41 00 01 01 01 86 A5 C3 00 0D 00 00 A0 41 00 01 01 01 8B A5 C3 00 0D 00 00 A0 41 00 02 01 01 88 A5 C3 00 0D 00 00 A0 41 00 02 03 01 8A 
2021-03-20 12:14:30,593 [Thread-DUT1] INFO  UiDebug AILinkFactoryAuto.Core.Log Pass 0 - PASS,返回正确状态关键字：A041000201
2021-03-20 12:14:30,615 [Thread-DUT1] INFO  UiDebug AILinkFactoryAuto.Core.Log Pass 0 - TestTime:195.3538ms
                                                                        PASS
2021-03-20 12:14:30,639 [Thread-DUT1] INFO  UiDebug AILinkFactoryAuto.Core.Log Info 0 - 38 状态上报检测-加热按键检测
2021-03-20 12:14:30,803 [Thread-DUT1] INFO  UiDebug AILinkFactoryAuto.Core.Log Info 0 - Rx:
2021-03-20 12:14:30,911 [Thread-DUT1] INFO  UiDebug AILinkFactoryAuto.Core.Log Info 0 - Rx:
2021-03-20 12:14:31,020 [Thread-DUT1] INFO  UiDebug AILinkFactoryAuto.Core.Log Info 0 - Rx:
2021-03-20 12:14:31,129 [Thread-DUT1] INFO  UiDebug AILinkFactoryAuto.Core.Log Info 0 - Rx:
2021-03-20 12:14:31,233 [Thread-DUT1] INFO  UiDebug AILinkFactoryAuto.Core.Log Info 0 - Rx:
2021-03-20 12:14:31,349 [Thread-DUT1] INFO  UiDebug AILinkFactoryAuto.Core.Log Info 0 - Rx:
2021-03-20 12:14:31,449 [Thread-DUT1] INFO  UiDebug AILinkFactoryAuto.Core.Log Info 0 - Rx:
2021-03-20 12:14:31,564 [Thread-DUT1] INFO  UiDebug AILinkFactoryAuto.Core.Log Info 0 - Rx:
2021-03-20 12:14:31,667 [Thread-DUT1] INFO  UiDebug AILinkFactoryAuto.Core.Log Info 0 - Rx:
2021-03-20 12:14:31,784 [Thread-DUT1] INFO  UiDebug AILinkFactoryAuto.Core.Log Info 0 - Rx:
2021-03-20 12:14:31,892 [Thread-DUT1] INFO  UiDebug AILinkFactoryAuto.Core.Log Info 0 - Rx:
2021-03-20 12:14:32,005 [Thread-DUT1] INFO  UiDebug AILinkFactoryAuto.Core.Log Info 0 - Rx:
2021-03-20 12:14:32,113 [Thread-DUT1] INFO  UiDebug AILinkFactoryAuto.Core.Log Info 0 - Rx:
2021-03-20 12:14:32,225 [Thread-DUT1] INFO  UiDebug AILinkFactoryAuto.Core.Log Info 0 - Rx:
2021-03-20 12:14:32,334 [Thread-DUT1] INFO  UiDebug AILinkFactoryAuto.Core.Log Info 0 - Rx:
2021-03-20 12:14:32,444 [Thread-DUT1] INFO  UiDebug AILinkFactoryAuto.Core.Log Info 0 - Rx:
2021-03-20 12:14:33,850 [Thread-DUT1] INFO  UiDebug AILinkFactoryAuto.Core.Log Info 0 - Rx:
2021-03-20 12:14:33,863 [Thread-DUT1] INFO  UiDebug AILinkFactoryAuto.Core.Log Info 0 - Rx:
2021-03-20 12:14:33,975 [Thread-DUT1] INFO  UiDebug AILinkFactoryAuto.Core.Log Info 0 - Rx:
2021-03-20 12:14:34,084 [Thread-DUT1] INFO  UiDebug AILinkFactoryAuto.Core.Log Info 0 - Rx:
2021-03-20 12:14:34,194 [Thread-DUT1] INFO  UiDebug AILinkFactoryAuto.Core.Log Info 0 - Rx:
2021-03-20 12:14:34,300 [Thread-DUT1] INFO  UiDebug AILinkFactoryAuto.Core.Log Info 0 - Rx:
2021-03-20 12:14:34,410 [Thread-DUT1] INFO  UiDebug AILinkFactoryAuto.Core.Log Info 0 - Rx:
2021-03-20 12:14:34,521 [Thread-DUT1] INFO  UiDebug AILinkFactoryAuto.Core.Log Info 0 - Rx:
2021-03-20 12:14:34,625 [Thread-DUT1] INFO  UiDebug AILinkFactoryAuto.Core.Log Info 0 - Rx:
2021-03-20 12:14:34,739 [Thread-DUT1] INFO  UiDebug AILinkFactoryAuto.Core.Log Info 0 - Rx:
2021-03-20 12:14:34,848 [Thread-DUT1] INFO  UiDebug AILinkFactoryAuto.Core.Log Info 0 - Rx:
2021-03-20 12:14:34,954 [Thread-DUT1] INFO  UiDebug AILinkFactoryAuto.Core.Log Info 0 - Rx:
2021-03-20 12:14:35,064 [Thread-DUT1] INFO  UiDebug AILinkFactoryAuto.Core.Log Info 0 - Rx:
2021-03-20 12:14:35,177 [Thread-DUT1] INFO  UiDebug AILinkFactoryAuto.Core.Log Info 0 - Rx:
2021-03-20 12:14:35,277 [Thread-DUT1] INFO  UiDebug AILinkFactoryAuto.Core.Log Info 0 - Rx:
2021-03-20 12:14:35,393 [Thread-DUT1] INFO  UiDebug AILinkFactoryAuto.Core.Log Info 0 - Rx:
2021-03-20 12:14:35,497 [Thread-DUT1] INFO  UiDebug AILinkFactoryAuto.Core.Log Info 0 - Rx:
2021-03-20 12:14:35,614 [Thread-DUT1] INFO  UiDebug AILinkFactoryAuto.Core.Log Info 0 - Rx:
2021-03-20 12:14:35,714 [Thread-DUT1] INFO  UiDebug AILinkFactoryAuto.Core.Log Info 0 - Rx:
2021-03-20 12:14:35,833 [Thread-DUT1] INFO  UiDebug AILinkFactoryAuto.Core.Log Info 0 - Rx:
2021-03-20 12:14:35,944 [Thread-DUT1] INFO  UiDebug AILinkFactoryAuto.Core.Log Info 0 - Rx:
2021-03-20 12:14:36,051 [Thread-DUT1] INFO  UiDebug AILinkFactoryAuto.Core.Log Info 0 - Rx:
2021-03-20 12:14:36,161 [Thread-DUT1] INFO  UiDebug AILinkFactoryAuto.Core.Log Info 0 - Rx:
2021-03-20 12:14:36,271 [Thread-DUT1] INFO  UiDebug AILinkFactoryAuto.Core.Log Info 0 - Rx:
2021-03-20 12:14:36,372 [Thread-DUT1] INFO  UiDebug AILinkFactoryAuto.Core.Log Info 0 - Rx:
2021-03-20 12:14:36,483 [Thread-DUT1] INFO  UiDebug AILinkFactoryAuto.Core.Log Info 0 - Rx:
2021-03-20 12:14:36,600 [Thread-DUT1] INFO  UiDebug AILinkFactoryAuto.Core.Log Info 0 - Rx:
2021-03-20 12:14:36,700 [Thread-DUT1] INFO  UiDebug AILinkFactoryAuto.Core.Log Info 0 - Rx:
2021-03-20 12:14:36,816 [Thread-DUT1] INFO  UiDebug AILinkFactoryAuto.Core.Log Info 0 - Rx:
2021-03-20 12:14:36,919 [Thread-DUT1] INFO  UiDebug AILinkFactoryAuto.Core.Log Info 0 - Rx:
2021-03-20 12:14:37,036 [Thread-DUT1] INFO  UiDebug AILinkFactoryAuto.Core.Log Info 0 - Rx:
2021-03-20 12:14:37,145 [Thread-DUT1] INFO  UiDebug AILinkFactoryAuto.Core.Log Info 0 - Rx:
2021-03-20 12:14:37,254 [Thread-DUT1] INFO  UiDebug AILinkFactoryAuto.Core.Log Info 0 - Rx:
2021-03-20 12:14:37,363 [Thread-DUT1] INFO  UiDebug AILinkFactoryAuto.Core.Log Info 0 - Rx:
2021-03-20 12:14:37,476 [Thread-DUT1] INFO  UiDebug AILinkFactoryAuto.Core.Log Info 0 - Rx:
2021-03-20 12:14:37,580 [Thread-DUT1] INFO  UiDebug AILinkFactoryAuto.Core.Log Info 0 - Rx:
2021-03-20 12:14:37,683 [Thread-DUT1] INFO  UiDebug AILinkFactoryAuto.Core.Log Info 0 - Rx:
2021-03-20 12:14:37,797 [Thread-DUT1] INFO  UiDebug AILinkFactoryAuto.Core.Log Info 0 - Rx:
2021-03-20 12:14:37,908 [Thread-DUT1] INFO  UiDebug AILinkFactoryAuto.Core.Log Info 0 - Rx:
2021-03-20 12:14:38,013 [Thread-DUT1] INFO  UiDebug AILinkFactoryAuto.Core.Log Info 0 - Rx:
2021-03-20 12:14:38,129 [Thread-DUT1] INFO  UiDebug AILinkFactoryAuto.Core.Log Info 0 - Rx:
2021-03-20 12:14:38,241 [Thread-DUT1] INFO  UiDebug AILinkFactoryAuto.Core.Log Info 0 - Rx:
2021-03-20 12:14:38,351 [Thread-DUT1] INFO  UiDebug AILinkFactoryAuto.Core.Log Info 0 - Rx:
2021-03-20 12:14:38,459 [Thread-DUT1] INFO  UiDebug AILinkFactoryAuto.Core.Log Info 0 - Rx:
2021-03-20 12:14:38,561 [Thread-DUT1] INFO  UiDebug AILinkFactoryAuto.Core.Log Info 0 - Rx:
2021-03-20 12:14:38,591 [Thread-DUT1] ERROR UiDebug AILinkFactoryAuto.Core.Log Fail 0 - Wait TimeOut, 15seconds
2021-03-20 12:14:39,040 [Thread-DUT1] INFO  UiDebug AILinkFactoryAuto.Core.Log Info 0 - Rx:
2021-03-20 12:14:39,116 [Thread-DUT1] INFO  UiDebug AILinkFactoryAuto.Core.Log Info 0 - Rx:
2021-03-20 12:14:39,214 [Thread-DUT1] INFO  UiDebug AILinkFactoryAuto.Core.Log Info 0 - Rx:
2021-03-20 12:14:39,334 [Thread-DUT1] INFO  UiDebug AILinkFactoryAuto.Core.Log Info 0 - Rx:
2021-03-20 12:14:39,442 [Thread-DUT1] INFO  UiDebug AILinkFactoryAuto.Core.Log Info 0 - Rx:
2021-03-20 12:14:39,553 [Thread-DUT1] INFO  UiDebug AILinkFactoryAuto.Core.Log Info 0 - Rx:
2021-03-20 12:14:39,663 [Thread-DUT1] INFO  UiDebug AILinkFactoryAuto.Core.Log Info 0 - Rx:
2021-03-20 12:14:39,819 [Thread-DUT1] INFO  UiDebug AILinkFactoryAuto.Core.Log Info 0 - Rx:
2021-03-20 12:14:39,878 [Thread-DUT1] INFO  UiDebug AILinkFactoryAuto.Core.Log Info 0 - Rx:
2021-03-20 12:14:39,981 [Thread-DUT1] INFO  UiDebug AILinkFactoryAuto.Core.Log Info 0 - Rx:
2021-03-20 12:14:40,090 [Thread-DUT1] INFO  UiDebug AILinkFactoryAuto.Core.Log Info 0 - Rx:
2021-03-20 12:14:40,205 [Thread-DUT1] INFO  UiDebug AILinkFactoryAuto.Core.Log Info 0 - Rx:
2021-03-20 12:14:40,308 [Thread-DUT1] INFO  UiDebug AILinkFactoryAuto.Core.Log Info 0 - Rx:
2021-03-20 12:14:40,416 [Thread-DUT1] INFO  UiDebug AILinkFactoryAuto.Core.Log Info 0 - Rx:
2021-03-20 12:14:40,518 [Thread-DUT1] ERROR UiDebug AILinkFactoryAuto.Core.Log Fail 0 - Wait TimeOut, 15seconds
2021-03-20 12:14:40,977 [Thread-DUT1] INFO  UiDebug AILinkFactoryAuto.Core.Log Info 0 - Rx:
2021-03-20 12:14:41,078 [Thread-DUT1] INFO  UiDebug AILinkFactoryAuto.Core.Log Info 0 - Rx:
2021-03-20 12:14:41,191 [Thread-DUT1] INFO  UiDebug AILinkFactoryAuto.Core.Log Info 0 - Rx:
2021-03-20 12:14:41,304 [Thread-DUT1] INFO  UiDebug AILinkFactoryAuto.Core.Log Info 0 - Rx:
2021-03-20 12:14:41,410 [Thread-DUT1] INFO  UiDebug AILinkFactoryAuto.Core.Log Info 0 - Rx:
2021-03-20 12:14:41,520 [Thread-DUT1] INFO  UiDebug AILinkFactoryAuto.Core.Log Info 0 - Rx:
2021-03-20 12:14:41,628 [Thread-DUT1] INFO  UiDebug AILinkFactoryAuto.Core.Log Info 0 - Rx:
2021-03-20 12:14:41,741 [Thread-DUT1] INFO  UiDebug AILinkFactoryAuto.Core.Log Info 0 - Rx:
2021-03-20 12:14:41,845 [Thread-DUT1] INFO  UiDebug AILinkFactoryAuto.Core.Log Info 0 - Rx:
2021-03-20 12:14:41,959 [Thread-DUT1] INFO  UiDebug AILinkFactoryAuto.Core.Log Info 0 - Rx:
2021-03-20 12:14:42,061 [Thread-DUT1] INFO  UiDebug AILinkFactoryAuto.Core.Log Info 0 - Rx:
2021-03-20 12:14:42,173 [Thread-DUT1] INFO  UiDebug AILinkFactoryAuto.Core.Log Info 0 - Rx:
2021-03-20 12:14:42,290 [Thread-DUT1] INFO  UiDebug AILinkFactoryAuto.Core.Log Info 0 - Rx:
2021-03-20 12:14:42,400 [Thread-DUT1] INFO  UiDebug AILinkFactoryAuto.Core.Log Info 0 - Rx:
2021-03-20 12:14:42,510 [Thread-DUT1] INFO  UiDebug AILinkFactoryAuto.Core.Log Info 0 - Rx:
2021-03-20 12:14:42,620 [Thread-DUT1] INFO  UiDebug AILinkFactoryAuto.Core.Log Info 0 - Rx:
2021-03-20 12:14:42,731 [Thread-DUT1] INFO  UiDebug AILinkFactoryAuto.Core.Log Info 0 - Rx:
2021-03-20 12:14:42,841 [Thread-DUT1] INFO  UiDebug AILinkFactoryAuto.Core.Log Info 0 - Rx:
2021-03-20 12:14:42,924 [Thread-DUT1] ERROR UiDebug AILinkFactoryAuto.Core.Log Fail 0 - Wait TimeOut, 15seconds
2021-03-20 12:14:43,360 [Thread-DUT1] INFO  UiDebug AILinkFactoryAuto.Core.Log Info 0 - Rx:
2021-03-20 12:14:43,393 [Thread-DUT1] INFO  UiDebug AILinkFactoryAuto.Core.Log Info 0 - Rx:
2021-03-20 12:14:43,503 [Thread-DUT1] INFO  UiDebug AILinkFactoryAuto.Core.Log Info 0 - Rx:
2021-03-20 12:14:43,615 [Thread-DUT1] INFO  UiDebug AILinkFactoryAuto.Core.Log Info 0 - Rx:
2021-03-20 12:14:43,724 [Thread-DUT1] INFO  UiDebug AILinkFactoryAuto.Core.Log Info 0 - Rx:
2021-03-20 12:14:43,832 [Thread-DUT1] INFO  UiDebug AILinkFactoryAuto.Core.Log Info 0 - Rx:
2021-03-20 12:14:43,940 [Thread-DUT1] INFO  UiDebug AILinkFactoryAuto.Core.Log Info 0 - Rx:
2021-03-20 12:14:44,049 [Thread-DUT1] INFO  UiDebug AILinkFactoryAuto.Core.Log Info 0 - Rx:
2021-03-20 12:14:44,160 [Thread-DUT1] INFO  UiDebug AILinkFactoryAuto.Core.Log Info 0 - Rx:
2021-03-20 12:14:44,271 [Thread-DUT1] INFO  UiDebug AILinkFactoryAuto.Core.Log Info 0 - Rx:
2021-03-20 12:14:44,380 [Thread-DUT1] INFO  UiDebug AILinkFactoryAuto.Core.Log Info 0 - Rx:
2021-03-20 12:14:44,489 [Thread-DUT1] INFO  UiDebug AILinkFactoryAuto.Core.Log Info 0 - Rx:
2021-03-20 12:14:44,598 [Thread-DUT1] INFO  UiDebug AILinkFactoryAuto.Core.Log Info 0 - Rx:
2021-03-20 12:14:44,702 [Thread-DUT1] INFO  UiDebug AILinkFactoryAuto.Core.Log Info 0 - Rx:
2021-03-20 12:14:44,823 [Thread-DUT1] INFO  UiDebug AILinkFactoryAuto.Core.Log Info 0 - Rx:
2021-03-20 12:14:44,917 [Thread-DUT1] INFO  UiDebug AILinkFactoryAuto.Core.Log Info 0 - Rx:A5 C3 00 0D 00 00 A0 41 02 02 03 01 88 
2021-03-20 12:14:44,930 [Thread-DUT1] INFO  UiDebug AILinkFactoryAuto.Core.Log Pass 0 - PASS,返回正确状态关键字：A04102
2021-03-20 12:14:44,953 [Thread-DUT1] INFO  UiDebug AILinkFactoryAuto.Core.Log Pass 0 - TestTime:14315.1394ms
                                                                        PASS
2021-03-20 12:14:44,979 [Thread-DUT1] INFO  UiDebug AILinkFactoryAuto.Core.Log Info 0 - 39 状态上报检测-电源按键检测
2021-03-20 12:14:45,145 [Thread-DUT1] INFO  UiDebug AILinkFactoryAuto.Core.Log Info 0 - Rx:
2021-03-20 12:14:45,260 [Thread-DUT1] INFO  UiDebug AILinkFactoryAuto.Core.Log Info 0 - Rx:
2021-03-20 12:14:45,356 [Thread-DUT1] INFO  UiDebug AILinkFactoryAuto.Core.Log Info 0 - Rx:
2021-03-20 12:14:45,467 [Thread-DUT1] INFO  UiDebug AILinkFactoryAuto.Core.Log Info 0 - Rx:
2021-03-20 12:14:45,575 [Thread-DUT1] INFO  UiDebug AILinkFactoryAuto.Core.Log Info 0 - Rx:
2021-03-20 12:14:45,684 [Thread-DUT1] INFO  UiDebug AILinkFactoryAuto.Core.Log Info 0 - Rx:
2021-03-20 12:14:45,792 [Thread-DUT1] INFO  UiDebug AILinkFactoryAuto.Core.Log Info 0 - Rx:
2021-03-20 12:14:45,904 [Thread-DUT1] INFO  UiDebug AILinkFactoryAuto.Core.Log Info 0 - Rx:
2021-03-20 12:14:46,015 [Thread-DUT1] INFO  UiDebug AILinkFactoryAuto.Core.Log Info 0 - Rx:
2021-03-20 12:14:46,128 [Thread-DUT1] INFO  UiDebug AILinkFactoryAuto.Core.Log Info 0 - Rx:
2021-03-20 12:14:46,234 [Thread-DUT1] INFO  UiDebug AILinkFactoryAuto.Core.Log Info 0 - Rx:
2021-03-20 12:14:46,344 [Thread-DUT1] INFO  UiDebug AILinkFactoryAuto.Core.Log Info 0 - Rx:
2021-03-20 12:14:46,454 [Thread-DUT1] INFO  UiDebug AILinkFactoryAuto.Core.Log Info 0 - Rx:
2021-03-20 12:14:46,565 [Thread-DUT1] INFO  UiDebug AILinkFactoryAuto.Core.Log Info 0 - Rx:
2021-03-20 12:14:46,672 [Thread-DUT1] INFO  UiDebug AILinkFactoryAuto.Core.Log Info 0 - Rx:
2021-03-20 12:14:46,781 [Thread-DUT1] INFO  UiDebug AILinkFactoryAuto.Core.Log Info 0 - Rx:
2021-03-20 12:14:46,891 [Thread-DUT1] INFO  UiDebug AILinkFactoryAuto.Core.Log Info 0 - Rx:
2021-03-20 12:14:47,001 [Thread-DUT1] INFO  UiDebug AILinkFactoryAuto.Core.Log Info 0 - Rx:
2021-03-20 12:14:47,107 [Thread-DUT1] INFO  UiDebug AILinkFactoryAuto.Core.Log Info 0 - Rx:
2021-03-20 12:14:47,218 [Thread-DUT1] INFO  UiDebug AILinkFactoryAuto.Core.Log Info 0 - Rx:
2021-03-20 12:14:47,328 [Thread-DUT1] INFO  UiDebug AILinkFactoryAuto.Core.Log Info 0 - Rx:
2021-03-20 12:14:47,436 [Thread-DUT1] INFO  UiDebug AILinkFactoryAuto.Core.Log Info 0 - Rx:
2021-03-20 12:14:47,547 [Thread-DUT1] INFO  UiDebug AILinkFactoryAuto.Core.Log Info 0 - Rx:
2021-03-20 12:14:47,657 [Thread-DUT1] INFO  UiDebug AILinkFactoryAuto.Core.Log Info 0 - Rx:
2021-03-20 12:14:47,766 [Thread-DUT1] INFO  UiDebug AILinkFactoryAuto.Core.Log Info 0 - Rx:
2021-03-20 12:14:47,874 [Thread-DUT1] INFO  UiDebug AILinkFactoryAuto.Core.Log Info 0 - Rx:
2021-03-20 12:14:47,984 [Thread-DUT1] INFO  UiDebug AILinkFactoryAuto.Core.Log Info 0 - Rx:
2021-03-20 12:14:48,091 [Thread-DUT1] INFO  UiDebug AILinkFactoryAuto.Core.Log Info 0 - Rx:
2021-03-20 12:14:48,204 [Thread-DUT1] INFO  UiDebug AILinkFactoryAuto.Core.Log Info 0 - Rx:
2021-03-20 12:14:48,315 [Thread-DUT1] INFO  UiDebug AILinkFactoryAuto.Core.Log Info 0 - Rx:
2021-03-20 12:14:48,424 [Thread-DUT1] INFO  UiDebug AILinkFactoryAuto.Core.Log Info 0 - Rx:
2021-03-20 12:14:48,534 [Thread-DUT1] INFO  UiDebug AILinkFactoryAuto.Core.Log Info 0 - Rx:
2021-03-20 12:14:48,642 [Thread-DUT1] INFO  UiDebug AILinkFactoryAuto.Core.Log Info 0 - Rx:
2021-03-20 12:14:48,754 [Thread-DUT1] INFO  UiDebug AILinkFactoryAuto.Core.Log Info 0 - Rx:
2021-03-20 12:14:48,858 [Thread-DUT1] INFO  UiDebug AILinkFactoryAuto.Core.Log Info 0 - Rx:
2021-03-20 12:14:48,974 [Thread-DUT1] INFO  UiDebug AILinkFactoryAuto.Core.Log Info 0 - Rx:
2021-03-20 12:14:49,083 [Thread-DUT1] INFO  UiDebug AILinkFactoryAuto.Core.Log Info 0 - Rx:
2021-03-20 12:14:49,191 [Thread-DUT1] INFO  UiDebug AILinkFactoryAuto.Core.Log Info 0 - Rx:
2021-03-20 12:14:49,298 [Thread-DUT1] INFO  UiDebug AILinkFactoryAuto.Core.Log Info 0 - Rx:
2021-03-20 12:14:49,401 [Thread-DUT1] INFO  UiDebug AILinkFactoryAuto.Core.Log Info 0 - Rx:
2021-03-20 12:14:49,515 [Thread-DUT1] INFO  UiDebug AILinkFactoryAuto.Core.Log Info 0 - Rx:
2021-03-20 12:14:49,624 [Thread-DUT1] INFO  UiDebug AILinkFactoryAuto.Core.Log Info 0 - Rx:
2021-03-20 12:14:49,735 [Thread-DUT1] INFO  UiDebug AILinkFactoryAuto.Core.Log Info 0 - Rx:
2021-03-20 12:14:49,846 [Thread-DUT1] INFO  UiDebug AILinkFactoryAuto.Core.Log Info 0 - Rx:
2021-03-20 12:14:49,952 [Thread-DUT1] INFO  UiDebug AILinkFactoryAuto.Core.Log Info 0 - Rx:
2021-03-20 12:14:50,064 [Thread-DUT1] INFO  UiDebug AILinkFactoryAuto.Core.Log Info 0 - Rx:A5 C3 00 0D 00 00 A0 41 01 02 03 01 8B 
2021-03-20 12:14:50,075 [Thread-DUT1] INFO  UiDebug AILinkFactoryAuto.Core.Log Pass 0 - PASS,返回正确状态关键字：A04101
2021-03-20 12:14:50,098 [Thread-DUT1] INFO  UiDebug AILinkFactoryAuto.Core.Log Pass 0 - TestTime:5120.8096ms
                                                                        PASS
2021-03-20 12:14:50,125 [Thread-DUT1] INFO  UiDebug AILinkFactoryAuto.Core.Log Info 0 - 43 发SKG控制指令-关机
2021-03-20 12:14:50,137 [Thread-DUT1] INFO  UiDebug AILinkFactoryAuto.Core.Log Info 0 - 开关机设置:关机
2021-03-20 12:14:50,153 [Thread-DUT1] INFO  UiDebug AILinkFactoryAuto.Core.Log Info 0 - Tx:A5 C3 00 1A 00 00 00 40 02 00 00 00 00 00 00 00 00 00 00 00 00 00 00 00 00 3E 
2021-03-20 12:14:50,673 [Thread-DUT1] INFO  UiDebug AILinkFactoryAuto.Core.Log Info 0 - Rx:A5 C3 00 1A 00 00 A0 40 02 00 00 00 00 00 00 00 00 00 00 00 00 00 00 00 00 9E 
2021-03-20 12:14:50,718 [Thread-DUT1] INFO  UiDebug AILinkFactoryAuto.Core.Log Info 0 - 核验RX的校验位：正确,返回校验位:9E,计算校验位:9E
2021-03-20 12:14:50,746 [Thread-DUT1] INFO  UiDebug AILinkFactoryAuto.Core.Log Info 0 - 应答报文格式检查PASS
2021-03-20 12:14:50,784 [Thread-DUT1] INFO  UiDebug AILinkFactoryAuto.Core.Log Pass 0 - TestTime:660.3508ms
                                                                        PASS
2021-03-20 12:14:50,803 [Thread-DUT1] INFO  UiDebug AILinkFactoryAuto.Core.Log Info 0 - 44 AT-获取待机时低压通道1
2021-03-20 12:14:50,922 [Thread-DUT1] INFO  UiDebug AILinkFactoryAuto.Core.Log Info 0 - AT Commond=AT+LVL1?
2021-03-20 12:14:51,782 [Thread-DUT1] INFO  UiDebug AILinkFactoryAuto.Core.Log Info 0 - AT Response=LVL1=3.107
OK

2021-03-20 12:14:51,793 [Thread-DUT1] INFO  UiDebug AILinkFactoryAuto.Core.Log Pass 0 - TestTime:994.6424ms
                                                                        PASS
2021-03-20 12:14:51,805 [Thread-DUT1] INFO  UiDebug AILinkFactoryAuto.Core.Log Info 0 - 45 检查待机时低压通道1
2021-03-20 12:14:51,814 [Thread-DUT1] INFO  UiDebug AILinkFactoryAuto.Core.Log Info 0 - 低压通道1电压值：3.107，在设定范围：1 ~ 5之间 PASS 

2021-03-20 12:14:51,824 [Thread-DUT1] INFO  UiDebug AILinkFactoryAuto.Core.Log Pass 0 - TestTime:19.3661ms
                                                                        PASS
2021-03-20 12:14:51,847 [Thread-DUT1] INFO  UiDebug AILinkFactoryAuto.Core.Log Info 0 - 50 关闭SKG主串口
2021-03-20 12:14:51,861 [Thread-DUT1] INFO  UiDebug AILinkFactoryAuto.Core.Log Pass 0 - TestTime:14.3015ms
                                                                        PASS
2021-03-20 12:14:51,872 [Thread-DUT1] INFO  UiDebug AILinkFactoryAuto.Core.Log Info 0 - 51 关闭采集板卡串口
2021-03-20 12:14:51,897 [Thread-DUT1] INFO  UiDebug AILinkFactoryAuto.Core.Log Pass 0 - TestTime:25.7748ms
                                                                        PASS
2021-03-20 12:14:51,913 [Thread-DUT1] INFO  UiDebug AILinkFactoryAuto.Core.Log Info 0 - 52 Deinit
2021-03-20 12:14:51,923 [Thread-DUT1] INFO  UiDebug AILinkFactoryAuto.Core.Log Pass 0 - TestTime:11.7718ms
                                                                        PASS
2021-03-20 12:14:51,932 [Thread-DUT1] INFO  UiDebug AILinkFactoryAuto.Core.Log Pass 0 - 
     PPPPPPPPPPPPPPPPPPPPPPPPPPPPPPPPPPPPPPPPPPPPPPPPPPPPPPPPPPPPPPPPPPPPPPP
     PP                                                                   PP
     PP                 PPPPPPPP     PPP     PPPPPP   PPPPPP              PP
     PP                 PP     PP   PP PP   PP    PP PP    PP             PP
     PP                 PP     PP  PP   PP  PP       PP                   PP
     PP                 PPPPPPPP  PP     PP  PPPPPP   PPPPPP              PP
     PP                 PP        PPPPPPPPP       PP       PP             PP
     PP                 PP        PP     PP PP    PP PP    PP             PP
     PP                 PP        PP     PP  PPPPPP   PPPPPP              PP
     PP                                                                   PP
     PPPPPPPPPPPPPPPPPPPPPPPPPPPPPPPPPPPPPPPPPPPPPPPPPPPPPPPPPPPPPPPPPPPPPPP

2021-03-20 12:14:51,942 [Thread-DUT1] ERROR UiDebug AILinkFactoryAuto.Core.Log Fail 0 - 
2021-03-20 12:14:51,953 [Thread-DUT1] INFO  UiDebug AILinkFactoryAuto.Core.Log Info 0 - all test time:0:00:36.7461079
2021-03-20 12:15:54,492 [FormStudio] INFO  UiInfo AILinkFactoryAuto.View.FormMain LoadJts 0 - 加载测试序列成功
2021-03-20 12:15:54,492 [FormStudio] INFO  UiInfo AILinkFactoryAuto.View.FormMain FormMain_Shown 0 - DUT1
2021-03-20 12:15:54,492 [FormStudio] INFO  UiInfo AILinkFactoryAuto.View.FormMain FormMain_Shown 0 - 加载测试序列=[\projects\SKG-TEST\DUT1_SKGtest.jts]
2021-03-20 12:15:54,495 [FormStudio] INFO  UiInfo AILinkFactoryAuto.View.FormMain LoadJts 0 - 加载测试序列成功
2021-03-20 12:15:54,495 [FormStudio] INFO  UiInfo AILinkFactoryAuto.View.FormMain FormMain_Shown 0 - FormMain................Success!
2021-03-20 12:17:15,450 [FormStudio] INFO  UiInfo AILinkFactoryAuto.View.FormMain LoadJts 0 - 加载测试序列成功
2021-03-20 12:17:15,451 [FormStudio] INFO  UiInfo AILinkFactoryAuto.View.FormMain FormMain_Shown 0 - DUT1
2021-03-20 12:17:15,451 [FormStudio] INFO  UiInfo AILinkFactoryAuto.View.FormMain FormMain_Shown 0 - 加载测试序列=[\projects\SKG-TEST\DUT1_SKGtest.jts]
2021-03-20 12:17:15,453 [FormStudio] INFO  UiInfo AILinkFactoryAuto.View.FormMain LoadJts 0 - 加载测试序列成功
2021-03-20 12:17:15,453 [FormStudio] INFO  UiInfo AILinkFactoryAuto.View.FormMain FormMain_Shown 0 - FormMain................Success!
2021-03-20 12:17:50,704 [Thread-DUT1] INFO  UiDebug AILinkFactoryAuto.Core.Log Info 0 - 
     ***********************************************************************
     ***********************************************************************
     ***********                                                  **********
     ***********                  FactoryAuto                     **********
     ***********                  Huafuu                          **********
     ***********                                                  **********
     ***********                                                  **********
     ***********************************************************************
     ***********************************************************************
     Test Date: 2021-03-20, Test Time: 12:17:50


2021-03-20 12:17:50,722 [Thread-DUT1] INFO  UiDebug AILinkFactoryAuto.Core.Log Info 0 - 1 Init
2021-03-20 12:17:50,731 [Thread-DUT1] INFO  UiDebug AILinkFactoryAuto.Task.Executer.InitExecuter Run 0 - Start Init......
2021-03-20 12:17:50,732 [Thread-DUT1] INFO  UiDebug AILinkFactoryAuto.Core.Log Pass 0 - TestTime:11.966ms
                                                                        PASS
2021-03-20 12:17:50,742 [Thread-DUT1] INFO  UiDebug AILinkFactoryAuto.Core.Log Info 0 - 2 扫码枪扫描标签
2021-03-20 12:17:50,755 [Thread-DUT1] INFO  UiDebug AILinkFactoryAuto.Core.Log Info 0 - IMEI=
2021-03-20 12:17:50,764 [Thread-DUT1] INFO  UiDebug AILinkFactoryAuto.Core.Log Info 0 - MEID=
2021-03-20 12:17:50,776 [Thread-DUT1] INFO  UiDebug AILinkFactoryAuto.Core.Log Info 0 - SN=
2021-03-20 12:17:50,784 [Thread-DUT1] INFO  UiDebug AILinkFactoryAuto.Core.Log Info 0 - MAC=
2021-03-20 12:17:50,792 [Thread-DUT1] INFO  UiDebug AILinkFactoryAuto.Core.Log Pass 0 - TestTime:49.7488ms
                                                                        PASS
2021-03-20 12:17:50,808 [Thread-DUT1] INFO  UiDebug AILinkFactoryAuto.Core.Log Info 0 - 3 打开SKG主串口
2021-03-20 12:17:50,936 [Thread-DUT1] INFO  UiDebug AILinkFactoryAuto.Core.Log Pass 0 - TestTime:130.4211ms
                                                                        PASS
2021-03-20 12:17:50,947 [Thread-DUT1] INFO  UiDebug AILinkFactoryAuto.Core.Log Info 0 - 4 打开采集板卡串口
2021-03-20 12:17:51,063 [Thread-DUT1] INFO  UiDebug AILinkFactoryAuto.Core.Log Pass 0 - TestTime:117.05ms
                                                                        PASS
2021-03-20 12:17:51,089 [Thread-DUT1] INFO  UiDebug AILinkFactoryAuto.Core.Log Info 0 - 7 发送SKG查询指令
2021-03-20 12:17:51,099 [Thread-DUT1] INFO  UiDebug AILinkFactoryAuto.Core.Log Info 0 - Tx:A5 C3 00 11 00 00 00 37 FF FF FF FF FF FF FF FF 40 
2021-03-20 12:17:54,370 [Thread-DUT1] INFO  UiDebug AILinkFactoryAuto.Core.Log Info 0 - 超时：System.Func`1[System.Boolean]
2021-03-20 12:17:54,381 [Thread-DUT1] ERROR UiDebug AILinkFactoryAuto.View.FormMain Run 0 - AILinkFactoryAuto.Task.BaseException: 超时：System.Func`1[System.Boolean]
   在 AILinkFactoryAuto.Utils.TimeUtils.Execute(Func`1 func, Int32 ms, Int32 interval)
   在 AILinkFactoryAuto.Task.SmartBracelet.Executer.SKGExecuter.Run(IProperties properties, GlobalDic`2 globalDic) 位置 F:\2_工作和软件\1_工作存档\02Ohters\SKG\code\WF-RTL8720N\SmartBraceletCheck\SmartBracelet\Executer\SKGExecuter.cs:行号 171
   在 AILinkFactoryAuto.View.FormMain.Run()
2021-03-20 12:17:54,489 [Thread-DUT1] WARN  UiDebug AILinkFactoryAuto.Core.Log Warn 0 - 重试第1次
2021-03-20 12:17:54,498 [Thread-DUT1] INFO  UiDebug AILinkFactoryAuto.Core.Log Info 0 - Tx:A5 C3 00 11 00 00 00 37 FF FF FF FF FF FF FF FF 40 
2021-03-20 12:21:02,065 [FormStudio] INFO  UiInfo AILinkFactoryAuto.View.FormStudio FormStudio_Shown 0 - 
           _____ _      _       _    ______         _                                 _        _____ _             _ _       
     /\   |_   _| |    (_)     | |  |  ____|       | |                     /\        | |      / ____| |           | (_)      
    /  \    | | | |     _ _ __ | | _| |__ __ _  ___| |_ ___  _ __ _   _   /  \  _   _| |_ ___| (___ | |_ _   _  __| |_  ___  
   / /\ \   | | | |    | | '_ \| |/ /  __/ _` |/ __| __/ _ \| '__| | | | / /\ \| | | | __/ _ \\___ \| __| | | |/ _` | |/ _ \ 
  / ____ \ _| |_| |____| | | | |   <| | | (_| | (__| || (_) | |  | |_| |/ ____ \ |_| | || (_) |___) | |_| |_| | (_| | | (_) |
 /_/    \_\_____|______|_|_| |_|_|\_\_|  \__,_|\___|\__\___/|_|   \__, /_/    \_\__,_|\__\___/_____/ \__|\__,_|\__,_|_|\___/ 
                                                                   __/ |                                                     
                                                                  |___/                                                      

2021-03-20 12:21:02,085 [FormStudio] INFO  UiInfo AILinkFactoryAuto.View.FormStudio FormStudio_Shown 0 - 万魔声学SM005，SKG自动测试系统 V1.0.0
2021-03-20 12:21:02,086 [FormStudio] INFO  UiInfo AILinkFactoryAuto.View.FormStudio FormStudio_Shown 0 - V1.0.0
2021-03-20 12:21:02,092 [FormStudio] INFO  UiInfo AILinkFactoryAuto.View.FormMain FormMain_Shown 0 - DUT1
2021-03-20 12:21:02,093 [FormStudio] INFO  UiInfo AILinkFactoryAuto.View.FormMain FormMain_Shown 0 - 加载测试序列=[\projects\SKG-TEST\DUT1_SKGtest.jts]
2021-03-20 12:21:02,520 [FormStudio] INFO  UiInfo AILinkFactoryAuto.View.FormMain LoadJts 0 - 加载测试序列成功
2021-03-20 12:21:02,521 [FormStudio] INFO  UiInfo AILinkFactoryAuto.View.FormMain FormMain_Shown 0 - FormMain................Success!
2021-03-20 12:21:12,403 [Thread-DUT1] INFO  UiDebug AILinkFactoryAuto.Core.Log Info 0 - 
     ***********************************************************************
     ***********************************************************************
     ***********                                                  **********
     ***********                  FactoryAuto                     **********
     ***********                  Huafuu                          **********
     ***********                                                  **********
     ***********                                                  **********
     ***********************************************************************
     ***********************************************************************
     Test Date: 2021-03-20, Test Time: 12:21:12


2021-03-20 12:21:12,433 [Thread-DUT1] INFO  UiDebug AILinkFactoryAuto.Core.Log Info 0 - 1 Init
2021-03-20 12:21:12,444 [Thread-DUT1] INFO  UiDebug AILinkFactoryAuto.Task.Executer.InitExecuter Run 0 - Start Init......
2021-03-20 12:21:12,446 [Thread-DUT1] INFO  UiDebug AILinkFactoryAuto.Core.Log Pass 0 - TestTime:13.9607ms
                                                                        PASS
2021-03-20 12:21:12,459 [Thread-DUT1] INFO  UiDebug AILinkFactoryAuto.Core.Log Info 0 - 2 扫码枪扫描标签
2021-03-20 12:21:12,473 [Thread-DUT1] INFO  UiDebug AILinkFactoryAuto.Core.Log Info 0 - IMEI=
2021-03-20 12:21:12,483 [Thread-DUT1] INFO  UiDebug AILinkFactoryAuto.Core.Log Info 0 - MEID=
2021-03-20 12:21:12,492 [Thread-DUT1] INFO  UiDebug AILinkFactoryAuto.Core.Log Info 0 - SN=
2021-03-20 12:21:12,500 [Thread-DUT1] INFO  UiDebug AILinkFactoryAuto.Core.Log Info 0 - MAC=
2021-03-20 12:21:12,510 [Thread-DUT1] INFO  UiDebug AILinkFactoryAuto.Core.Log Pass 0 - TestTime:53.8136ms
                                                                        PASS
2021-03-20 12:21:12,525 [Thread-DUT1] INFO  UiDebug AILinkFactoryAuto.Core.Log Info 0 - 3 打开SKG主串口
2021-03-20 12:21:12,648 [Thread-DUT1] INFO  UiDebug AILinkFactoryAuto.Core.Log Pass 0 - TestTime:126.7177ms
                                                                        PASS
2021-03-20 12:21:12,661 [Thread-DUT1] INFO  UiDebug AILinkFactoryAuto.Core.Log Info 0 - 4 打开采集板卡串口
2021-03-20 12:21:12,785 [Thread-DUT1] INFO  UiDebug AILinkFactoryAuto.Core.Log Pass 0 - TestTime:123.6281ms
                                                                        PASS
2021-03-20 12:21:12,805 [Thread-DUT1] INFO  UiDebug AILinkFactoryAuto.Core.Log Info 0 - 7 发送SKG查询指令
2021-03-20 12:21:12,817 [Thread-DUT1] INFO  UiDebug AILinkFactoryAuto.Core.Log Info 0 - Tx:A5 C3 00 11 00 00 00 37 FF FF FF FF FF FF FF FF 40 
2021-03-20 12:21:12,941 [Thread-DUT1] INFO  UiDebug AILinkFactoryAuto.Core.Log Info 0 - Rx:A5 C3 00 5E 00 00 A0 37 FF FF FF 00 00 00 00 00 00 DB 2A 23 00 00 00 0A 23 1A 0C FF FF 00 00 00 00 00 00 10 82 80 00 31 31 32 32 33 33 34 34 35 35 36 36 42 00 00 00 00 00 00 00 00 00 00 00 FF FF FF FF FF FF FF FF FF FF FF FF FF FF FF FF FF FF FF FF FF FF FF FF 20 4B 35 2D 32 54 F8 
2021-03-20 12:21:12,975 [Thread-DUT1] INFO  UiDebug AILinkFactoryAuto.Core.Log Info 0 - 核验RX的校验位：正确,返回校验位:F8,计算校验位:F8
2021-03-20 12:21:12,994 [Thread-DUT1] INFO  UiDebug AILinkFactoryAuto.Core.Log Info 0 - 应答报文格式检查PASS
2021-03-20 12:21:13,007 [Thread-DUT1] INFO  UiDebug AILinkFactoryAuto.Core.Log Pass 0 - TestTime:202.8491ms
                                                                        PASS
2021-03-20 12:21:13,026 [Thread-DUT1] INFO  UiDebug AILinkFactoryAuto.Core.Log Info 0 - 8 检查SKG查询到的信息
2021-03-20 12:21:13,044 [Thread-DUT1] INFO  UiDebug AILinkFactoryAuto.Core.Log Info 0 - 未完成过PCBA测试
2021-03-20 12:21:13,053 [Thread-DUT1] INFO  UiDebug AILinkFactoryAuto.Core.Log Info 0 - 未完成过整机测试
2021-03-20 12:21:13,063 [Thread-DUT1] INFO  UiDebug AILinkFactoryAuto.Core.Log Info 0 - 未完成过老化测试
2021-03-20 12:21:13,072 [Thread-DUT1] INFO  UiDebug AILinkFactoryAuto.Core.Log Info 0 - 硬件版本号:0000,与设置版本号:0000一致
2021-03-20 12:21:13,082 [Thread-DUT1] INFO  UiDebug AILinkFactoryAuto.Core.Log Info 0 - 软件版本号:00000000,与设置版本号:00000000一致
2021-03-20 12:21:13,091 [Thread-DUT1] INFO  UiDebug AILinkFactoryAuto.Core.Log Info 0 - MCU ID:DB2A230000000A231A0CFFFF
2021-03-20 12:21:13,105 [Thread-DUT1] INFO  UiDebug AILinkFactoryAuto.Core.Log Info 0 - BLE MAC:000000000000
2021-03-20 12:21:13,114 [Thread-DUT1] INFO  UiDebug AILinkFactoryAuto.Core.Log Info 0 - 电压值(mV)：：4226，在设定范围：500 ~ 5000之间 PASS 

2021-03-20 12:21:13,123 [Thread-DUT1] INFO  UiDebug AILinkFactoryAuto.Core.Log Info 0 - 固件名称:K5-2T,与设置固件名称:K5-2T一致
2021-03-20 12:21:13,132 [Thread-DUT1] INFO  UiDebug AILinkFactoryAuto.Core.Log Pass 0 - TestTime:110.5182ms
                                                                        PASS
2021-03-20 12:21:13,144 [Thread-DUT1] INFO  UiDebug AILinkFactoryAuto.Core.Log Info 0 - 9 SKG授权-PCBID授权
2021-03-20 12:21:13,156 [Thread-DUT1] INFO  UiDebug AILinkFactoryAuto.Core.Log Info 0 - Tx:A5 C3 00 23 00 00 00 23 02 0D 31 32 33 34 35 36 37 38 39 31 41 42 43 00 00 00 00 00 00 00 00 00 00 00 29 
2021-03-20 12:21:13,676 [Thread-DUT1] INFO  UiDebug AILinkFactoryAuto.Core.Log Info 0 - Rx:A5 C3 00 35 00 00 A0 23 02 3D 31 32 33 34 35 36 37 38 39 31 41 42 43 00 00 00 00 00 00 00 00 00 00 00 DB 2A 23 00 00 00 0A 23 1A 0C FF FF 00 00 00 00 00 00 42 
2021-03-20 12:21:13,693 [Thread-DUT1] INFO  UiDebug AILinkFactoryAuto.Core.Log Info 0 - 核验RX的校验位：正确,返回校验位:42,计算校验位:42
2021-03-20 12:21:13,702 [Thread-DUT1] INFO  UiDebug AILinkFactoryAuto.Core.Log Info 0 - 应答报文格式检查PASS
2021-03-20 12:21:13,711 [Thread-DUT1] INFO  UiDebug AILinkFactoryAuto.Core.Log Info 0 - 回复的授权内容:313233343536373839314142430000000000000000000000
发送的授权内容:313233343536373839314142430000000000000000000000
一致
2021-03-20 12:21:13,720 [Thread-DUT1] INFO  UiDebug AILinkFactoryAuto.Core.Log Info 0 - MCU ID:DB2A230000000A231A0CFFFF
2021-03-20 12:21:13,735 [Thread-DUT1] INFO  UiDebug AILinkFactoryAuto.Core.Log Info 0 - BLE MAC:000000000000
2021-03-20 12:21:13,746 [Thread-DUT1] INFO  UiDebug AILinkFactoryAuto.Core.Log Info 0 - 授权成功
2021-03-20 12:21:13,754 [Thread-DUT1] INFO  UiDebug AILinkFactoryAuto.Core.Log Pass 0 - TestTime:612.2446ms
                                                                        PASS
2021-03-20 12:21:13,765 [Thread-DUT1] INFO  UiDebug AILinkFactoryAuto.Core.Log Info 0 - 10 回读确保授权写入成功-发送查询指令
2021-03-20 12:21:13,776 [Thread-DUT1] INFO  UiDebug AILinkFactoryAuto.Core.Log Info 0 - Tx:A5 C3 00 11 00 00 00 37 FF FF FF FF FF FF FF FF 40 
2021-03-20 12:21:13,894 [Thread-DUT1] INFO  UiDebug AILinkFactoryAuto.Core.Log Info 0 - 核验RX的校验位：错误,返回校验位:92,计算校验位:F9
2021-03-20 12:21:14,370 [Thread-DUT1] INFO  UiDebug AILinkFactoryAuto.Core.Log Info 0 - 超时：System.Func`1[System.Boolean]
2021-03-20 12:21:14,389 [Thread-DUT1] ERROR UiDebug AILinkFactoryAuto.View.FormMain Run 0 - AILinkFactoryAuto.Task.BaseException: 超时：System.Func`1[System.Boolean]
   在 AILinkFactoryAuto.Utils.TimeUtils.Execute(Func`1 func, Int32 ms, Int32 interval)
   在 AILinkFactoryAuto.Task.SmartBracelet.Executer.SKGExecuter.Run(IProperties properties, GlobalDic`2 globalDic) 位置 F:\2_工作和软件\1_工作存档\02Ohters\SKG\code\WF-RTL8720N\SmartBraceletCheck\SmartBracelet\Executer\SKGExecuter.cs:行号 171
   在 AILinkFactoryAuto.View.FormMain.Run()
2021-03-20 12:21:14,500 [Thread-DUT1] WARN  UiDebug AILinkFactoryAuto.Core.Log Warn 0 - 重试第1次
2021-03-20 12:21:14,510 [Thread-DUT1] INFO  UiDebug AILinkFactoryAuto.Core.Log Info 0 - Tx:A5 C3 00 11 00 00 00 37 FF FF FF FF FF FF FF FF 40 
2021-03-20 12:21:14,627 [Thread-DUT1] INFO  UiDebug AILinkFactoryAuto.Core.Log Info 0 - Rx:A5 C3 00 5E 00 00 A0 37 FF FF FF 00 00 00 00 00 00 DB 2A 23 00 00 00 0A 23 1A 0C FF FF 00 00 00 00 00 00 10 82 80 00 31 32 33 34 35 36 37 38 39 31 41 42 43 00 00 00 00 00 00 00 00 00 00 00 FF FF FF FF FF FF FF FF FF FF FF FF FF FF FF FF FF FF FF FF FF FF FF FF 20 4B 35 2D 32 54 FA 
2021-03-20 12:21:14,638 [Thread-DUT1] INFO  UiDebug AILinkFactoryAuto.Core.Log Info 0 - 核验RX的校验位：正确,返回校验位:FA,计算校验位:FA
2021-03-20 12:21:14,649 [Thread-DUT1] INFO  UiDebug AILinkFactoryAuto.Core.Log Info 0 - 应答报文格式检查PASS
2021-03-20 12:21:14,659 [Thread-DUT1] INFO  UiDebug AILinkFactoryAuto.Core.Log Pass 0 - TestTime:895.123ms
                                                                        PASS
2021-03-20 12:21:14,675 [Thread-DUT1] INFO  UiDebug AILinkFactoryAuto.Core.Log Info 0 - 11 回读确保授权写入成功-查询内容检查
2021-03-20 12:21:14,685 [Thread-DUT1] INFO  UiDebug AILinkFactoryAuto.Core.Log Info 0 - 未完成过PCBA测试
2021-03-20 12:21:14,698 [Thread-DUT1] INFO  UiDebug AILinkFactoryAuto.Core.Log Info 0 - 未完成过整机测试
2021-03-20 12:21:14,709 [Thread-DUT1] INFO  UiDebug AILinkFactoryAuto.Core.Log Info 0 - 未完成过老化测试
2021-03-20 12:21:14,718 [Thread-DUT1] INFO  UiDebug AILinkFactoryAuto.Core.Log Info 0 - MCU ID:DB2A230000000A231A0CFFFF
2021-03-20 12:21:14,734 [Thread-DUT1] INFO  UiDebug AILinkFactoryAuto.Core.Log Info 0 - BLE MAC:000000000000
2021-03-20 12:21:14,745 [Thread-DUT1] INFO  UiDebug AILinkFactoryAuto.Core.Log Info 0 - 读取的PCBA-ID:1234567891ABC
2021-03-20 12:21:14,754 [Thread-DUT1] INFO  UiDebug AILinkFactoryAuto.Core.Log Info 0 - 预写PCBIDA-ID :1234567891ABC与写入的PCBA-ID ：1234567891ABC，一致
2021-03-20 12:21:14,764 [Thread-DUT1] INFO  UiDebug AILinkFactoryAuto.Core.Log Pass 0 - TestTime:88.4335ms
                                                                        PASS
2021-03-20 12:21:14,784 [Thread-DUT1] INFO  UiDebug AILinkFactoryAuto.Core.Log Info 0 - 12 发SKG控制指令-EMS13通道
2021-03-20 12:21:14,797 [Thread-DUT1] INFO  UiDebug AILinkFactoryAuto.Core.Log Info 0 - EMS 测试开关设置:正反交替脉冲A_B
2021-03-20 12:21:14,822 [Thread-DUT1] INFO  UiDebug AILinkFactoryAuto.Core.Log Info 0 - EMS 脉宽设置:3500uS
2021-03-20 12:21:14,832 [Thread-DUT1] INFO  UiDebug AILinkFactoryAuto.Core.Log Info 0 - EMS 频率设置:1000Hz
2021-03-20 12:21:14,841 [Thread-DUT1] INFO  UiDebug AILinkFactoryAuto.Core.Log Info 0 - EMS 幅度设置:50000mV
2021-03-20 12:21:14,854 [Thread-DUT1] INFO  UiDebug AILinkFactoryAuto.Core.Log Info 0 - 加热档位控制:开启42度加热或加热中档
2021-03-20 12:21:14,865 [Thread-DUT1] INFO  UiDebug AILinkFactoryAuto.Core.Log Info 0 - Tx:A5 C3 00 1A 00 00 00 40 00 00 03 0D AC 03 E8 C3 50 01 00 00 00 00 00 00 00 E7 
2021-03-20 12:21:15,281 [Thread-DUT1] INFO  UiDebug AILinkFactoryAuto.Core.Log Info 0 - Rx:A5 C3 00 1A 00 00 A0 40 00 00 03 0D AC 03 E8 C3 50 01 00 00 00 00 00 00 00 47 
2021-03-20 12:21:15,291 [Thread-DUT1] INFO  UiDebug AILinkFactoryAuto.Core.Log Info 0 - 核验RX的校验位：正确,返回校验位:47,计算校验位:47
2021-03-20 12:21:15,301 [Thread-DUT1] INFO  UiDebug AILinkFactoryAuto.Core.Log Info 0 - 应答报文格式检查PASS
2021-03-20 12:21:15,310 [Thread-DUT1] INFO  UiDebug AILinkFactoryAuto.Core.Log Pass 0 - TestTime:530.6428ms
                                                                        PASS
2021-03-20 12:21:15,325 [Thread-DUT1] INFO  UiDebug AILinkFactoryAuto.Core.Log Info 0 - 13 AT-获取EMS1
2021-03-20 12:21:15,440 [Thread-DUT1] INFO  UiDebug AILinkFactoryAuto.Core.Log Info 0 - AT Commond=AT+EMS1?
2021-03-20 12:21:15,563 [Thread-DUT1] INFO  UiDebug AILinkFactoryAuto.Core.Log Info 0 - AT Response=EMS1=34.830
OK

2021-03-20 12:21:15,573 [Thread-DUT1] INFO  UiDebug AILinkFactoryAuto.Core.Log Pass 0 - TestTime:248.57ms
                                                                        PASS
2021-03-20 12:21:15,584 [Thread-DUT1] INFO  UiDebug AILinkFactoryAuto.Core.Log Info 0 - 14 检查EMS1
2021-03-20 12:21:15,594 [Thread-DUT1] INFO  UiDebug AILinkFactoryAuto.Core.Log Info 0 - EMS1的值：34.83，在设定范围：1 ~ 50之间 PASS 

2021-03-20 12:21:15,607 [Thread-DUT1] INFO  UiDebug AILinkFactoryAuto.Core.Log Pass 0 - TestTime:23.0895ms
                                                                        PASS
2021-03-20 12:21:15,620 [Thread-DUT1] INFO  UiDebug AILinkFactoryAuto.Core.Log Info 0 - 15 发SKG控制指令-EMS24-通道
2021-03-20 12:21:15,632 [Thread-DUT1] INFO  UiDebug AILinkFactoryAuto.Core.Log Info 0 - EMS 测试开关设置:正反交替脉冲E_F
2021-03-20 12:21:15,643 [Thread-DUT1] INFO  UiDebug AILinkFactoryAuto.Core.Log Info 0 - EMS 脉宽设置:3500uS
2021-03-20 12:21:15,655 [Thread-DUT1] INFO  UiDebug AILinkFactoryAuto.Core.Log Info 0 - EMS 频率设置:1000Hz
2021-03-20 12:21:15,666 [Thread-DUT1] INFO  UiDebug AILinkFactoryAuto.Core.Log Info 0 - EMS 幅度设置:50000mV
2021-03-20 12:21:15,677 [Thread-DUT1] INFO  UiDebug AILinkFactoryAuto.Core.Log Info 0 - 加热档位控制:开启42度加热或加热中档
2021-03-20 12:21:15,686 [Thread-DUT1] INFO  UiDebug AILinkFactoryAuto.Core.Log Info 0 - Tx:A5 C3 00 1A 00 00 00 40 00 00 05 0D AC 03 E8 C3 50 01 00 00 00 00 00 00 00 E1 
2021-03-20 12:21:16,110 [Thread-DUT1] INFO  UiDebug AILinkFactoryAuto.Core.Log Info 0 - Rx:A5 C3 00 1A 00 00 A0 40 00 00 05 0D AC 03 E8 C3 50 01 00 00 00 00 00 00 00 41 
2021-03-20 12:21:16,125 [Thread-DUT1] INFO  UiDebug AILinkFactoryAuto.Core.Log Info 0 - 核验RX的校验位：正确,返回校验位:41,计算校验位:41
2021-03-20 12:21:16,136 [Thread-DUT1] INFO  UiDebug AILinkFactoryAuto.Core.Log Info 0 - 应答报文格式检查PASS
2021-03-20 12:21:16,148 [Thread-DUT1] INFO  UiDebug AILinkFactoryAuto.Core.Log Pass 0 - TestTime:528.312ms
                                                                        PASS
2021-03-20 12:21:16,160 [Thread-DUT1] INFO  UiDebug AILinkFactoryAuto.Core.Log Info 0 - 16 AT-获取EMS2
2021-03-20 12:21:16,281 [Thread-DUT1] INFO  UiDebug AILinkFactoryAuto.Core.Log Info 0 - AT Commond=AT+EMS2?
2021-03-20 12:21:16,404 [Thread-DUT1] INFO  UiDebug AILinkFactoryAuto.Core.Log Info 0 - AT Response=EMS2=34.533
OK

2021-03-20 12:21:16,413 [Thread-DUT1] INFO  UiDebug AILinkFactoryAuto.Core.Log Pass 0 - TestTime:253.535ms
                                                                        PASS
2021-03-20 12:21:16,425 [Thread-DUT1] INFO  UiDebug AILinkFactoryAuto.Core.Log Info 0 - 17 检查EMS2
2021-03-20 12:21:16,434 [Thread-DUT1] INFO  UiDebug AILinkFactoryAuto.Core.Log Info 0 - EMS2的值：34.53，在设定范围：1 ~ 60之间 PASS 

2021-03-20 12:21:16,445 [Thread-DUT1] INFO  UiDebug AILinkFactoryAuto.Core.Log Pass 0 - TestTime:21.9231ms
                                                                        PASS
2021-03-20 12:21:16,460 [Thread-DUT1] INFO  UiDebug AILinkFactoryAuto.Core.Log Info 0 - 18 发SKG控制指令-开机
2021-03-20 12:21:16,471 [Thread-DUT1] INFO  UiDebug AILinkFactoryAuto.Core.Log Info 0 - 开关机设置:开机
2021-03-20 12:21:16,480 [Thread-DUT1] INFO  UiDebug AILinkFactoryAuto.Core.Log Info 0 - Tx:A5 C3 00 1A 00 00 00 40 01 00 00 00 00 00 00 00 00 00 00 00 00 00 00 00 00 3D 
2021-03-20 12:21:17,000 [Thread-DUT1] INFO  UiDebug AILinkFactoryAuto.Core.Log Info 0 - Rx:A5 C3 00 1A 00 00 A0 40 01 00 00 00 00 00 00 00 00 00 00 00 00 00 00 00 00 9D 
2021-03-20 12:21:17,018 [Thread-DUT1] INFO  UiDebug AILinkFactoryAuto.Core.Log Info 0 - 核验RX的校验位：正确,返回校验位:9D,计算校验位:9D
2021-03-20 12:21:17,028 [Thread-DUT1] INFO  UiDebug AILinkFactoryAuto.Core.Log Info 0 - 应答报文格式检查PASS
2021-03-20 12:21:17,054 [Thread-DUT1] INFO  UiDebug AILinkFactoryAuto.Core.Log Pass 0 - TestTime:597.4718ms
                                                                        PASS
2021-03-20 12:21:17,099 [Thread-DUT1] INFO  UiDebug AILinkFactoryAuto.Core.Log Info 0 - 19 发SKG控制指令-关机
2021-03-20 12:21:17,127 [Thread-DUT1] INFO  UiDebug AILinkFactoryAuto.Core.Log Info 0 - 开关机设置:关机
2021-03-20 12:21:17,150 [Thread-DUT1] INFO  UiDebug AILinkFactoryAuto.Core.Log Info 0 - Tx:A5 C3 00 1A 00 00 00 40 02 00 00 00 00 00 00 00 00 00 00 00 00 00 00 00 00 3E 
2021-03-20 12:21:17,670 [Thread-DUT1] INFO  UiDebug AILinkFactoryAuto.Core.Log Info 0 - Rx:A5 C3 00 1A 00 00 A0 40 02 00 00 00 00 00 00 00 00 00 00 00 00 00 00 00 00 9E 
2021-03-20 12:21:17,682 [Thread-DUT1] INFO  UiDebug AILinkFactoryAuto.Core.Log Info 0 - 核验RX的校验位：正确,返回校验位:9E,计算校验位:9E
2021-03-20 12:21:17,694 [Thread-DUT1] INFO  UiDebug AILinkFactoryAuto.Core.Log Info 0 - 应答报文格式检查PASS
2021-03-20 12:21:17,702 [Thread-DUT1] INFO  UiDebug AILinkFactoryAuto.Core.Log Pass 0 - TestTime:614.9688ms
                                                                        PASS
2021-03-20 12:21:17,716 [Thread-DUT1] INFO  UiDebug AILinkFactoryAuto.Core.Log Info 0 - 20 发SKG控制指令-发出声音+LED全关
2021-03-20 12:21:17,727 [Thread-DUT1] INFO  UiDebug AILinkFactoryAuto.Core.Log Info 0 - LED 模式设置:LED全关
2021-03-20 12:21:17,739 [Thread-DUT1] INFO  UiDebug AILinkFactoryAuto.Core.Log Info 0 - Tx:A5 C3 00 1A 00 00 00 40 00 03 00 00 00 00 00 00 00 00 01 00 00 00 00 00 00 3E 
2021-03-20 12:21:18,264 [Thread-DUT1] INFO  UiDebug AILinkFactoryAuto.Core.Log Info 0 - Rx:A5 C3 00 1A 00 00 A0 40 00 03 00 00 00 00 00 00 00 00 01 00 00 00 00 00 00 9E 
2021-03-20 12:21:18,293 [Thread-DUT1] INFO  UiDebug AILinkFactoryAuto.Core.Log Info 0 - 核验RX的校验位：正确,返回校验位:9E,计算校验位:9E
2021-03-20 12:21:18,327 [Thread-DUT1] INFO  UiDebug AILinkFactoryAuto.Core.Log Info 0 - 应答报文格式检查PASS
2021-03-20 12:21:18,340 [Thread-DUT1] INFO  UiDebug AILinkFactoryAuto.Core.Log Pass 0 - TestTime:627.5315ms
                                                                        PASS
2021-03-20 12:21:18,359 [Thread-DUT1] INFO  UiDebug AILinkFactoryAuto.Core.Log Info 0 - 21 声音检查-用户判断
2021-03-20 12:21:19,458 [Thread-DUT1] INFO  UiDebug AILinkFactoryAuto.Core.Log Pass 0 - User Press Space
2021-03-20 12:21:19,477 [Thread-DUT1] INFO  UiDebug AILinkFactoryAuto.Core.Log Pass 0 - TestTime:1120.4594ms
                                                                        PASS
2021-03-20 12:21:19,499 [Thread-DUT1] INFO  UiDebug AILinkFactoryAuto.Core.Log Info 0 - 22 发SKG控制指令-LED红/橙灯
2021-03-20 12:21:19,511 [Thread-DUT1] INFO  UiDebug AILinkFactoryAuto.Core.Log Info 0 - LED 模式设置:蓝色LED开
2021-03-20 12:21:19,526 [Thread-DUT1] INFO  UiDebug AILinkFactoryAuto.Core.Log Info 0 - Tx:A5 C3 00 1A 00 00 00 40 00 02 00 00 00 00 00 00 00 00 00 00 00 00 00 00 00 3E 
2021-03-20 12:21:20,046 [Thread-DUT1] INFO  UiDebug AILinkFactoryAuto.Core.Log Info 0 - Rx:A5 C3 00 1A 00 00 A0 40 00 02 00 00 00 00 00 00 00 00 00 00 00 00 00 00 00 9E 
2021-03-20 12:21:20,088 [Thread-DUT1] INFO  UiDebug AILinkFactoryAuto.Core.Log Info 0 - 核验RX的校验位：正确,返回校验位:9E,计算校验位:9E
2021-03-20 12:21:20,118 [Thread-DUT1] INFO  UiDebug AILinkFactoryAuto.Core.Log Info 0 - 应答报文格式检查PASS
2021-03-20 12:21:20,146 [Thread-DUT1] INFO  UiDebug AILinkFactoryAuto.Core.Log Pass 0 - TestTime:648.0493ms
                                                                        PASS
2021-03-20 12:21:20,161 [Thread-DUT1] INFO  UiDebug AILinkFactoryAuto.Core.Log Info 0 - 23 LED红/橙灯检查-用户判断
2021-03-20 12:21:20,767 [Thread-DUT1] INFO  UiDebug AILinkFactoryAuto.Core.Log Pass 0 - User Press Space
2021-03-20 12:21:20,816 [Thread-DUT1] INFO  UiDebug AILinkFactoryAuto.Core.Log Pass 0 - TestTime:657.6226ms
                                                                        PASS
2021-03-20 12:21:20,836 [Thread-DUT1] INFO  UiDebug AILinkFactoryAuto.Core.Log Info 0 - 24 发SKG控制指令-LED蓝灯
2021-03-20 12:21:20,849 [Thread-DUT1] INFO  UiDebug AILinkFactoryAuto.Core.Log Info 0 - LED 模式设置:红或橙色LED开
2021-03-20 12:21:20,859 [Thread-DUT1] INFO  UiDebug AILinkFactoryAuto.Core.Log Info 0 - Tx:A5 C3 00 1A 00 00 00 40 00 01 00 00 00 00 00 00 00 00 00 00 00 00 00 00 00 3D 
2021-03-20 12:21:21,388 [Thread-DUT1] INFO  UiDebug AILinkFactoryAuto.Core.Log Info 0 - Rx:A5 C3 00 1A 00 00 A0 40 00 01 00 00 00 00 00 00 00 00 00 00 00 00 00 00 00 9D 
2021-03-20 12:21:21,420 [Thread-DUT1] INFO  UiDebug AILinkFactoryAuto.Core.Log Info 0 - 核验RX的校验位：正确,返回校验位:9D,计算校验位:9D
2021-03-20 12:21:21,434 [Thread-DUT1] INFO  UiDebug AILinkFactoryAuto.Core.Log Info 0 - 应答报文格式检查PASS
2021-03-20 12:21:21,445 [Thread-DUT1] INFO  UiDebug AILinkFactoryAuto.Core.Log Pass 0 - TestTime:612.3935ms
                                                                        PASS
2021-03-20 12:21:21,462 [Thread-DUT1] INFO  UiDebug AILinkFactoryAuto.Core.Log Info 0 - 25 LED蓝灯检查-用户判断
2021-03-20 12:21:22,252 [Thread-DUT1] INFO  UiDebug AILinkFactoryAuto.Core.Log Pass 0 - User Press Space
2021-03-20 12:21:22,294 [Thread-DUT1] INFO  UiDebug AILinkFactoryAuto.Core.Log Pass 0 - TestTime:836.5299ms
                                                                        PASS
2021-03-20 12:21:22,328 [Thread-DUT1] INFO  UiDebug AILinkFactoryAuto.Core.Log Info 0 - 32 AT-控制继电器电压输出5V
2021-03-20 12:21:22,448 [Thread-DUT1] INFO  UiDebug AILinkFactoryAuto.Core.Log Info 0 - AT Commond=AT+VO=1!
2021-03-20 12:21:22,573 [Thread-DUT1] INFO  UiDebug AILinkFactoryAuto.Core.Log Info 0 - AT Response=VO=1
OK

2021-03-20 12:21:22,584 [Thread-DUT1] INFO  UiDebug AILinkFactoryAuto.Core.Log Pass 0 - TestTime:256.8078ms
                                                                        PASS
2021-03-20 12:21:22,601 [Thread-DUT1] INFO  UiDebug AILinkFactoryAuto.Core.Log Info 0 - 33 上报检测-充电及USB插入状态检测
2021-03-20 12:21:22,796 [Thread-DUT1] INFO  UiDebug AILinkFactoryAuto.Core.Log Info 0 - Rx:A5 C3 00 0D 00 00 A0 41 00 01 03 01 89 A5 C3 00 0D 00 00 A0 41 00 01 01 01 8B 
2021-03-20 12:21:22,806 [Thread-DUT1] INFO  UiDebug AILinkFactoryAuto.Core.Log Pass 0 - PASS,返回正确状态关键字：A041000103
2021-03-20 12:21:22,826 [Thread-DUT1] INFO  UiDebug AILinkFactoryAuto.Core.Log Pass 0 - TestTime:228.4391ms
                                                                        PASS
2021-03-20 12:21:22,847 [Thread-DUT1] INFO  UiDebug AILinkFactoryAuto.Core.Log Info 0 - 34 AT-读取电量值
2021-03-20 12:21:22,966 [Thread-DUT1] INFO  UiDebug AILinkFactoryAuto.Core.Log Info 0 - AT Commond=AT+CRT1?
2021-03-20 12:21:23,092 [Thread-DUT1] INFO  UiDebug AILinkFactoryAuto.Core.Log Info 0 - AT Response=CRT1=0.301
OK

2021-03-20 12:21:23,122 [Thread-DUT1] INFO  UiDebug AILinkFactoryAuto.Core.Log Info 0 - read info value fail
2021-03-20 12:21:23,141 [Thread-DUT1] ERROR UiDebug AILinkFactoryAuto.View.FormMain Run 0 - AILinkFactoryAuto.Task.BaseException: read info value fail
   在 AILinkFactoryAuto.Dut.AtCommand.Executer.AtCommandExecuter.Run(IProperties properties, GlobalDic`2 globalDic) 位置 F:\2_工作和软件\1_工作存档\01长虹爱联\功能测试框架搭建\new\Platform\TaskAtCommand\AtCommand\Executer\AtCommandExecuter.cs:行号 176
   在 AILinkFactoryAuto.View.FormMain.Run()
2021-03-20 12:21:23,344 [Thread-DUT1] WARN  UiDebug AILinkFactoryAuto.Core.Log Warn 0 - 重试第1次
2021-03-20 12:21:23,471 [Thread-DUT1] INFO  UiDebug AILinkFactoryAuto.Core.Log Info 0 - AT Commond=AT+CRT1?
2021-03-20 12:21:23,614 [Thread-DUT1] INFO  UiDebug AILinkFactoryAuto.Core.Log Info 0 - AT Response=CRT1=-511.996
OK

2021-03-20 12:21:23,625 [Thread-DUT1] INFO  UiDebug AILinkFactoryAuto.Core.Log Pass 0 - TestTime:777.3088ms
                                                                        PASS
2021-03-20 12:21:23,635 [Thread-DUT1] INFO  UiDebug AILinkFactoryAuto.Core.Log Info 0 - 35 检查CRT值
2021-03-20 12:21:23,645 [Thread-DUT1] INFO  UiDebug AILinkFactoryAuto.Core.Log Info 0 - CRT1的值：-511.9，在设定范围：-600 ~ 900之间 PASS 

2021-03-20 12:21:23,655 [Thread-DUT1] INFO  UiDebug AILinkFactoryAuto.Core.Log Pass 0 - TestTime:21.4593ms
                                                                        PASS
2021-03-20 12:21:23,671 [Thread-DUT1] INFO  UiDebug AILinkFactoryAuto.Core.Log Info 0 - 36 AT-控制继电器关闭电压输出
2021-03-20 12:21:23,800 [Thread-DUT1] INFO  UiDebug AILinkFactoryAuto.Core.Log Info 0 - AT Commond=AT+VO=0!
2021-03-20 12:21:23,911 [Thread-DUT1] INFO  UiDebug AILinkFactoryAuto.Core.Log Info 0 - AT Response=VO=0
OK

2021-03-20 12:21:23,921 [Thread-DUT1] INFO  UiDebug AILinkFactoryAuto.Core.Log Pass 0 - TestTime:254.7587ms
                                                                        PASS
2021-03-20 12:21:23,937 [Thread-DUT1] INFO  UiDebug AILinkFactoryAuto.Core.Log Info 0 - 37 上报检测-未充电及USB拔出状态检测
2021-03-20 12:21:24,101 [Thread-DUT1] INFO  UiDebug AILinkFactoryAuto.Core.Log Info 0 - Rx:08 00 00 00 A5 C3 00 0D 00 00 A0 41 00 01 01 01 86 A5 C3 00 0D 00 00 A0 41 00 01 01 01 8B A5 C3 00 0D 00 00 A0 41 00 02 01 01 88 A5 C3 00 0D 00 00 A0 41 00 02 03 01 8A 
2021-03-20 12:21:24,117 [Thread-DUT1] INFO  UiDebug AILinkFactoryAuto.Core.Log Pass 0 - PASS,返回正确状态关键字：A041000201
2021-03-20 12:21:24,142 [Thread-DUT1] INFO  UiDebug AILinkFactoryAuto.Core.Log Pass 0 - TestTime:204.0583ms
                                                                        PASS
2021-03-20 12:21:24,170 [Thread-DUT1] INFO  UiDebug AILinkFactoryAuto.Core.Log Info 0 - 38 状态上报检测-加热按键检测
2021-03-20 12:21:24,325 [Thread-DUT1] INFO  UiDebug AILinkFactoryAuto.Core.Log Info 0 - Rx:
2021-03-20 12:21:24,441 [Thread-DUT1] INFO  UiDebug AILinkFactoryAuto.Core.Log Info 0 - Rx:
2021-03-20 12:21:24,551 [Thread-DUT1] INFO  UiDebug AILinkFactoryAuto.Core.Log Info 0 - Rx:
2021-03-20 12:21:24,662 [Thread-DUT1] INFO  UiDebug AILinkFactoryAuto.Core.Log Info 0 - Rx:
2021-03-20 12:21:24,764 [Thread-DUT1] INFO  UiDebug AILinkFactoryAuto.Core.Log Info 0 - Rx:
2021-03-20 12:21:24,878 [Thread-DUT1] INFO  UiDebug AILinkFactoryAuto.Core.Log Info 0 - Rx:
2021-03-20 12:21:24,987 [Thread-DUT1] INFO  UiDebug AILinkFactoryAuto.Core.Log Info 0 - Rx:
2021-03-20 12:21:25,088 [Thread-DUT1] INFO  UiDebug AILinkFactoryAuto.Core.Log Info 0 - Rx:
2021-03-20 12:21:25,203 [Thread-DUT1] INFO  UiDebug AILinkFactoryAuto.Core.Log Info 0 - Rx:
2021-03-20 12:21:25,309 [Thread-DUT1] INFO  UiDebug AILinkFactoryAuto.Core.Log Info 0 - Rx:
2021-03-20 12:21:25,420 [Thread-DUT1] INFO  UiDebug AILinkFactoryAuto.Core.Log Info 0 - Rx:
2021-03-20 12:21:25,535 [Thread-DUT1] INFO  UiDebug AILinkFactoryAuto.Core.Log Info 0 - Rx:
2021-03-20 12:21:25,644 [Thread-DUT1] INFO  UiDebug AILinkFactoryAuto.Core.Log Info 0 - Rx:
2021-03-20 12:21:25,754 [Thread-DUT1] INFO  UiDebug AILinkFactoryAuto.Core.Log Info 0 - Rx:
2021-03-20 12:21:25,862 [Thread-DUT1] INFO  UiDebug AILinkFactoryAuto.Core.Log Info 0 - Rx:
2021-03-20 12:21:25,972 [Thread-DUT1] INFO  UiDebug AILinkFactoryAuto.Core.Log Info 0 - Rx:
2021-03-20 12:21:26,082 [Thread-DUT1] INFO  UiDebug AILinkFactoryAuto.Core.Log Info 0 - Rx:
2021-03-20 12:21:26,193 [Thread-DUT1] INFO  UiDebug AILinkFactoryAuto.Core.Log Info 0 - Rx:
2021-03-20 12:21:26,300 [Thread-DUT1] INFO  UiDebug AILinkFactoryAuto.Core.Log Info 0 - Rx:
2021-03-20 12:21:26,413 [Thread-DUT1] INFO  UiDebug AILinkFactoryAuto.Core.Log Info 0 - Rx:
2021-03-20 12:21:26,517 [Thread-DUT1] INFO  UiDebug AILinkFactoryAuto.Core.Log Info 0 - Rx:
2021-03-20 12:21:26,631 [Thread-DUT1] INFO  UiDebug AILinkFactoryAuto.Core.Log Info 0 - Rx:
2021-03-20 12:21:26,739 [Thread-DUT1] INFO  UiDebug AILinkFactoryAuto.Core.Log Info 0 - Rx:
2021-03-20 12:21:26,849 [Thread-DUT1] INFO  UiDebug AILinkFactoryAuto.Core.Log Info 0 - Rx:
2021-03-20 12:21:26,960 [Thread-DUT1] INFO  UiDebug AILinkFactoryAuto.Core.Log Info 0 - Rx:
2021-03-20 12:21:27,060 [Thread-DUT1] INFO  UiDebug AILinkFactoryAuto.Core.Log Info 0 - Rx:
2021-03-20 12:21:27,178 [Thread-DUT1] INFO  UiDebug AILinkFactoryAuto.Core.Log Info 0 - Rx:
2021-03-20 12:21:27,277 [Thread-DUT1] INFO  UiDebug AILinkFactoryAuto.Core.Log Info 0 - Rx:
2021-03-20 12:21:27,399 [Thread-DUT1] INFO  UiDebug AILinkFactoryAuto.Core.Log Info 0 - Rx:
2021-03-20 12:21:27,496 [Thread-DUT1] INFO  UiDebug AILinkFactoryAuto.Core.Log Info 0 - Rx:
2021-03-20 12:21:27,607 [Thread-DUT1] INFO  UiDebug AILinkFactoryAuto.Core.Log Info 0 - Rx:
2021-03-20 12:21:27,718 [Thread-DUT1] INFO  UiDebug AILinkFactoryAuto.Core.Log Info 0 - Rx:
2021-03-20 12:21:27,828 [Thread-DUT1] INFO  UiDebug AILinkFactoryAuto.Core.Log Info 0 - Rx:
2021-03-20 12:21:27,937 [Thread-DUT1] INFO  UiDebug AILinkFactoryAuto.Core.Log Info 0 - Rx:
2021-03-20 12:21:28,049 [Thread-DUT1] INFO  UiDebug AILinkFactoryAuto.Core.Log Info 0 - Rx:
2021-03-20 12:21:28,158 [Thread-DUT1] INFO  UiDebug AILinkFactoryAuto.Core.Log Info 0 - Rx:
2021-03-20 12:21:28,268 [Thread-DUT1] INFO  UiDebug AILinkFactoryAuto.Core.Log Info 0 - Rx:
2021-03-20 12:21:28,377 [Thread-DUT1] INFO  UiDebug AILinkFactoryAuto.Core.Log Info 0 - Rx:
2021-03-20 12:21:28,489 [Thread-DUT1] INFO  UiDebug AILinkFactoryAuto.Core.Log Info 0 - Rx:
2021-03-20 12:21:28,597 [Thread-DUT1] INFO  UiDebug AILinkFactoryAuto.Core.Log Info 0 - Rx:
2021-03-20 12:21:28,707 [Thread-DUT1] INFO  UiDebug AILinkFactoryAuto.Core.Log Info 0 - Rx:
2021-03-20 12:21:28,815 [Thread-DUT1] INFO  UiDebug AILinkFactoryAuto.Core.Log Info 0 - Rx:
2021-03-20 12:21:28,928 [Thread-DUT1] INFO  UiDebug AILinkFactoryAuto.Core.Log Info 0 - Rx:
2021-03-20 12:21:29,038 [Thread-DUT1] INFO  UiDebug AILinkFactoryAuto.Core.Log Info 0 - Rx:
2021-03-20 12:21:29,147 [Thread-DUT1] INFO  UiDebug AILinkFactoryAuto.Core.Log Info 0 - Rx:
2021-03-20 12:21:29,260 [Thread-DUT1] INFO  UiDebug AILinkFactoryAuto.Core.Log Info 0 - Rx:
2021-03-20 12:21:29,365 [Thread-DUT1] INFO  UiDebug AILinkFactoryAuto.Core.Log Info 0 - Rx:
2021-03-20 12:21:29,465 [Thread-DUT1] INFO  UiDebug AILinkFactoryAuto.Core.Log Info 0 - Rx:
2021-03-20 12:21:29,573 [Thread-DUT1] INFO  UiDebug AILinkFactoryAuto.Core.Log Info 0 - Rx:
2021-03-20 12:21:29,697 [Thread-DUT1] INFO  UiDebug AILinkFactoryAuto.Core.Log Info 0 - Rx:
2021-03-20 12:21:29,795 [Thread-DUT1] INFO  UiDebug AILinkFactoryAuto.Core.Log Info 0 - Rx:
2021-03-20 12:21:29,901 [Thread-DUT1] INFO  UiDebug AILinkFactoryAuto.Core.Log Info 0 - Rx:
2021-03-20 12:21:30,016 [Thread-DUT1] INFO  UiDebug AILinkFactoryAuto.Core.Log Info 0 - Rx:
2021-03-20 12:21:30,124 [Thread-DUT1] INFO  UiDebug AILinkFactoryAuto.Core.Log Info 0 - Rx:
2021-03-20 12:21:30,231 [Thread-DUT1] INFO  UiDebug AILinkFactoryAuto.Core.Log Info 0 - Rx:
2021-03-20 12:21:30,339 [Thread-DUT1] INFO  UiDebug AILinkFactoryAuto.Core.Log Info 0 - Rx:
2021-03-20 12:21:30,448 [Thread-DUT1] INFO  UiDebug AILinkFactoryAuto.Core.Log Info 0 - Rx:
2021-03-20 12:21:30,558 [Thread-DUT1] INFO  UiDebug AILinkFactoryAuto.Core.Log Info 0 - Rx:
2021-03-20 12:21:30,669 [Thread-DUT1] INFO  UiDebug AILinkFactoryAuto.Core.Log Info 0 - Rx:
2021-03-20 12:21:30,780 [Thread-DUT1] INFO  UiDebug AILinkFactoryAuto.Core.Log Info 0 - Rx:
2021-03-20 12:21:30,891 [Thread-DUT1] INFO  UiDebug AILinkFactoryAuto.Core.Log Info 0 - Rx:
2021-03-20 12:21:31,000 [Thread-DUT1] INFO  UiDebug AILinkFactoryAuto.Core.Log Info 0 - Rx:
2021-03-20 12:21:31,109 [Thread-DUT1] INFO  UiDebug AILinkFactoryAuto.Core.Log Info 0 - Rx:
2021-03-20 12:21:31,221 [Thread-DUT1] INFO  UiDebug AILinkFactoryAuto.Core.Log Info 0 - Rx:
2021-03-20 12:21:31,328 [Thread-DUT1] INFO  UiDebug AILinkFactoryAuto.Core.Log Info 0 - Rx:A5 C3 00 0D 00 00 A0 41 02 02 03 01 88 
2021-03-20 12:21:31,338 [Thread-DUT1] INFO  UiDebug AILinkFactoryAuto.Core.Log Pass 0 - PASS,返回正确状态关键字：A04102
2021-03-20 12:21:31,376 [Thread-DUT1] INFO  UiDebug AILinkFactoryAuto.Core.Log Pass 0 - TestTime:7206.1286ms
                                                                        PASS
2021-03-20 12:21:31,423 [Thread-DUT1] INFO  UiDebug AILinkFactoryAuto.Core.Log Info 0 - 39 状态上报检测-电源按键检测
2021-03-20 12:21:31,577 [Thread-DUT1] INFO  UiDebug AILinkFactoryAuto.Core.Log Info 0 - Rx:
2021-03-20 12:21:31,688 [Thread-DUT1] INFO  UiDebug AILinkFactoryAuto.Core.Log Info 0 - Rx:
2021-03-20 12:21:31,797 [Thread-DUT1] INFO  UiDebug AILinkFactoryAuto.Core.Log Info 0 - Rx:
2021-03-20 12:21:31,908 [Thread-DUT1] INFO  UiDebug AILinkFactoryAuto.Core.Log Info 0 - Rx:
2021-03-20 12:21:32,019 [Thread-DUT1] INFO  UiDebug AILinkFactoryAuto.Core.Log Info 0 - Rx:
2021-03-20 12:21:32,126 [Thread-DUT1] INFO  UiDebug AILinkFactoryAuto.Core.Log Info 0 - Rx:
2021-03-20 12:21:32,235 [Thread-DUT1] INFO  UiDebug AILinkFactoryAuto.Core.Log Info 0 - Rx:
2021-03-20 12:21:32,345 [Thread-DUT1] INFO  UiDebug AILinkFactoryAuto.Core.Log Info 0 - Rx:
2021-03-20 12:21:32,456 [Thread-DUT1] INFO  UiDebug AILinkFactoryAuto.Core.Log Info 0 - Rx:
2021-03-20 12:21:32,565 [Thread-DUT1] INFO  UiDebug AILinkFactoryAuto.Core.Log Info 0 - Rx:
2021-03-20 12:21:32,675 [Thread-DUT1] INFO  UiDebug AILinkFactoryAuto.Core.Log Info 0 - Rx:
2021-03-20 12:21:32,780 [Thread-DUT1] INFO  UiDebug AILinkFactoryAuto.Core.Log Info 0 - Rx:
2021-03-20 12:21:32,894 [Thread-DUT1] INFO  UiDebug AILinkFactoryAuto.Core.Log Info 0 - Rx:
2021-03-20 12:21:32,997 [Thread-DUT1] INFO  UiDebug AILinkFactoryAuto.Core.Log Info 0 - Rx:
2021-03-20 12:21:33,113 [Thread-DUT1] INFO  UiDebug AILinkFactoryAuto.Core.Log Info 0 - Rx:
2021-03-20 12:21:33,225 [Thread-DUT1] INFO  UiDebug AILinkFactoryAuto.Core.Log Info 0 - Rx:
2021-03-20 12:21:33,336 [Thread-DUT1] INFO  UiDebug AILinkFactoryAuto.Core.Log Info 0 - Rx:
2021-03-20 12:21:33,431 [Thread-DUT1] INFO  UiDebug AILinkFactoryAuto.Core.Log Info 0 - Rx:
2021-03-20 12:21:33,487 [Thread-DUT1] ERROR UiDebug AILinkFactoryAuto.Core.Log Fail 0 - Wait TimeOut, 15seconds
2021-03-20 12:21:33,929 [Thread-DUT1] INFO  UiDebug AILinkFactoryAuto.Core.Log Info 0 - Rx:A5 C3 00 0D 00 00 A0 41 01 02 03 01 8B 
2021-03-20 12:21:33,939 [Thread-DUT1] INFO  UiDebug AILinkFactoryAuto.Core.Log Pass 0 - PASS,返回正确状态关键字：A04101
2021-03-20 12:21:33,957 [Thread-DUT1] INFO  UiDebug AILinkFactoryAuto.Core.Log Pass 0 - TestTime:2535.1887ms
                                                                        PASS
2021-03-20 12:21:33,978 [Thread-DUT1] INFO  UiDebug AILinkFactoryAuto.Core.Log Info 0 - 43 发SKG控制指令-关机
2021-03-20 12:21:34,016 [Thread-DUT1] INFO  UiDebug AILinkFactoryAuto.Core.Log Info 0 - 开关机设置:关机
2021-03-20 12:21:34,031 [Thread-DUT1] INFO  UiDebug AILinkFactoryAuto.Core.Log Info 0 - Tx:A5 C3 00 1A 00 00 00 40 02 00 00 00 00 00 00 00 00 00 00 00 00 00 00 00 00 3E 
2021-03-20 12:21:34,552 [Thread-DUT1] INFO  UiDebug AILinkFactoryAuto.Core.Log Info 0 - Rx:A5 C3 00 1A 00 00 A0 40 02 00 00 00 00 00 00 00 00 00 00 00 00 00 00 00 00 9E 
2021-03-20 12:21:34,578 [Thread-DUT1] INFO  UiDebug AILinkFactoryAuto.Core.Log Info 0 - 核验RX的校验位：正确,返回校验位:9E,计算校验位:9E
2021-03-20 12:21:34,599 [Thread-DUT1] INFO  UiDebug AILinkFactoryAuto.Core.Log Info 0 - 应答报文格式检查PASS
2021-03-20 12:21:34,621 [Thread-DUT1] INFO  UiDebug AILinkFactoryAuto.Core.Log Pass 0 - TestTime:643.7206ms
                                                                        PASS
2021-03-20 12:21:34,645 [Thread-DUT1] INFO  UiDebug AILinkFactoryAuto.Core.Log Info 0 - 44 AT-获取待机时低压通道1
2021-03-20 12:21:34,787 [Thread-DUT1] INFO  UiDebug AILinkFactoryAuto.Core.Log Info 0 - AT Commond=AT+LVL1?
2021-03-20 12:21:35,617 [Thread-DUT1] INFO  UiDebug AILinkFactoryAuto.Core.Log Info 0 - AT Response=LVL1=3.141
OK

2021-03-20 12:21:35,626 [Thread-DUT1] INFO  UiDebug AILinkFactoryAuto.Core.Log Pass 0 - TestTime:982.6157ms
                                                                        PASS
2021-03-20 12:21:35,643 [Thread-DUT1] INFO  UiDebug AILinkFactoryAuto.Core.Log Info 0 - 45 检查待机时低压通道1
2021-03-20 12:21:35,653 [Thread-DUT1] INFO  UiDebug AILinkFactoryAuto.Core.Log Info 0 - 低压通道1电压值：3.141，在设定范围：1 ~ 5之间 PASS 

2021-03-20 12:21:35,663 [Thread-DUT1] INFO  UiDebug AILinkFactoryAuto.Core.Log Pass 0 - TestTime:21.4048ms
                                                                        PASS
2021-03-20 12:21:35,685 [Thread-DUT1] INFO  UiDebug AILinkFactoryAuto.Core.Log Info 0 - 50 关闭SKG主串口
2021-03-20 12:21:35,698 [Thread-DUT1] INFO  UiDebug AILinkFactoryAuto.Core.Log Pass 0 - TestTime:13.8475ms
                                                                        PASS
2021-03-20 12:21:35,708 [Thread-DUT1] INFO  UiDebug AILinkFactoryAuto.Core.Log Info 0 - 51 关闭采集板卡串口
2021-03-20 12:21:35,722 [Thread-DUT1] INFO  UiDebug AILinkFactoryAuto.Core.Log Pass 0 - TestTime:14.8259ms
                                                                        PASS
2021-03-20 12:21:35,743 [Thread-DUT1] INFO  UiDebug AILinkFactoryAuto.Core.Log Info 0 - 52 Deinit
2021-03-20 12:21:35,771 [Thread-DUT1] INFO  UiDebug AILinkFactoryAuto.Core.Log Pass 0 - TestTime:34.2848ms
                                                                        PASS
2021-03-20 12:21:35,781 [Thread-DUT1] INFO  UiDebug AILinkFactoryAuto.Core.Log Pass 0 - 
     PPPPPPPPPPPPPPPPPPPPPPPPPPPPPPPPPPPPPPPPPPPPPPPPPPPPPPPPPPPPPPPPPPPPPPP
     PP                                                                   PP
     PP                 PPPPPPPP     PPP     PPPPPP   PPPPPP              PP
     PP                 PP     PP   PP PP   PP    PP PP    PP             PP
     PP                 PP     PP  PP   PP  PP       PP                   PP
     PP                 PPPPPPPP  PP     PP  PPPPPP   PPPPPP              PP
     PP                 PP        PPPPPPPPP       PP       PP             PP
     PP                 PP        PP     PP PP    PP PP    PP             PP
     PP                 PP        PP     PP  PPPPPP   PPPPPP              PP
     PP                                                                   PP
     PPPPPPPPPPPPPPPPPPPPPPPPPPPPPPPPPPPPPPPPPPPPPPPPPPPPPPPPPPPPPPPPPPPPPPP

2021-03-20 12:21:35,792 [Thread-DUT1] ERROR UiDebug AILinkFactoryAuto.Core.Log Fail 0 - 
2021-03-20 12:21:35,804 [Thread-DUT1] INFO  UiDebug AILinkFactoryAuto.Core.Log Info 0 - all test time:0:00:23.4085682
