2021-03-19 09:56:25,507 [FormStudio] INFO  UiInfo AILinkFactoryAuto.View.FormStudio FormStudio_Shown 476 - 
           _____ _      _       _    ______         _                                 _        _____ _             _ _       
     /\   |_   _| |    (_)     | |  |  ____|       | |                     /\        | |      / ____| |           | (_)      
    /  \    | | | |     _ _ __ | | _| |__ __ _  ___| |_ ___  _ __ _   _   /  \  _   _| |_ ___| (___ | |_ _   _  __| |_  ___  
   / /\ \   | | | |    | | '_ \| |/ /  __/ _` |/ __| __/ _ \| '__| | | | / /\ \| | | | __/ _ \\___ \| __| | | |/ _` | |/ _ \ 
  / ____ \ _| |_| |____| | | | |   <| | | (_| | (__| || (_) | |  | |_| |/ ____ \ |_| | || (_) |___) | |_| |_| | (_| | | (_) |
 /_/    \_\_____|______|_|_| |_|_|\_\_|  \__,_|\___|\__\___/|_|   \__, /_/    \_\__,_|\__\___/_____/ \__|\__,_|\__,_|_|\___/ 
                                                                   __/ |                                                     
                                                                  |___/                                                      

2021-03-19 09:56:25,558 [FormStudio] INFO  UiInfo AILinkFactoryAuto.View.FormStudio FormStudio_Shown 480 - 万魔声学SM005，SKG自动测试系统 V1.0.0
2021-03-19 09:56:25,558 [FormStudio] INFO  UiInfo AILinkFactoryAuto.View.FormStudio FormStudio_Shown 481 - V1.0.0
2021-03-19 09:56:25,563 [FormStudio] INFO  UiInfo AILinkFactoryAuto.View.FormMain FormMain_Shown 230 - DUT1
2021-03-19 09:56:25,564 [FormStudio] INFO  UiInfo AILinkFactoryAuto.View.FormMain FormMain_Shown 233 - 加载测试序列=[\projects\SKG\DUT1_SKG.jts]
2021-03-19 09:56:26,090 [FormStudio] INFO  UiInfo AILinkFactoryAuto.View.FormMain LoadJts 272 - 加载测试序列成功
2021-03-19 09:56:26,090 [FormStudio] INFO  UiInfo AILinkFactoryAuto.View.FormMain FormMain_Shown 236 - FormMain................Success!
2021-03-19 09:56:31,395 [FormStudio] INFO  UiInfo AILinkFactoryAuto.View.FormStudio TsmDeleteLayout_Click 222 - delete layout ./projects/layout.xml success
2021-03-19 09:56:42,304 [FormStudio] INFO  UiInfo AILinkFactoryAuto.View.FormMain FormMain_Shown 230 - DUT1
2021-03-19 09:56:42,305 [FormStudio] INFO  UiInfo AILinkFactoryAuto.View.FormMain FormMain_Shown 233 - 加载测试序列=[\projects\test\DUT1_SKG.jts]
2021-03-19 09:56:42,310 [FormStudio] INFO  UiInfo AILinkFactoryAuto.View.FormMain LoadJts 272 - 加载测试序列成功
2021-03-19 09:56:42,310 [FormStudio] INFO  UiInfo AILinkFactoryAuto.View.FormMain FormMain_Shown 236 - FormMain................Success!
2021-03-19 09:57:18,272 [FormStudio] INFO  UiInfo AILinkFactoryAuto.View.FormMain LoadJts 272 - 加载测试序列成功
2021-03-19 09:57:18,273 [FormStudio] INFO  UiInfo AILinkFactoryAuto.View.FormMain FormMain_Shown 230 - DUT1
2021-03-19 09:57:18,273 [FormStudio] INFO  UiInfo AILinkFactoryAuto.View.FormMain FormMain_Shown 233 - 加载测试序列=[\projects\test\DUT1_SKG.jts]
2021-03-19 09:57:18,275 [FormStudio] INFO  UiInfo AILinkFactoryAuto.View.FormMain LoadJts 272 - 加载测试序列成功
2021-03-19 09:57:18,275 [FormStudio] INFO  UiInfo AILinkFactoryAuto.View.FormMain FormMain_Shown 236 - FormMain................Success!
2021-03-19 09:57:32,521 [FormStudio] INFO  UiInfo AILinkFactoryAuto.View.FormMain LoadJts 272 - 加载测试序列成功
2021-03-19 09:57:32,521 [FormStudio] INFO  UiInfo AILinkFactoryAuto.View.FormMain FormMain_Shown 230 - DUT1
2021-03-19 09:57:32,521 [FormStudio] INFO  UiInfo AILinkFactoryAuto.View.FormMain FormMain_Shown 233 - 加载测试序列=[\projects\test\DUT1_SKG.jts]
2021-03-19 09:57:32,523 [FormStudio] INFO  UiInfo AILinkFactoryAuto.View.FormMain LoadJts 272 - 加载测试序列成功
2021-03-19 09:57:32,523 [FormStudio] INFO  UiInfo AILinkFactoryAuto.View.FormMain FormMain_Shown 236 - FormMain................Success!
