2021-03-20 20:09:05,587 [FormStudio] INFO  UiInfo AILinkFactoryAuto.View.FormStudio FormStudio_Shown 476 - 
           _____ _      _       _    ______         _                                 _        _____ _             _ _       
     /\   |_   _| |    (_)     | |  |  ____|       | |                     /\        | |      / ____| |           | (_)      
    /  \    | | | |     _ _ __ | | _| |__ __ _  ___| |_ ___  _ __ _   _   /  \  _   _| |_ ___| (___ | |_ _   _  __| |_  ___  
   / /\ \   | | | |    | | '_ \| |/ /  __/ _` |/ __| __/ _ \| '__| | | | / /\ \| | | | __/ _ \\___ \| __| | | |/ _` | |/ _ \ 
  / ____ \ _| |_| |____| | | | |   <| | | (_| | (__| || (_) | |  | |_| |/ ____ \ |_| | || (_) |___) | |_| |_| | (_| | | (_) |
 /_/    \_\_____|______|_|_| |_|_|\_\_|  \__,_|\___|\__\___/|_|   \__, /_/    \_\__,_|\__\___/_____/ \__|\__,_|\__,_|_|\___/ 
                                                                   __/ |                                                     
                                                                  |___/                                                      

2021-03-20 20:09:05,624 [FormStudio] INFO  UiInfo AILinkFactoryAuto.View.FormStudio FormStudio_Shown 480 - 万魔声学SM005，SKG自动测试系统 V1.0.0
2021-03-20 20:09:05,624 [FormStudio] INFO  UiInfo AILinkFactoryAuto.View.FormStudio FormStudio_Shown 481 - V1.0.0
2021-03-20 20:09:05,628 [FormStudio] INFO  UiInfo AILinkFactoryAuto.View.FormMain FormMain_Shown 230 - DUT1
2021-03-20 20:09:05,629 [FormStudio] INFO  UiInfo AILinkFactoryAuto.View.FormMain FormMain_Shown 233 - 加载测试序列=[\projects\SKG-TEST\DUT1_SKGtest.jts]
2021-03-20 20:09:05,994 [FormStudio] INFO  UiInfo AILinkFactoryAuto.View.FormMain LoadJts 272 - 加载测试序列成功
2021-03-20 20:09:05,995 [FormStudio] INFO  UiInfo AILinkFactoryAuto.View.FormMain FormMain_Shown 236 - FormMain................Success!
2021-03-20 20:09:50,005 [FormStudio] INFO  UiInfo AILinkFactoryAuto.View.FormMain LoadJts 272 - 加载测试序列成功
2021-03-20 20:09:50,006 [FormStudio] INFO  UiInfo AILinkFactoryAuto.View.FormMain FormMain_Shown 230 - DUT1
2021-03-20 20:09:50,006 [FormStudio] INFO  UiInfo AILinkFactoryAuto.View.FormMain FormMain_Shown 233 - 加载测试序列=[\projects\SKG-TEST\DUT1_SKGtest.jts]
2021-03-20 20:09:50,008 [FormStudio] INFO  UiInfo AILinkFactoryAuto.View.FormMain LoadJts 272 - 加载测试序列成功
2021-03-20 20:09:50,009 [FormStudio] INFO  UiInfo AILinkFactoryAuto.View.FormMain FormMain_Shown 236 - FormMain................Success!
2021-03-20 20:15:26,937 [FormStudio] INFO  UiInfo AILinkFactoryAuto.View.FormStudio FormStudio_Shown 476 - 
           _____ _      _       _    ______         _                                 _        _____ _             _ _       
     /\   |_   _| |    (_)     | |  |  ____|       | |                     /\        | |      / ____| |           | (_)      
    /  \    | | | |     _ _ __ | | _| |__ __ _  ___| |_ ___  _ __ _   _   /  \  _   _| |_ ___| (___ | |_ _   _  __| |_  ___  
   / /\ \   | | | |    | | '_ \| |/ /  __/ _` |/ __| __/ _ \| '__| | | | / /\ \| | | | __/ _ \\___ \| __| | | |/ _` | |/ _ \ 
  / ____ \ _| |_| |____| | | | |   <| | | (_| | (__| || (_) | |  | |_| |/ ____ \ |_| | || (_) |___) | |_| |_| | (_| | | (_) |
 /_/    \_\_____|______|_|_| |_|_|\_\_|  \__,_|\___|\__\___/|_|   \__, /_/    \_\__,_|\__\___/_____/ \__|\__,_|\__,_|_|\___/ 
                                                                   __/ |                                                     
                                                                  |___/                                                      

2021-03-20 20:15:26,956 [FormStudio] INFO  UiInfo AILinkFactoryAuto.View.FormStudio FormStudio_Shown 480 - 万魔声学SM005，SKG自动测试系统 V1.0.0
2021-03-20 20:15:26,957 [FormStudio] INFO  UiInfo AILinkFactoryAuto.View.FormStudio FormStudio_Shown 481 - V1.0.0
2021-03-20 20:15:26,964 [FormStudio] INFO  UiInfo AILinkFactoryAuto.View.FormMain FormMain_Shown 230 - DUT1
2021-03-20 20:15:26,966 [FormStudio] INFO  UiInfo AILinkFactoryAuto.View.FormMain FormMain_Shown 233 - 加载测试序列=[\projects\SKG-TEST\DUT1_SKGtest.jts]
2021-03-20 20:15:27,281 [FormStudio] INFO  UiInfo AILinkFactoryAuto.View.FormMain LoadJts 272 - 加载测试序列成功
2021-03-20 20:15:27,282 [FormStudio] INFO  UiInfo AILinkFactoryAuto.View.FormMain FormMain_Shown 236 - FormMain................Success!
2021-03-20 20:15:34,535 [FormStudio] INFO  UiInfo AILinkFactoryAuto.View.FormMain LoadJts 272 - 加载测试序列成功
2021-03-20 20:15:34,535 [FormStudio] INFO  UiInfo AILinkFactoryAuto.View.FormMain FormMain_Shown 230 - DUT1
2021-03-20 20:15:34,535 [FormStudio] INFO  UiInfo AILinkFactoryAuto.View.FormMain FormMain_Shown 233 - 加载测试序列=[\projects\SKG-TEST\DUT1_SKGtest.jts]
2021-03-20 20:15:34,542 [FormStudio] INFO  UiInfo AILinkFactoryAuto.View.FormMain LoadJts 272 - 加载测试序列成功
2021-03-20 20:15:34,542 [FormStudio] INFO  UiInfo AILinkFactoryAuto.View.FormMain FormMain_Shown 236 - FormMain................Success!
2021-03-20 20:15:48,361 [FormStudio] INFO  UiInfo AILinkFactoryAuto.View.FormStudio FormStudio_Shown 476 - 
           _____ _      _       _    ______         _                                 _        _____ _             _ _       
     /\   |_   _| |    (_)     | |  |  ____|       | |                     /\        | |      / ____| |           | (_)      
    /  \    | | | |     _ _ __ | | _| |__ __ _  ___| |_ ___  _ __ _   _   /  \  _   _| |_ ___| (___ | |_ _   _  __| |_  ___  
   / /\ \   | | | |    | | '_ \| |/ /  __/ _` |/ __| __/ _ \| '__| | | | / /\ \| | | | __/ _ \\___ \| __| | | |/ _` | |/ _ \ 
  / ____ \ _| |_| |____| | | | |   <| | | (_| | (__| || (_) | |  | |_| |/ ____ \ |_| | || (_) |___) | |_| |_| | (_| | | (_) |
 /_/    \_\_____|______|_|_| |_|_|\_\_|  \__,_|\___|\__\___/|_|   \__, /_/    \_\__,_|\__\___/_____/ \__|\__,_|\__,_|_|\___/ 
                                                                   __/ |                                                     
                                                                  |___/                                                      

2021-03-20 20:15:48,395 [FormStudio] INFO  UiInfo AILinkFactoryAuto.View.FormStudio FormStudio_Shown 480 - 万魔声学SM005，SKG自动测试系统 V1.0.0
2021-03-20 20:15:48,396 [FormStudio] INFO  UiInfo AILinkFactoryAuto.View.FormStudio FormStudio_Shown 481 - V1.0.0
2021-03-20 20:15:48,416 [FormStudio] INFO  UiInfo AILinkFactoryAuto.View.FormMain FormMain_Shown 230 - DUT1
2021-03-20 20:15:48,418 [FormStudio] INFO  UiInfo AILinkFactoryAuto.View.FormMain FormMain_Shown 233 - 加载测试序列=[\projects\SKG-TEST\DUT1_SKGtest.jts]
2021-03-20 20:15:48,742 [FormStudio] INFO  UiInfo AILinkFactoryAuto.View.FormMain LoadJts 272 - 加载测试序列成功
2021-03-20 20:15:48,743 [FormStudio] INFO  UiInfo AILinkFactoryAuto.View.FormMain FormMain_Shown 236 - FormMain................Success!
2021-03-20 20:16:31,665 [FormStudio] INFO  UiInfo AILinkFactoryAuto.View.FormStudio FormStudio_Shown 476 - 
           _____ _      _       _    ______         _                                 _        _____ _             _ _       
     /\   |_   _| |    (_)     | |  |  ____|       | |                     /\        | |      / ____| |           | (_)      
    /  \    | | | |     _ _ __ | | _| |__ __ _  ___| |_ ___  _ __ _   _   /  \  _   _| |_ ___| (___ | |_ _   _  __| |_  ___  
   / /\ \   | | | |    | | '_ \| |/ /  __/ _` |/ __| __/ _ \| '__| | | | / /\ \| | | | __/ _ \\___ \| __| | | |/ _` | |/ _ \ 
  / ____ \ _| |_| |____| | | | |   <| | | (_| | (__| || (_) | |  | |_| |/ ____ \ |_| | || (_) |___) | |_| |_| | (_| | | (_) |
 /_/    \_\_____|______|_|_| |_|_|\_\_|  \__,_|\___|\__\___/|_|   \__, /_/    \_\__,_|\__\___/_____/ \__|\__,_|\__,_|_|\___/ 
                                                                   __/ |                                                     
                                                                  |___/                                                      

2021-03-20 20:16:31,685 [FormStudio] INFO  UiInfo AILinkFactoryAuto.View.FormStudio FormStudio_Shown 480 - 万魔声学SM005，SKG自动测试系统 V1.0.0
2021-03-20 20:16:31,685 [FormStudio] INFO  UiInfo AILinkFactoryAuto.View.FormStudio FormStudio_Shown 481 - V1.0.0
2021-03-20 20:16:31,691 [FormStudio] INFO  UiInfo AILinkFactoryAuto.View.FormMain FormMain_Shown 230 - DUT1
2021-03-20 20:16:31,692 [FormStudio] INFO  UiInfo AILinkFactoryAuto.View.FormMain FormMain_Shown 233 - 加载测试序列=[\projects\SKG-TEST\DUT1_SKGtest.jts]
2021-03-20 20:16:32,076 [FormStudio] INFO  UiInfo AILinkFactoryAuto.View.FormMain LoadJts 272 - 加载测试序列成功
2021-03-20 20:16:32,076 [FormStudio] INFO  UiInfo AILinkFactoryAuto.View.FormMain FormMain_Shown 236 - FormMain................Success!
2021-03-20 20:16:48,072 [FormStudio] INFO  UiInfo AILinkFactoryAuto.View.FormMain LoadJts 272 - 加载测试序列成功
2021-03-20 20:16:48,072 [FormStudio] INFO  UiInfo AILinkFactoryAuto.View.FormMain FormMain_Shown 230 - DUT1
2021-03-20 20:16:48,072 [FormStudio] INFO  UiInfo AILinkFactoryAuto.View.FormMain FormMain_Shown 233 - 加载测试序列=[\projects\SKG-TEST\DUT1_SKGtest.jts]
2021-03-20 20:16:48,075 [FormStudio] INFO  UiInfo AILinkFactoryAuto.View.FormMain LoadJts 272 - 加载测试序列成功
2021-03-20 20:16:48,075 [FormStudio] INFO  UiInfo AILinkFactoryAuto.View.FormMain FormMain_Shown 236 - FormMain................Success!
2021-03-20 20:16:50,779 [FormStudio] INFO  UiInfo AILinkFactoryAuto.View.FormStudio TsmDeleteLayout_Click 222 - delete layout ./projects/layout.xml success
2021-03-20 20:16:56,045 [FormStudio] INFO  UiInfo AILinkFactoryAuto.View.FormMain FormMain_Shown 230 - DUT1
2021-03-20 20:16:56,045 [FormStudio] INFO  UiInfo AILinkFactoryAuto.View.FormMain FormMain_Shown 233 - 加载测试序列=[\projects\SKG-COM11-COM14\DUT1_SKGtest.jts]
2021-03-20 20:16:56,058 [FormStudio] INFO  UiInfo AILinkFactoryAuto.View.FormMain LoadJts 272 - 加载测试序列成功
2021-03-20 20:16:56,058 [FormStudio] INFO  UiInfo AILinkFactoryAuto.View.FormMain FormMain_Shown 236 - FormMain................Success!
2021-03-20 20:17:03,165 [FormStudio] INFO  UiInfo AILinkFactoryAuto.View.FormMain FormMain_Shown 230 - DUT1
2021-03-20 20:17:03,166 [FormStudio] INFO  UiInfo AILinkFactoryAuto.View.FormMain FormMain_Shown 233 - 加载测试序列=[\projects\SKG-TEST\DUT1_SKGtest.jts]
2021-03-20 20:17:03,170 [FormStudio] INFO  UiInfo AILinkFactoryAuto.View.FormMain LoadJts 272 - 加载测试序列成功
2021-03-20 20:17:03,170 [FormStudio] INFO  UiInfo AILinkFactoryAuto.View.FormMain FormMain_Shown 236 - FormMain................Success!
2021-03-20 20:28:16,242 [FormStudio] INFO  UiInfo AILinkFactoryAuto.View.FormMain LoadJts 272 - 加载测试序列成功
2021-03-20 20:28:16,243 [FormStudio] INFO  UiInfo AILinkFactoryAuto.View.FormMain FormMain_Shown 230 - DUT1
2021-03-20 20:28:16,243 [FormStudio] INFO  UiInfo AILinkFactoryAuto.View.FormMain FormMain_Shown 233 - 加载测试序列=[\projects\SKG-TEST\DUT1_SKGtest.jts]
2021-03-20 20:28:16,245 [FormStudio] INFO  UiInfo AILinkFactoryAuto.View.FormMain LoadJts 272 - 加载测试序列成功
2021-03-20 20:28:16,245 [FormStudio] INFO  UiInfo AILinkFactoryAuto.View.FormMain FormMain_Shown 236 - FormMain................Success!
2021-03-20 20:28:31,582 [FormStudio] INFO  UiInfo AILinkFactoryAuto.View.FormStudio TsmSaveLayout_Click 422 - save layout ./projects/layout.xml success
2021-03-20 20:28:43,961 [Thread-DUT1] INFO  UiDebug AILinkFactoryAuto.Core.Log Info 32 - 
     ***********************************************************************
     ***********************************************************************
     ***********                                                  **********
     ***********                  FactoryAuto                     **********
     ***********                  Huafuu                          **********
     ***********                                                  **********
     ***********                                                  **********
     ***********************************************************************
     ***********************************************************************
     Test Date: 2021-03-20, Test Time: 20:28:43


2021-03-20 20:28:44,013 [Thread-DUT1] INFO  UiDebug AILinkFactoryAuto.Core.Log Info 32 - 1 Init
2021-03-20 20:28:44,028 [Thread-DUT1] INFO  UiDebug AILinkFactoryAuto.Task.Executer.InitExecuter Run 14 - Start Init......
2021-03-20 20:28:44,040 [Thread-DUT1] INFO  UiDebug AILinkFactoryAuto.Core.Log Pass 49 - TestTime:30.9198ms
                                                                        PASS
2021-03-20 20:28:44,054 [Thread-DUT1] INFO  UiDebug AILinkFactoryAuto.Core.Log Info 32 - 2 扫码枪扫描标签
2021-03-20 20:28:44,095 [Thread-DUT1] INFO  UiDebug AILinkFactoryAuto.Core.Log Info 32 - IMEI=
2021-03-20 20:28:44,110 [Thread-DUT1] INFO  UiDebug AILinkFactoryAuto.Core.Log Info 32 - MEID=
2021-03-20 20:28:44,122 [Thread-DUT1] INFO  UiDebug AILinkFactoryAuto.Core.Log Info 32 - SN=
2021-03-20 20:28:44,135 [Thread-DUT1] INFO  UiDebug AILinkFactoryAuto.Core.Log Info 32 - MAC=
2021-03-20 20:28:44,146 [Thread-DUT1] INFO  UiDebug AILinkFactoryAuto.Core.Log Pass 49 - TestTime:92.6345ms
                                                                        PASS
2021-03-20 20:28:44,166 [Thread-DUT1] INFO  UiDebug AILinkFactoryAuto.Core.Log Info 32 - 3 打开SKG主串口
2021-03-20 20:28:44,306 [Thread-DUT1] INFO  UiDebug AILinkFactoryAuto.Core.Log Pass 49 - TestTime:140.8168ms
                                                                        PASS
2021-03-20 20:28:44,321 [Thread-DUT1] INFO  UiDebug AILinkFactoryAuto.Core.Log Info 32 - 4 打开采集板卡串口
2021-03-20 20:28:44,471 [Thread-DUT1] INFO  UiDebug AILinkFactoryAuto.Core.Log Pass 49 - TestTime:153.1555ms
                                                                        PASS
2021-03-20 20:28:44,493 [Thread-DUT1] INFO  UiDebug AILinkFactoryAuto.Core.Log Info 32 - 7 发送SKG查询指令
2021-03-20 20:28:44,530 [Thread-DUT1] INFO  UiDebug AILinkFactoryAuto.Core.Log Info 32 - Tx:A5 C3 00 11 00 00 00 37 FF FF FF FF FF FF FF FF 40 
2021-03-20 20:28:44,565 [Thread-DUT1] INFO  UiDebug AILinkFactoryAuto.Core.Log Info 32 - Rx:A5 C3 00 5E 00 00 A0 37 FF FF FF 00 00 00 00 00 00 DB 2A 23 00 00 00 0A 23 1A 0C FF FF 00 00 00 00 00 00 10 7C 80 00 31 31 32 32 34 34 33 33 35 35 41 42 43 00 00 00 00 00 00 00 00 00 00 00 FF FF FF FF FF FF FF FF FF FF FF FF FF FF FF FF FF FF FF FF FF FF FF FF 20 4B 35 2D 32 54 5A 
2021-03-20 20:28:44,592 [Thread-DUT1] INFO  UiDebug AILinkFactoryAuto.Core.Log Info 32 - 核验RX的校验位：错误,返回校验位:5A,计算校验位:04
2021-03-20 20:28:45,116 [Thread-DUT1] INFO  UiDebug AILinkFactoryAuto.Core.Log Info 32 - 超时：System.Func`1[System.Boolean]
2021-03-20 20:28:45,143 [Thread-DUT1] ERROR UiDebug AILinkFactoryAuto.View.FormMain Run 422 - AILinkFactoryAuto.Task.BaseException: 超时：System.Func`1[System.Boolean]
   在 AILinkFactoryAuto.Utils.TimeUtils.Execute(Func`1 func, Int32 ms, Int32 interval) 位置 F:\2_工作和软件\1_工作存档\01长虹爱联\功能测试框架搭建\new\Platform\TaskBase\Utils\TimeUtils.cs:行号 71
   在 AILinkFactoryAuto.Task.SmartBracelet.Executer.SKGExecuter.Run(IProperties properties, GlobalDic`2 globalDic) 位置 F:\2_工作和软件\1_工作存档\02Ohters\SKG\code\WF-RTL8720N\SmartBraceletCheck\SmartBracelet\Executer\SKGExecuter.cs:行号 171
   在 AILinkFactoryAuto.View.FormMain.Run() 位置 F:\2_工作和软件\1_工作存档\01长虹爱联\功能测试框架搭建\new\Platform\AILinkFactoryAuto\View\FormMain.cs:行号 404
2021-03-20 20:28:45,169 [Thread-DUT1] WARN  UiDebug AILinkFactoryAuto.Core.Log Warn 43 - 重试第1次
2021-03-20 20:28:45,195 [Thread-DUT1] INFO  UiDebug AILinkFactoryAuto.Core.Log Info 32 - Tx:A5 C3 00 11 00 00 00 37 FF FF FF FF FF FF FF FF 40 
2021-03-20 20:28:45,223 [Thread-DUT1] INFO  UiDebug AILinkFactoryAuto.Core.Log Info 32 - Rx:A5 C3 00 5E 00 00 A0 37 FF FF FF 00 00 00 00 00 00 DB 2A 23 00 00 00 0A 23 1A 0C FF FF 00 00 00 00 00 00 10 7E 80 00 31 31 32 32 34 34 33 33 35 35 41 42 43 00 00 00 00 00 00 00 00 00 00 00 FF FF FF FF FF FF FF FF FF FF FF FF FF FF FF FF FF FF FF FF FF FF FF FF 20 4B 35 2D 32 54 06 
2021-03-20 20:28:45,234 [Thread-DUT1] INFO  UiDebug AILinkFactoryAuto.Core.Log Info 32 - 核验RX的校验位：正确,返回校验位:06,计算校验位:06
2021-03-20 20:28:45,256 [Thread-DUT1] INFO  UiDebug AILinkFactoryAuto.Core.Log Info 32 - 应答报文格式检查PASS
2021-03-20 20:28:45,291 [Thread-DUT1] INFO  UiDebug AILinkFactoryAuto.Core.Log Pass 49 - TestTime:800.0075ms
                                                                        PASS
2021-03-20 20:28:45,310 [Thread-DUT1] INFO  UiDebug AILinkFactoryAuto.Core.Log Info 32 - 8 发送SKG查询指令
2021-03-20 20:28:45,321 [Thread-DUT1] INFO  UiDebug AILinkFactoryAuto.Core.Log Info 32 - Tx:A5 C3 00 11 00 00 00 37 FF FF FF FF FF FF FF FF 40 
2021-03-20 20:28:45,356 [Thread-DUT1] INFO  UiDebug AILinkFactoryAuto.Core.Log Info 32 - Rx:A5 C3 00 5E 00 00 A0 37 FF FF FF 00 00 00 00 00 00 DB 2A 23 00 00 00 0A 23 1A 0C FF FF 00 00 00 00 00 00 10 7B 80 00 31 31 32 32 34 34 33 33 35 35 41 42 43 00 00 00 00 00 00 00 00 00 00 00 FF FF FF FF FF FF FF FF FF FF FF FF FF FF FF FF FF FF FF FF FF FF FF FF 20 4B 35 2D 32 54 03 
2021-03-20 20:28:45,367 [Thread-DUT1] INFO  UiDebug AILinkFactoryAuto.Core.Log Info 32 - 核验RX的校验位：正确,返回校验位:03,计算校验位:03
2021-03-20 20:28:45,380 [Thread-DUT1] INFO  UiDebug AILinkFactoryAuto.Core.Log Info 32 - 应答报文格式检查PASS
2021-03-20 20:28:45,390 [Thread-DUT1] INFO  UiDebug AILinkFactoryAuto.Core.Log Pass 49 - TestTime:81.6694ms
                                                                        PASS
2021-03-20 20:28:45,407 [Thread-DUT1] INFO  UiDebug AILinkFactoryAuto.Core.Log Info 32 - 9 检查SKG查询到的信息
2021-03-20 20:28:45,438 [Thread-DUT1] INFO  UiDebug AILinkFactoryAuto.Core.Log Info 32 - 未完成过PCBA测试
2021-03-20 20:28:45,472 [Thread-DUT1] INFO  UiDebug AILinkFactoryAuto.Core.Log Info 32 - 未完成过整机测试
2021-03-20 20:28:45,486 [Thread-DUT1] INFO  UiDebug AILinkFactoryAuto.Core.Log Info 32 - 未完成过老化测试
2021-03-20 20:28:45,509 [Thread-DUT1] INFO  UiDebug AILinkFactoryAuto.Core.Log Info 32 - 硬件版本号:0000,与设置版本号:0000一致
2021-03-20 20:28:45,542 [Thread-DUT1] INFO  UiDebug AILinkFactoryAuto.Core.Log Info 32 - 软件版本号:00000000,与设置版本号:00000000一致
2021-03-20 20:28:45,566 [Thread-DUT1] INFO  UiDebug AILinkFactoryAuto.Core.Log Info 32 - MCU ID:DB2A230000000A231A0CFFFF
2021-03-20 20:28:45,576 [Thread-DUT1] INFO  UiDebug AILinkFactoryAuto.Core.Log Info 32 - BLE MAC:000000000000
2021-03-20 20:28:45,589 [Thread-DUT1] INFO  UiDebug AILinkFactoryAuto.Core.Log Info 32 - 电压值(mV)：：4219，在设定范围：500 ~ 5000之间 PASS 

2021-03-20 20:28:45,632 [Thread-DUT1] INFO  UiDebug AILinkFactoryAuto.Core.Log Info 32 - 固件名称:K5-2T,与设置固件名称:K5-2T一致
2021-03-20 20:28:45,649 [Thread-DUT1] INFO  UiDebug AILinkFactoryAuto.Core.Log Pass 49 - TestTime:243.6047ms
                                                                        PASS
2021-03-20 20:28:45,666 [Thread-DUT1] INFO  UiDebug AILinkFactoryAuto.Core.Log Info 32 - 10 SKG授权-PCBID授权
2021-03-20 20:28:45,690 [Thread-DUT1] INFO  UiDebug AILinkFactoryAuto.Core.Log Info 32 - Tx:A5 C3 00 23 00 00 00 23 02 0D 31 32 33 34 35 36 37 38 39 30 31 32 33 00 00 00 00 00 00 00 00 00 00 00 58 
2021-03-20 20:28:45,733 [Thread-DUT1] INFO  UiDebug AILinkFactoryAuto.Core.Log Info 32 - Rx:A5 C3 00 35 00 00 A0 23 02 3D 31 32 33 34 35 36 37 38 39 30 31 32 33 00 00 00 00 00 00 00 00 00 00 00 DB 2A 23 00 00 00 0A 23 1A 0C FF FF 00 00 00 00 00 00 33 
2021-03-20 20:28:45,743 [Thread-DUT1] INFO  UiDebug AILinkFactoryAuto.Core.Log Info 32 - 核验RX的校验位：正确,返回校验位:33,计算校验位:33
2021-03-20 20:28:45,752 [Thread-DUT1] INFO  UiDebug AILinkFactoryAuto.Core.Log Info 32 - 应答报文格式检查PASS
2021-03-20 20:28:45,761 [Thread-DUT1] INFO  UiDebug AILinkFactoryAuto.Core.Log Info 32 - 回复的授权内容:313233343536373839303132330000000000000000000000
发送的授权内容:313233343536373839303132330000000000000000000000
一致
2021-03-20 20:28:45,789 [Thread-DUT1] INFO  UiDebug AILinkFactoryAuto.Core.Log Info 32 - MCU ID:DB2A230000000A231A0CFFFF
2021-03-20 20:28:45,801 [Thread-DUT1] INFO  UiDebug AILinkFactoryAuto.Core.Log Info 32 - BLE MAC:000000000000
2021-03-20 20:28:45,811 [Thread-DUT1] INFO  UiDebug AILinkFactoryAuto.Core.Log Info 32 - 授权成功
2021-03-20 20:28:45,828 [Thread-DUT1] INFO  UiDebug AILinkFactoryAuto.Core.Log Pass 49 - TestTime:162.917ms
                                                                        PASS
2021-03-20 20:28:45,847 [Thread-DUT1] INFO  UiDebug AILinkFactoryAuto.Core.Log Info 32 - 11 回读确保授权写入成功-发送查询指令
2021-03-20 20:28:45,867 [Thread-DUT1] INFO  UiDebug AILinkFactoryAuto.Core.Log Info 32 - Tx:A5 C3 00 11 00 00 00 37 FF FF FF FF FF FF FF FF 40 
2021-03-20 20:28:45,902 [Thread-DUT1] INFO  UiDebug AILinkFactoryAuto.Core.Log Info 32 - Rx:A5 C3 00 5E 00 00 A0 37 FF FF FF 00 00 00 00 00 00 DB 2A 23 00 00 00 0A 23 1A 0C FF FF 00 00 00 00 00 00 10 7B 80 00 31 32 33 34 35 36 37 38 39 30 31 32 33 00 00 00 00 00 00 00 00 00 00 00 FF FF FF FF FF FF FF FF FF FF FF FF FF FF FF FF FF FF FF FF FF FF FF FF 20 4B 35 2D 32 54 19 
2021-03-20 20:28:45,913 [Thread-DUT1] INFO  UiDebug AILinkFactoryAuto.Core.Log Info 32 - 核验RX的校验位：错误,返回校验位:19,计算校验位:72
2021-03-20 20:28:46,474 [Thread-DUT1] INFO  UiDebug AILinkFactoryAuto.Core.Log Info 32 - 超时：System.Func`1[System.Boolean]
2021-03-20 20:28:46,487 [Thread-DUT1] ERROR UiDebug AILinkFactoryAuto.View.FormMain Run 422 - AILinkFactoryAuto.Task.BaseException: 超时：System.Func`1[System.Boolean]
   在 AILinkFactoryAuto.Utils.TimeUtils.Execute(Func`1 func, Int32 ms, Int32 interval) 位置 F:\2_工作和软件\1_工作存档\01长虹爱联\功能测试框架搭建\new\Platform\TaskBase\Utils\TimeUtils.cs:行号 71
   在 AILinkFactoryAuto.Task.SmartBracelet.Executer.SKGExecuter.Run(IProperties properties, GlobalDic`2 globalDic) 位置 F:\2_工作和软件\1_工作存档\02Ohters\SKG\code\WF-RTL8720N\SmartBraceletCheck\SmartBracelet\Executer\SKGExecuter.cs:行号 171
   在 AILinkFactoryAuto.View.FormMain.Run() 位置 F:\2_工作和软件\1_工作存档\01长虹爱联\功能测试框架搭建\new\Platform\AILinkFactoryAuto\View\FormMain.cs:行号 404
2021-03-20 20:28:46,500 [Thread-DUT1] WARN  UiDebug AILinkFactoryAuto.Core.Log Warn 43 - 重试第1次
2021-03-20 20:28:46,513 [Thread-DUT1] INFO  UiDebug AILinkFactoryAuto.Core.Log Info 32 - Tx:A5 C3 00 11 00 00 00 37 FF FF FF FF FF FF FF FF 40 
2021-03-20 20:28:46,548 [Thread-DUT1] INFO  UiDebug AILinkFactoryAuto.Core.Log Info 32 - Rx:A5 C3 00 5E 00 00 A0 37 FF FF FF 00 00 00 00 00 00 DB 2A 23 00 00 00 0A 23 1A 0C FF FF 00 00 00 00 00 00 10 7A 80 00 31 32 33 34 35 36 37 38 39 30 31 32 33 00 00 00 00 00 00 00 00 00 00 00 FF FF FF FF FF FF FF FF FF FF FF FF FF FF FF FF FF FF FF FF FF FF FF FF 20 4B 35 2D 32 54 73 
2021-03-20 20:28:46,560 [Thread-DUT1] INFO  UiDebug AILinkFactoryAuto.Core.Log Info 32 - 核验RX的校验位：正确,返回校验位:73,计算校验位:73
2021-03-20 20:28:46,571 [Thread-DUT1] INFO  UiDebug AILinkFactoryAuto.Core.Log Info 32 - 应答报文格式检查PASS
2021-03-20 20:28:46,582 [Thread-DUT1] INFO  UiDebug AILinkFactoryAuto.Core.Log Pass 49 - TestTime:736.7579ms
                                                                        PASS
2021-03-20 20:28:46,598 [Thread-DUT1] INFO  UiDebug AILinkFactoryAuto.Core.Log Info 32 - 12 回读确保授权写入成功-查询内容检查
2021-03-20 20:28:46,607 [Thread-DUT1] INFO  UiDebug AILinkFactoryAuto.Core.Log Info 32 - 未完成过PCBA测试
2021-03-20 20:28:46,617 [Thread-DUT1] INFO  UiDebug AILinkFactoryAuto.Core.Log Info 32 - 未完成过整机测试
2021-03-20 20:28:46,627 [Thread-DUT1] INFO  UiDebug AILinkFactoryAuto.Core.Log Info 32 - 未完成过老化测试
2021-03-20 20:28:46,639 [Thread-DUT1] INFO  UiDebug AILinkFactoryAuto.Core.Log Info 32 - MCU ID:DB2A230000000A231A0CFFFF
2021-03-20 20:28:46,654 [Thread-DUT1] INFO  UiDebug AILinkFactoryAuto.Core.Log Info 32 - BLE MAC:000000000000
2021-03-20 20:28:46,666 [Thread-DUT1] INFO  UiDebug AILinkFactoryAuto.Core.Log Info 32 - 读取的PCBA-ID:1234567890123
2021-03-20 20:28:46,700 [Thread-DUT1] INFO  UiDebug AILinkFactoryAuto.Core.Log Info 32 - 预写PCBIDA-ID :1234567890123与写入的PCBA-ID ：1234567890123，一致
2021-03-20 20:28:46,718 [Thread-DUT1] INFO  UiDebug AILinkFactoryAuto.Core.Log Pass 49 - TestTime:121.0909ms
                                                                        PASS
2021-03-20 20:28:46,734 [Thread-DUT1] INFO  UiDebug AILinkFactoryAuto.Core.Log Info 32 - 13 发SKG控制指令-EMS13通道
2021-03-20 20:28:46,763 [Thread-DUT1] INFO  UiDebug AILinkFactoryAuto.Core.Log Info 32 - EMS 测试开关设置:正反交替脉冲A_B
2021-03-20 20:28:46,797 [Thread-DUT1] INFO  UiDebug AILinkFactoryAuto.Core.Log Info 32 - EMS 脉宽设置:3500uS
2021-03-20 20:28:46,809 [Thread-DUT1] INFO  UiDebug AILinkFactoryAuto.Core.Log Info 32 - EMS 频率设置:1000Hz
2021-03-20 20:28:46,836 [Thread-DUT1] INFO  UiDebug AILinkFactoryAuto.Core.Log Info 32 - EMS 幅度设置:50000mV
2021-03-20 20:28:46,853 [Thread-DUT1] INFO  UiDebug AILinkFactoryAuto.Core.Log Info 32 - 加热档位控制:开启42度加热或加热中档
2021-03-20 20:28:46,885 [Thread-DUT1] INFO  UiDebug AILinkFactoryAuto.Core.Log Info 32 - Tx:A5 C3 00 1A 00 00 00 40 00 00 03 0D AC 03 E8 C3 50 01 00 00 00 00 00 00 00 E7 
2021-03-20 20:28:46,909 [Thread-DUT1] INFO  UiDebug AILinkFactoryAuto.Core.Log Info 32 - Rx:A5 C3 00 1A 00 00 A0 40 00 00 03 0D AC 03 E8 C3 50 01 00 00 00 00 00 00 00 47 
2021-03-20 20:28:46,920 [Thread-DUT1] INFO  UiDebug AILinkFactoryAuto.Core.Log Info 32 - 核验RX的校验位：正确,返回校验位:47,计算校验位:47
2021-03-20 20:28:46,929 [Thread-DUT1] INFO  UiDebug AILinkFactoryAuto.Core.Log Info 32 - 应答报文格式检查PASS
2021-03-20 20:28:46,938 [Thread-DUT1] INFO  UiDebug AILinkFactoryAuto.Core.Log Pass 49 - TestTime:204.4627ms
                                                                        PASS
2021-03-20 20:28:46,959 [Thread-DUT1] INFO  UiDebug AILinkFactoryAuto.Core.Log Info 32 - 14 AT-获取EMS1
2021-03-20 20:28:47,085 [Thread-DUT1] INFO  UiDebug AILinkFactoryAuto.Core.Log Info 32 - AT Commond=AT+EMS1?
2021-03-20 20:28:47,222 [Thread-DUT1] INFO  UiDebug AILinkFactoryAuto.Core.Log Info 32 - AT Response=EMS1=41.149
OK

2021-03-20 20:28:47,241 [Thread-DUT1] INFO  UiDebug AILinkFactoryAuto.Core.Log Pass 49 - TestTime:287.6414ms
                                                                        PASS
2021-03-20 20:28:47,263 [Thread-DUT1] INFO  UiDebug AILinkFactoryAuto.Core.Log Info 32 - 15 检查EMS1
2021-03-20 20:28:47,274 [Thread-DUT1] INFO  UiDebug AILinkFactoryAuto.Core.Log Info 32 - EMS1的值：41.14，在设定范围：1 ~ 50之间 PASS 

2021-03-20 20:28:47,284 [Thread-DUT1] INFO  UiDebug AILinkFactoryAuto.Core.Log Pass 49 - TestTime:27.9615ms
                                                                        PASS
2021-03-20 20:28:47,299 [Thread-DUT1] INFO  UiDebug AILinkFactoryAuto.Core.Log Info 32 - 16 发SKG控制指令-EMS24-通道
2021-03-20 20:28:47,313 [Thread-DUT1] INFO  UiDebug AILinkFactoryAuto.Core.Log Info 32 - EMS 测试开关设置:正反交替脉冲E_F
2021-03-20 20:28:47,325 [Thread-DUT1] INFO  UiDebug AILinkFactoryAuto.Core.Log Info 32 - EMS 脉宽设置:3500uS
2021-03-20 20:28:47,336 [Thread-DUT1] INFO  UiDebug AILinkFactoryAuto.Core.Log Info 32 - EMS 频率设置:1000Hz
2021-03-20 20:28:47,350 [Thread-DUT1] INFO  UiDebug AILinkFactoryAuto.Core.Log Info 32 - EMS 幅度设置:50000mV
2021-03-20 20:28:47,360 [Thread-DUT1] INFO  UiDebug AILinkFactoryAuto.Core.Log Info 32 - 加热档位控制:开启42度加热或加热中档
2021-03-20 20:28:47,372 [Thread-DUT1] INFO  UiDebug AILinkFactoryAuto.Core.Log Info 32 - Tx:A5 C3 00 1A 00 00 00 40 00 00 05 0D AC 03 E8 C3 50 01 00 00 00 00 00 00 00 E1 
2021-03-20 20:28:47,395 [Thread-DUT1] INFO  UiDebug AILinkFactoryAuto.Core.Log Info 32 - Rx:A5 C3 00 1A 00 00 A0 40 00 00 05 0D AC 03 E8 C3 50 01 00 00 00 00 00 00 00 41 
2021-03-20 20:28:47,405 [Thread-DUT1] INFO  UiDebug AILinkFactoryAuto.Core.Log Info 32 - 核验RX的校验位：正确,返回校验位:41,计算校验位:41
2021-03-20 20:28:47,415 [Thread-DUT1] INFO  UiDebug AILinkFactoryAuto.Core.Log Info 32 - 应答报文格式检查PASS
2021-03-20 20:28:47,424 [Thread-DUT1] INFO  UiDebug AILinkFactoryAuto.Core.Log Pass 49 - TestTime:126.1889ms
                                                                        PASS
2021-03-20 20:28:47,439 [Thread-DUT1] INFO  UiDebug AILinkFactoryAuto.Core.Log Info 32 - 17 AT-获取EMS2
2021-03-20 20:28:47,553 [Thread-DUT1] INFO  UiDebug AILinkFactoryAuto.Core.Log Info 32 - AT Commond=AT+EMS2?
2021-03-20 20:28:47,680 [Thread-DUT1] INFO  UiDebug AILinkFactoryAuto.Core.Log Info 32 - AT Response=EMS2=34.237
OK

2021-03-20 20:28:47,714 [Thread-DUT1] INFO  UiDebug AILinkFactoryAuto.Core.Log Pass 49 - TestTime:276.0994ms
                                                                        PASS
2021-03-20 20:28:47,739 [Thread-DUT1] INFO  UiDebug AILinkFactoryAuto.Core.Log Info 32 - 18 检查EMS2
2021-03-20 20:28:47,753 [Thread-DUT1] INFO  UiDebug AILinkFactoryAuto.Core.Log Info 32 - EMS2的值：34.23，在设定范围：1 ~ 60之间 PASS 

2021-03-20 20:28:47,764 [Thread-DUT1] INFO  UiDebug AILinkFactoryAuto.Core.Log Pass 49 - TestTime:26.14ms
                                                                        PASS
2021-03-20 20:28:47,780 [Thread-DUT1] INFO  UiDebug AILinkFactoryAuto.Core.Log Info 32 - 19 发SKG控制指令-开机
2021-03-20 20:28:47,790 [Thread-DUT1] INFO  UiDebug AILinkFactoryAuto.Core.Log Info 32 - 开关机设置:开机
2021-03-20 20:28:47,800 [Thread-DUT1] INFO  UiDebug AILinkFactoryAuto.Core.Log Info 32 - Tx:A5 C3 00 1A 00 00 00 40 01 00 00 00 00 00 00 00 00 00 00 00 00 00 00 00 00 3D 
2021-03-20 20:28:47,823 [Thread-DUT1] INFO  UiDebug AILinkFactoryAuto.Core.Log Info 32 - Rx:A5 C3 00 1A 00 00 A0 40 01 00 00 00 00 00 00 00 00 00 00 00 00 00 00 00 00 9D 
2021-03-20 20:28:47,833 [Thread-DUT1] INFO  UiDebug AILinkFactoryAuto.Core.Log Info 32 - 核验RX的校验位：正确,返回校验位:9D,计算校验位:9D
2021-03-20 20:28:47,846 [Thread-DUT1] INFO  UiDebug AILinkFactoryAuto.Core.Log Info 32 - 应答报文格式检查PASS
2021-03-20 20:28:47,857 [Thread-DUT1] INFO  UiDebug AILinkFactoryAuto.Core.Log Pass 49 - TestTime:77.5405ms
                                                                        PASS
2021-03-20 20:28:47,868 [Thread-DUT1] INFO  UiDebug AILinkFactoryAuto.Core.Log Info 32 - 20 发SKG控制指令-关机
2021-03-20 20:28:47,894 [Thread-DUT1] INFO  UiDebug AILinkFactoryAuto.Core.Log Info 32 - 开关机设置:关机
2021-03-20 20:28:47,905 [Thread-DUT1] INFO  UiDebug AILinkFactoryAuto.Core.Log Info 32 - Tx:A5 C3 00 1A 00 00 00 40 02 00 00 00 00 00 00 00 00 00 00 00 00 00 00 00 00 3E 
2021-03-20 20:28:47,931 [Thread-DUT1] INFO  UiDebug AILinkFactoryAuto.Core.Log Info 32 - Rx:A5 C3 00 1A 00 00 A0 40 02 00 00 00 00 00 00 00 00 00 00 00 00 00 00 00 00 9E 
2021-03-20 20:28:47,948 [Thread-DUT1] INFO  UiDebug AILinkFactoryAuto.Core.Log Info 32 - 核验RX的校验位：正确,返回校验位:9E,计算校验位:9E
2021-03-20 20:28:47,964 [Thread-DUT1] INFO  UiDebug AILinkFactoryAuto.Core.Log Info 32 - 应答报文格式检查PASS
2021-03-20 20:28:47,979 [Thread-DUT1] INFO  UiDebug AILinkFactoryAuto.Core.Log Pass 49 - TestTime:110.959ms
                                                                        PASS
2021-03-20 20:28:47,991 [Thread-DUT1] INFO  UiDebug AILinkFactoryAuto.Core.Log Info 32 - 21 发SKG控制指令-发出声音+LED全关
2021-03-20 20:28:48,016 [Thread-DUT1] INFO  UiDebug AILinkFactoryAuto.Core.Log Info 32 - LED 模式设置:LED全关
2021-03-20 20:28:48,036 [Thread-DUT1] INFO  UiDebug AILinkFactoryAuto.Core.Log Info 32 - Tx:A5 C3 00 1A 00 00 00 40 00 03 00 00 00 00 00 00 00 00 01 00 00 00 00 00 00 3E 
2021-03-20 20:28:48,070 [Thread-DUT1] INFO  UiDebug AILinkFactoryAuto.Core.Log Info 32 - Rx:A5 C3 00 1A 00 00 A0 40 00 03 00 00 00 00 00 00 00 00 01 00 00 00 00 00 00 9E 
2021-03-20 20:28:48,081 [Thread-DUT1] INFO  UiDebug AILinkFactoryAuto.Core.Log Info 32 - 核验RX的校验位：正确,返回校验位:9E,计算校验位:9E
2021-03-20 20:28:48,098 [Thread-DUT1] INFO  UiDebug AILinkFactoryAuto.Core.Log Info 32 - 应答报文格式检查PASS
2021-03-20 20:28:48,109 [Thread-DUT1] INFO  UiDebug AILinkFactoryAuto.Core.Log Pass 49 - TestTime:118.6363ms
                                                                        PASS
2021-03-20 20:28:48,121 [Thread-DUT1] INFO  UiDebug AILinkFactoryAuto.Core.Log Info 32 - 22 声音检查-用户判断
2021-03-20 20:28:49,564 [Thread-DUT1] INFO  UiDebug AILinkFactoryAuto.Core.Log Pass 49 - User Press Space
2021-03-20 20:28:49,618 [Thread-DUT1] INFO  UiDebug AILinkFactoryAuto.Core.Log Pass 49 - TestTime:1498.0903ms
                                                                        PASS
2021-03-20 20:28:49,654 [Thread-DUT1] INFO  UiDebug AILinkFactoryAuto.Core.Log Info 32 - 23 发SKG控制指令-LED红/橙灯
2021-03-20 20:28:49,695 [Thread-DUT1] INFO  UiDebug AILinkFactoryAuto.Core.Log Info 32 - LED 模式设置:红或橙色LED开
2021-03-20 20:28:49,718 [Thread-DUT1] INFO  UiDebug AILinkFactoryAuto.Core.Log Info 32 - Tx:A5 C3 00 1A 00 00 00 40 00 02 00 00 00 00 00 00 00 00 00 00 00 00 00 00 00 3E 
2021-03-20 20:28:49,745 [Thread-DUT1] INFO  UiDebug AILinkFactoryAuto.Core.Log Info 32 - Rx:A5 C3 00 1A 00 00 A0 40 00 02 00 00 00 00 00 00 00 00 00 00 00 00 00 00 00 9E 
2021-03-20 20:28:49,759 [Thread-DUT1] INFO  UiDebug AILinkFactoryAuto.Core.Log Info 32 - 核验RX的校验位：正确,返回校验位:9E,计算校验位:9E
2021-03-20 20:28:49,773 [Thread-DUT1] INFO  UiDebug AILinkFactoryAuto.Core.Log Info 32 - 应答报文格式检查PASS
2021-03-20 20:28:49,785 [Thread-DUT1] INFO  UiDebug AILinkFactoryAuto.Core.Log Pass 49 - TestTime:131.6434ms
                                                                        PASS
2021-03-20 20:28:49,822 [Thread-DUT1] INFO  UiDebug AILinkFactoryAuto.Core.Log Info 32 - 24 LED红/橙灯检查-用户判断
2021-03-20 20:28:52,311 [Thread-DUT1] INFO  UiDebug AILinkFactoryAuto.Core.Log Pass 49 - User Press Space
2021-03-20 20:28:52,335 [Thread-DUT1] INFO  UiDebug AILinkFactoryAuto.Core.Log Pass 49 - TestTime:2514.6759ms
                                                                        PASS
2021-03-20 20:28:52,376 [Thread-DUT1] INFO  UiDebug AILinkFactoryAuto.Core.Log Info 32 - 25 发SKG控制指令-LED蓝灯
2021-03-20 20:28:52,404 [Thread-DUT1] INFO  UiDebug AILinkFactoryAuto.Core.Log Info 32 - LED 模式设置:蓝色LED开
2021-03-20 20:28:52,418 [Thread-DUT1] INFO  UiDebug AILinkFactoryAuto.Core.Log Info 32 - Tx:A5 C3 00 1A 00 00 00 40 00 01 00 00 00 00 00 00 00 00 00 00 00 00 00 00 00 3D 
2021-03-20 20:28:52,464 [Thread-DUT1] INFO  UiDebug AILinkFactoryAuto.Core.Log Info 32 - Rx:A5 C3 00 1A 00 00 A0 40 00 01 00 00 00 00 00 00 00 00 00 00 00 00 00 00 00 9D 
2021-03-20 20:28:52,481 [Thread-DUT1] INFO  UiDebug AILinkFactoryAuto.Core.Log Info 32 - 核验RX的校验位：正确,返回校验位:9D,计算校验位:9D
2021-03-20 20:28:52,496 [Thread-DUT1] INFO  UiDebug AILinkFactoryAuto.Core.Log Info 32 - 应答报文格式检查PASS
2021-03-20 20:28:52,509 [Thread-DUT1] INFO  UiDebug AILinkFactoryAuto.Core.Log Pass 49 - TestTime:134.7625ms
                                                                        PASS
2021-03-20 20:28:52,526 [Thread-DUT1] INFO  UiDebug AILinkFactoryAuto.Core.Log Info 32 - 26 LED蓝灯检查-用户判断
2021-03-20 20:28:53,695 [Thread-DUT1] INFO  UiDebug AILinkFactoryAuto.Core.Log Pass 49 - User Press Space
2021-03-20 20:28:53,727 [Thread-DUT1] INFO  UiDebug AILinkFactoryAuto.Core.Log Pass 49 - TestTime:1202.7146ms
                                                                        PASS
2021-03-20 20:28:53,787 [Thread-DUT1] INFO  UiDebug AILinkFactoryAuto.Core.Log Info 32 - 33 AT-控制继电器电压输出5V
2021-03-20 20:28:53,921 [Thread-DUT1] INFO  UiDebug AILinkFactoryAuto.Core.Log Info 32 - AT Commond=AT+VO=1!
2021-03-20 20:28:54,048 [Thread-DUT1] INFO  UiDebug AILinkFactoryAuto.Core.Log Info 32 - AT Response=VO=1
OK

2021-03-20 20:28:54,060 [Thread-DUT1] INFO  UiDebug AILinkFactoryAuto.Core.Log Pass 49 - TestTime:273.7607ms
                                                                        PASS
2021-03-20 20:28:54,086 [Thread-DUT1] INFO  UiDebug AILinkFactoryAuto.Core.Log Info 32 - 34 上报检测-充电及USB插入状态检测
2021-03-20 20:28:54,331 [Thread-DUT1] INFO  UiDebug AILinkFactoryAuto.Core.Log Info 32 - Rx:A5 C3 00 0D 00 00 A0 41 00 01 03 01 89 A5 C3 00 0D 00 00 A0 41 00 01 01 01 8B FF 00 
2021-03-20 20:28:54,347 [Thread-DUT1] INFO  UiDebug AILinkFactoryAuto.Core.Log Pass 49 - PASS,返回正确状态关键字：A041000103
2021-03-20 20:28:54,374 [Thread-DUT1] INFO  UiDebug AILinkFactoryAuto.Core.Log Pass 49 - TestTime:296.6096ms
                                                                        PASS
2021-03-20 20:28:54,399 [Thread-DUT1] INFO  UiDebug AILinkFactoryAuto.Core.Log Info 32 - 35 AT-读取电量值
2021-03-20 20:28:54,528 [Thread-DUT1] INFO  UiDebug AILinkFactoryAuto.Core.Log Info 32 - AT Commond=AT+CRT1?
2021-03-20 20:28:54,656 [Thread-DUT1] INFO  UiDebug AILinkFactoryAuto.Core.Log Info 32 - AT Response=CRT1=0.000
OK

2021-03-20 20:28:54,685 [Thread-DUT1] INFO  UiDebug AILinkFactoryAuto.Core.Log Info 32 - read info value fail
2021-03-20 20:28:54,698 [Thread-DUT1] ERROR UiDebug AILinkFactoryAuto.View.FormMain Run 422 - AILinkFactoryAuto.Task.BaseException: read info value fail
   在 AILinkFactoryAuto.Dut.AtCommand.Executer.AtCommandExecuter.Run(IProperties properties, GlobalDic`2 globalDic) 位置 F:\2_工作和软件\1_工作存档\01长虹爱联\功能测试框架搭建\new\Platform\TaskAtCommand\AtCommand\Executer\AtCommandExecuter.cs:行号 176
   在 AILinkFactoryAuto.View.FormMain.Run() 位置 F:\2_工作和软件\1_工作存档\01长虹爱联\功能测试框架搭建\new\Platform\AILinkFactoryAuto\View\FormMain.cs:行号 404
2021-03-20 20:28:54,905 [Thread-DUT1] WARN  UiDebug AILinkFactoryAuto.Core.Log Warn 43 - 重试第1次
2021-03-20 20:28:55,031 [Thread-DUT1] INFO  UiDebug AILinkFactoryAuto.Core.Log Info 32 - AT Commond=AT+CRT1?
2021-03-20 20:28:55,158 [Thread-DUT1] INFO  UiDebug AILinkFactoryAuto.Core.Log Info 32 - AT Response=CRT1=-511.996
OK

2021-03-20 20:28:55,173 [Thread-DUT1] INFO  UiDebug AILinkFactoryAuto.Core.Log Pass 49 - TestTime:773.6819ms
                                                                        PASS
2021-03-20 20:28:55,187 [Thread-DUT1] INFO  UiDebug AILinkFactoryAuto.Core.Log Info 32 - 36 检查CRT值
2021-03-20 20:28:55,217 [Thread-DUT1] INFO  UiDebug AILinkFactoryAuto.Core.Log Info 32 - CRT1的值：-511.9，在设定范围：-600 ~ 900之间 PASS 

2021-03-20 20:28:55,233 [Thread-DUT1] INFO  UiDebug AILinkFactoryAuto.Core.Log Pass 49 - TestTime:47.1253ms
                                                                        PASS
2021-03-20 20:28:55,251 [Thread-DUT1] INFO  UiDebug AILinkFactoryAuto.Core.Log Info 32 - 37 AT-控制继电器关闭电压输出
2021-03-20 20:28:55,379 [Thread-DUT1] INFO  UiDebug AILinkFactoryAuto.Core.Log Info 32 - AT Commond=AT+VO=0!
2021-03-20 20:28:55,505 [Thread-DUT1] INFO  UiDebug AILinkFactoryAuto.Core.Log Info 32 - AT Response=VO=0
OK

2021-03-20 20:28:55,517 [Thread-DUT1] INFO  UiDebug AILinkFactoryAuto.Core.Log Pass 49 - TestTime:267.7946ms
                                                                        PASS
2021-03-20 20:28:55,535 [Thread-DUT1] INFO  UiDebug AILinkFactoryAuto.Core.Log Info 32 - 38 上报检测-未充电及USB拔出状态检测
2021-03-20 20:28:55,750 [Thread-DUT1] INFO  UiDebug AILinkFactoryAuto.Core.Log Info 32 - Rx:A5 C3 00 0D 00 00 A0 41 00 01 01 01 86 A5 C3 00 0D 00 00 A0 41 00 01 01 01 8B A5 C3 00 0D 00 00 A0 41 00 02 01 01 88 A5 C3 00 0D 00 00 A0 41 00 02 03 01 8A 
2021-03-20 20:28:55,776 [Thread-DUT1] INFO  UiDebug AILinkFactoryAuto.Core.Log Pass 49 - PASS,返回正确状态关键字：A041000201
2021-03-20 20:28:55,802 [Thread-DUT1] INFO  UiDebug AILinkFactoryAuto.Core.Log Pass 49 - TestTime:267.2677ms
                                                                        PASS
2021-03-20 20:28:55,835 [Thread-DUT1] INFO  UiDebug AILinkFactoryAuto.Core.Log Info 32 - 39 状态上报检测-加热按键检测
2021-03-20 20:28:56,040 [Thread-DUT1] INFO  UiDebug AILinkFactoryAuto.Core.Log Info 32 - Rx:
2021-03-20 20:28:56,145 [Thread-DUT1] INFO  UiDebug AILinkFactoryAuto.Core.Log Info 32 - Rx:
2021-03-20 20:28:56,257 [Thread-DUT1] INFO  UiDebug AILinkFactoryAuto.Core.Log Info 32 - Rx:
2021-03-20 20:28:56,367 [Thread-DUT1] INFO  UiDebug AILinkFactoryAuto.Core.Log Info 32 - Rx:
2021-03-20 20:28:56,472 [Thread-DUT1] INFO  UiDebug AILinkFactoryAuto.Core.Log Info 32 - Rx:
2021-03-20 20:28:56,588 [Thread-DUT1] INFO  UiDebug AILinkFactoryAuto.Core.Log Info 32 - Rx:
2021-03-20 20:28:56,698 [Thread-DUT1] INFO  UiDebug AILinkFactoryAuto.Core.Log Info 32 - Rx:
2021-03-20 20:28:56,793 [Thread-DUT1] INFO  UiDebug AILinkFactoryAuto.Core.Log Info 32 - Rx:
2021-03-20 20:28:56,905 [Thread-DUT1] INFO  UiDebug AILinkFactoryAuto.Core.Log Info 32 - Rx:
2021-03-20 20:28:57,017 [Thread-DUT1] INFO  UiDebug AILinkFactoryAuto.Core.Log Info 32 - Rx:
2021-03-20 20:28:57,125 [Thread-DUT1] INFO  UiDebug AILinkFactoryAuto.Core.Log Info 32 - Rx:
2021-03-20 20:28:57,235 [Thread-DUT1] INFO  UiDebug AILinkFactoryAuto.Core.Log Info 32 - Rx:
2021-03-20 20:28:57,344 [Thread-DUT1] INFO  UiDebug AILinkFactoryAuto.Core.Log Info 32 - Rx:
2021-03-20 20:28:57,456 [Thread-DUT1] INFO  UiDebug AILinkFactoryAuto.Core.Log Info 32 - Rx:
2021-03-20 20:28:57,565 [Thread-DUT1] INFO  UiDebug AILinkFactoryAuto.Core.Log Info 32 - Rx:
2021-03-20 20:28:57,675 [Thread-DUT1] INFO  UiDebug AILinkFactoryAuto.Core.Log Info 32 - Rx:
2021-03-20 20:28:57,785 [Thread-DUT1] INFO  UiDebug AILinkFactoryAuto.Core.Log Info 32 - Rx:
2021-03-20 20:28:57,895 [Thread-DUT1] INFO  UiDebug AILinkFactoryAuto.Core.Log Info 32 - Rx:
2021-03-20 20:28:58,005 [Thread-DUT1] INFO  UiDebug AILinkFactoryAuto.Core.Log Info 32 - Rx:
2021-03-20 20:28:58,115 [Thread-DUT1] INFO  UiDebug AILinkFactoryAuto.Core.Log Info 32 - Rx:
2021-03-20 20:28:58,226 [Thread-DUT1] INFO  UiDebug AILinkFactoryAuto.Core.Log Info 32 - Rx:
2021-03-20 20:28:58,336 [Thread-DUT1] INFO  UiDebug AILinkFactoryAuto.Core.Log Info 32 - Rx:
2021-03-20 20:28:58,446 [Thread-DUT1] INFO  UiDebug AILinkFactoryAuto.Core.Log Info 32 - Rx:
2021-03-20 20:28:58,557 [Thread-DUT1] INFO  UiDebug AILinkFactoryAuto.Core.Log Info 32 - Rx:
2021-03-20 20:28:58,654 [Thread-DUT1] INFO  UiDebug AILinkFactoryAuto.Core.Log Info 32 - Rx:
2021-03-20 20:28:58,761 [Thread-DUT1] INFO  UiDebug AILinkFactoryAuto.Core.Log Info 32 - Rx:
2021-03-20 20:28:58,874 [Thread-DUT1] INFO  UiDebug AILinkFactoryAuto.Core.Log Info 32 - Rx:
2021-03-20 20:28:58,984 [Thread-DUT1] INFO  UiDebug AILinkFactoryAuto.Core.Log Info 32 - Rx:
2021-03-20 20:28:59,094 [Thread-DUT1] INFO  UiDebug AILinkFactoryAuto.Core.Log Info 32 - Rx:
2021-03-20 20:28:59,208 [Thread-DUT1] INFO  UiDebug AILinkFactoryAuto.Core.Log Info 32 - Rx:
2021-03-20 20:28:59,318 [Thread-DUT1] INFO  UiDebug AILinkFactoryAuto.Core.Log Info 32 - Rx:
2021-03-20 20:28:59,416 [Thread-DUT1] INFO  UiDebug AILinkFactoryAuto.Core.Log Info 32 - Rx:
2021-03-20 20:28:59,528 [Thread-DUT1] INFO  UiDebug AILinkFactoryAuto.Core.Log Info 32 - Rx:
2021-03-20 20:28:59,646 [Thread-DUT1] INFO  UiDebug AILinkFactoryAuto.Core.Log Info 32 - Rx:
2021-03-20 20:28:59,759 [Thread-DUT1] INFO  UiDebug AILinkFactoryAuto.Core.Log Info 32 - Rx:
2021-03-20 20:28:59,867 [Thread-DUT1] INFO  UiDebug AILinkFactoryAuto.Core.Log Info 32 - Rx:
2021-03-20 20:28:59,978 [Thread-DUT1] INFO  UiDebug AILinkFactoryAuto.Core.Log Info 32 - Rx:
2021-03-20 20:29:00,085 [Thread-DUT1] INFO  UiDebug AILinkFactoryAuto.Core.Log Info 32 - Rx:
2021-03-20 20:29:00,195 [Thread-DUT1] INFO  UiDebug AILinkFactoryAuto.Core.Log Info 32 - Rx:
2021-03-20 20:29:00,306 [Thread-DUT1] INFO  UiDebug AILinkFactoryAuto.Core.Log Info 32 - Rx:
2021-03-20 20:29:00,405 [Thread-DUT1] INFO  UiDebug AILinkFactoryAuto.Core.Log Info 32 - Rx:
2021-03-20 20:29:00,513 [Thread-DUT1] INFO  UiDebug AILinkFactoryAuto.Core.Log Info 32 - Rx:
2021-03-20 20:29:00,637 [Thread-DUT1] INFO  UiDebug AILinkFactoryAuto.Core.Log Info 32 - Rx:
2021-03-20 20:29:00,745 [Thread-DUT1] INFO  UiDebug AILinkFactoryAuto.Core.Log Info 32 - Rx:
2021-03-20 20:29:00,855 [Thread-DUT1] INFO  UiDebug AILinkFactoryAuto.Core.Log Info 32 - Rx:A5 C3 00 0D 00 00 A0 41 02 02 03 01 88 
2021-03-20 20:29:00,875 [Thread-DUT1] INFO  UiDebug AILinkFactoryAuto.Core.Log Pass 49 - PASS,返回正确状态关键字：A04102
2021-03-20 20:29:00,908 [Thread-DUT1] INFO  UiDebug AILinkFactoryAuto.Core.Log Pass 49 - TestTime:5078.9544ms
                                                                        PASS
2021-03-20 20:29:00,941 [Thread-DUT1] INFO  UiDebug AILinkFactoryAuto.Core.Log Info 32 - 40 状态上报检测-电源按键检测
2021-03-20 20:29:01,138 [Thread-DUT1] INFO  UiDebug AILinkFactoryAuto.Core.Log Info 32 - Rx:
2021-03-20 20:29:01,245 [Thread-DUT1] INFO  UiDebug AILinkFactoryAuto.Core.Log Info 32 - Rx:
2021-03-20 20:29:01,357 [Thread-DUT1] INFO  UiDebug AILinkFactoryAuto.Core.Log Info 32 - Rx:
2021-03-20 20:29:01,467 [Thread-DUT1] INFO  UiDebug AILinkFactoryAuto.Core.Log Info 32 - Rx:
2021-03-20 20:29:01,580 [Thread-DUT1] INFO  UiDebug AILinkFactoryAuto.Core.Log Info 32 - Rx:
2021-03-20 20:29:01,687 [Thread-DUT1] INFO  UiDebug AILinkFactoryAuto.Core.Log Info 32 - Rx:
2021-03-20 20:29:01,799 [Thread-DUT1] INFO  UiDebug AILinkFactoryAuto.Core.Log Info 32 - Rx:
2021-03-20 20:29:01,908 [Thread-DUT1] INFO  UiDebug AILinkFactoryAuto.Core.Log Info 32 - Rx:
2021-03-20 20:29:02,017 [Thread-DUT1] INFO  UiDebug AILinkFactoryAuto.Core.Log Info 32 - Rx:
2021-03-20 20:29:02,127 [Thread-DUT1] INFO  UiDebug AILinkFactoryAuto.Core.Log Info 32 - Rx:
2021-03-20 20:29:02,237 [Thread-DUT1] INFO  UiDebug AILinkFactoryAuto.Core.Log Info 32 - Rx:
2021-03-20 20:29:02,346 [Thread-DUT1] INFO  UiDebug AILinkFactoryAuto.Core.Log Info 32 - Rx:
2021-03-20 20:29:02,456 [Thread-DUT1] INFO  UiDebug AILinkFactoryAuto.Core.Log Info 32 - Rx:
2021-03-20 20:29:02,562 [Thread-DUT1] INFO  UiDebug AILinkFactoryAuto.Core.Log Info 32 - Rx:
2021-03-20 20:29:02,673 [Thread-DUT1] INFO  UiDebug AILinkFactoryAuto.Core.Log Info 32 - Rx:
2021-03-20 20:29:02,784 [Thread-DUT1] INFO  UiDebug AILinkFactoryAuto.Core.Log Info 32 - Rx:
2021-03-20 20:29:02,893 [Thread-DUT1] INFO  UiDebug AILinkFactoryAuto.Core.Log Info 32 - Rx:
2021-03-20 20:29:03,004 [Thread-DUT1] INFO  UiDebug AILinkFactoryAuto.Core.Log Info 32 - Rx:
2021-03-20 20:29:03,116 [Thread-DUT1] INFO  UiDebug AILinkFactoryAuto.Core.Log Info 32 - Rx:
2021-03-20 20:29:03,224 [Thread-DUT1] INFO  UiDebug AILinkFactoryAuto.Core.Log Info 32 - Rx:
2021-03-20 20:29:03,274 [Thread-DUT1] ERROR UiDebug AILinkFactoryAuto.Core.Log Fail 38 - Wait TimeOut, 15seconds
2021-03-20 20:29:03,696 [Thread-DUT1] INFO  UiDebug AILinkFactoryAuto.Core.Log Info 32 - Rx:
2021-03-20 20:29:03,775 [Thread-DUT1] INFO  UiDebug AILinkFactoryAuto.Core.Log Info 32 - Rx:
2021-03-20 20:29:03,883 [Thread-DUT1] INFO  UiDebug AILinkFactoryAuto.Core.Log Info 32 - Rx:
2021-03-20 20:29:03,992 [Thread-DUT1] INFO  UiDebug AILinkFactoryAuto.Core.Log Info 32 - Rx:
2021-03-20 20:29:04,103 [Thread-DUT1] INFO  UiDebug AILinkFactoryAuto.Core.Log Info 32 - Rx:
2021-03-20 20:29:04,210 [Thread-DUT1] INFO  UiDebug AILinkFactoryAuto.Core.Log Info 32 - Rx:A5 C3 00 0D 00 00 A0 41 01 02 03 01 8B 
2021-03-20 20:29:04,228 [Thread-DUT1] INFO  UiDebug AILinkFactoryAuto.Core.Log Pass 49 - PASS,返回正确状态关键字：A04101
2021-03-20 20:29:04,266 [Thread-DUT1] INFO  UiDebug AILinkFactoryAuto.Core.Log Pass 49 - TestTime:3325.3789ms
                                                                        PASS
2021-03-20 20:29:04,308 [Thread-DUT1] INFO  UiDebug AILinkFactoryAuto.Core.Log Info 32 - 44 发SKG控制指令-关机
2021-03-20 20:29:04,335 [Thread-DUT1] INFO  UiDebug AILinkFactoryAuto.Core.Log Info 32 - ComDut No PortName:COM11
2021-03-20 20:29:04,348 [Thread-DUT1] ERROR UiDebug AILinkFactoryAuto.View.FormMain Run 422 - AILinkFactoryAuto.Task.BaseException: ComDut No PortName:COM11
   在 AILinkFactoryAuto.Task.SmartBracelet.Executer.SKGControlCommandExecuter.Run(IProperties properties, GlobalDic`2 globalDic) 位置 F:\2_工作和软件\1_工作存档\02Ohters\SKG\code\WF-RTL8720N\SmartBraceletCheck\SmartBracelet\Executer\SKGControlCommandExecuter.cs:行号 91
   在 AILinkFactoryAuto.View.FormMain.Run() 位置 F:\2_工作和软件\1_工作存档\01长虹爱联\功能测试框架搭建\new\Platform\AILinkFactoryAuto\View\FormMain.cs:行号 404
2021-03-20 20:29:04,367 [Thread-DUT1] WARN  UiDebug AILinkFactoryAuto.Core.Log Warn 43 - 重试第1次
2021-03-20 20:29:04,385 [Thread-DUT1] INFO  UiDebug AILinkFactoryAuto.Core.Log Info 32 - ComDut No PortName:COM11
2021-03-20 20:29:04,398 [Thread-DUT1] ERROR UiDebug AILinkFactoryAuto.View.FormMain Run 422 - AILinkFactoryAuto.Task.BaseException: ComDut No PortName:COM11
   在 AILinkFactoryAuto.Task.SmartBracelet.Executer.SKGControlCommandExecuter.Run(IProperties properties, GlobalDic`2 globalDic) 位置 F:\2_工作和软件\1_工作存档\02Ohters\SKG\code\WF-RTL8720N\SmartBraceletCheck\SmartBracelet\Executer\SKGControlCommandExecuter.cs:行号 91
   在 AILinkFactoryAuto.View.FormMain.Run() 位置 F:\2_工作和软件\1_工作存档\01长虹爱联\功能测试框架搭建\new\Platform\AILinkFactoryAuto\View\FormMain.cs:行号 404
2021-03-20 20:29:04,414 [Thread-DUT1] WARN  UiDebug AILinkFactoryAuto.Core.Log Warn 43 - 重试第2次
2021-03-20 20:29:04,434 [Thread-DUT1] INFO  UiDebug AILinkFactoryAuto.Core.Log Info 32 - ComDut No PortName:COM11
2021-03-20 20:29:04,460 [Thread-DUT1] ERROR UiDebug AILinkFactoryAuto.View.FormMain Run 422 - AILinkFactoryAuto.Task.BaseException: ComDut No PortName:COM11
   在 AILinkFactoryAuto.Task.SmartBracelet.Executer.SKGControlCommandExecuter.Run(IProperties properties, GlobalDic`2 globalDic) 位置 F:\2_工作和软件\1_工作存档\02Ohters\SKG\code\WF-RTL8720N\SmartBraceletCheck\SmartBracelet\Executer\SKGControlCommandExecuter.cs:行号 91
   在 AILinkFactoryAuto.View.FormMain.Run() 位置 F:\2_工作和软件\1_工作存档\01长虹爱联\功能测试框架搭建\new\Platform\AILinkFactoryAuto\View\FormMain.cs:行号 404
2021-03-20 20:29:04,475 [Thread-DUT1] ERROR UiDebug AILinkFactoryAuto.Core.Log Fail 38 - TestTime:168.8291ms
                                                                        FAIL
2021-03-20 20:29:04,492 [Thread-DUT1] INFO  UiDebug AILinkFactoryAuto.Core.Log Info 32 - 45 AT-获取待机时低压通道1
2021-03-20 20:29:04,511 [Thread-DUT1] WARN  UiDebug AILinkFactoryAuto.Core.Log Warn 43 - TestTime:19.675ms
                                                                        SKIP
2021-03-20 20:29:04,525 [Thread-DUT1] INFO  UiDebug AILinkFactoryAuto.Core.Log Info 32 - 46 检查待机时低压通道1
2021-03-20 20:29:04,535 [Thread-DUT1] WARN  UiDebug AILinkFactoryAuto.Core.Log Warn 43 - TestTime:10.0057ms
                                                                        SKIP
2021-03-20 20:29:04,548 [Thread-DUT1] INFO  UiDebug AILinkFactoryAuto.Core.Log Info 32 - 51 关闭SKG主串口
2021-03-20 20:29:04,564 [Thread-DUT1] INFO  UiDebug AILinkFactoryAuto.Core.Log Pass 49 - TestTime:15.6679ms
                                                                        PASS
2021-03-20 20:29:04,577 [Thread-DUT1] INFO  UiDebug AILinkFactoryAuto.Core.Log Info 32 - 52 关闭采集板卡串口
2021-03-20 20:29:04,610 [Thread-DUT1] INFO  UiDebug AILinkFactoryAuto.Core.Log Pass 49 - TestTime:33.1253ms
                                                                        PASS
2021-03-20 20:29:04,629 [Thread-DUT1] INFO  UiDebug AILinkFactoryAuto.Core.Log Info 32 - 53 Deinit
2021-03-20 20:29:04,641 [Thread-DUT1] INFO  UiDebug AILinkFactoryAuto.Core.Log Pass 49 - TestTime:11.6453ms
                                                                        PASS
2021-03-20 20:29:04,650 [Thread-DUT1] ERROR UiDebug AILinkFactoryAuto.Core.Log Fail 38 - 
     FFFFFFFFFFFFFFFFFFFFFFFFFFFFFFFFFFFFFFFFFFFFFFFFFFFFFFFFFFFFFFFFFFFFFFF
     FF                                                                   FF
     FF                    FFFFFFFF    FFF     FFFF  FF                   FF
     FF                    FF         FF FF     FF   FF                   FF
     FF                    FF        FF   FF    FF   FF                   FF
     FF                    FFFFFF   FF     FF   FF   FF                   FF
     FF                    FF       FFFFFFFFF   FF   FF                   FF
     FF                    FF       FF     FF   FF   FF                   FF
     FF                    FF       FF     FF  FFFF  FFFFFFFF             FF
     FF                                                                   FF
     FFFFFFFFFFFFFFFFFFFFFFFFFFFFFFFFFFFFFFFFFFFFFFFFFFFFFFFFFFFFFFFFFFFFFFF

2021-03-20 20:29:04,660 [Thread-DUT1] ERROR UiDebug AILinkFactoryAuto.Core.Log Fail 38 - 
第44项:
发SKG控制指令-关机
AILinkFactoryAuto.Task.BaseException: ComDut No PortName:COM11
   在 AILinkFactoryAuto.Task.SmartBracelet.Executer.SKGControlCommandExecuter.Run(IProperties properties, GlobalDic`2 globalDic) 位置 F:\2_工作和软件\1_工作存档\02Ohters\SKG\code\WF-RTL8720N\SmartBraceletCheck\SmartBracelet\Executer\SKGControlCommandExecuter.cs:行号 91
   在 AILinkFactoryAuto.View.FormMain.Run() 位置 F:\2_工作和软件\1_工作存档\01长虹爱联\功能测试框架搭建\new\Platform\AILinkFactoryAuto\View\FormMain.cs:行号 404

2021-03-20 20:29:04,711 [Thread-DUT1] INFO  UiDebug AILinkFactoryAuto.Core.Log Info 32 - all test time:0:00:20.7634088
2021-03-20 20:29:24,290 [FormStudio] INFO  UiInfo AILinkFactoryAuto.View.FormMain LoadJts 272 - 加载测试序列成功
2021-03-20 20:29:24,290 [FormStudio] INFO  UiInfo AILinkFactoryAuto.View.FormMain FormMain_Shown 230 - DUT1
2021-03-20 20:29:24,291 [FormStudio] INFO  UiInfo AILinkFactoryAuto.View.FormMain FormMain_Shown 233 - 加载测试序列=[\projects\SKG-TEST\DUT1_SKGtest.jts]
2021-03-20 20:29:24,293 [FormStudio] INFO  UiInfo AILinkFactoryAuto.View.FormMain LoadJts 272 - 加载测试序列成功
2021-03-20 20:29:24,293 [FormStudio] INFO  UiInfo AILinkFactoryAuto.View.FormMain FormMain_Shown 236 - FormMain................Success!
2021-03-20 20:29:36,141 [Thread-DUT1] INFO  UiDebug AILinkFactoryAuto.Core.Log Info 32 - 
     ***********************************************************************
     ***********************************************************************
     ***********                                                  **********
     ***********                  FactoryAuto                     **********
     ***********                  Huafuu                          **********
     ***********                                                  **********
     ***********                                                  **********
     ***********************************************************************
     ***********************************************************************
     Test Date: 2021-03-20, Test Time: 20:29:36


2021-03-20 20:29:36,164 [Thread-DUT1] INFO  UiDebug AILinkFactoryAuto.Core.Log Info 32 - 1 Init
2021-03-20 20:29:36,179 [Thread-DUT1] INFO  UiDebug AILinkFactoryAuto.Task.Executer.InitExecuter Run 14 - Start Init......
2021-03-20 20:29:36,180 [Thread-DUT1] INFO  UiDebug AILinkFactoryAuto.Core.Log Pass 49 - TestTime:18.0326ms
                                                                        PASS
2021-03-20 20:29:36,198 [Thread-DUT1] INFO  UiDebug AILinkFactoryAuto.Core.Log Info 32 - 2 扫码枪扫描标签
2021-03-20 20:29:36,219 [Thread-DUT1] INFO  UiDebug AILinkFactoryAuto.Core.Log Info 32 - IMEI=
2021-03-20 20:29:36,232 [Thread-DUT1] INFO  UiDebug AILinkFactoryAuto.Core.Log Info 32 - MEID=
2021-03-20 20:29:36,243 [Thread-DUT1] INFO  UiDebug AILinkFactoryAuto.Core.Log Info 32 - SN=
2021-03-20 20:29:36,258 [Thread-DUT1] INFO  UiDebug AILinkFactoryAuto.Core.Log Info 32 - MAC=
2021-03-20 20:29:36,273 [Thread-DUT1] INFO  UiDebug AILinkFactoryAuto.Core.Log Pass 49 - TestTime:76.2587ms
                                                                        PASS
2021-03-20 20:29:36,289 [Thread-DUT1] INFO  UiDebug AILinkFactoryAuto.Core.Log Info 32 - 3 打开SKG主串口
2021-03-20 20:29:36,408 [Thread-DUT1] INFO  UiDebug AILinkFactoryAuto.Core.Log Pass 49 - TestTime:119.6782ms
                                                                        PASS
2021-03-20 20:29:36,448 [Thread-DUT1] INFO  UiDebug AILinkFactoryAuto.Core.Log Info 32 - 4 打开采集板卡串口
2021-03-20 20:29:36,579 [Thread-DUT1] INFO  UiDebug AILinkFactoryAuto.Core.Log Pass 49 - TestTime:133.796ms
                                                                        PASS
2021-03-20 20:29:36,615 [Thread-DUT1] INFO  UiDebug AILinkFactoryAuto.Core.Log Info 32 - 7 发送SKG查询指令
2021-03-20 20:29:36,627 [Thread-DUT1] INFO  UiDebug AILinkFactoryAuto.Core.Log Info 32 - Tx:A5 C3 00 11 00 00 00 37 FF FF FF FF FF FF FF FF 40 
2021-03-20 20:29:36,653 [Thread-DUT1] INFO  UiDebug AILinkFactoryAuto.Core.Log Info 32 - Rx:A5 C3 00 5E 00 00 A0 37 FF FF FF 00 00 00 00 00 00 DB 2A 23 00 00 00 0A 23 1A 0C FF FF 00 00 00 00 00 00 10 A2 80 00 31 32 33 34 35 36 37 38 39 30 31 32 33 00 00 00 00 00 00 00 00 00 00 00 FF FF FF FF FF FF FF FF FF FF FF FF FF FF FF FF FF FF FF FF FF FF FF FF 20 4B 35 2D 32 54 F5 
2021-03-20 20:29:36,675 [Thread-DUT1] INFO  UiDebug AILinkFactoryAuto.Core.Log Info 32 - 核验RX的校验位：错误,返回校验位:F5,计算校验位:AB
2021-03-20 20:29:37,243 [Thread-DUT1] INFO  UiDebug AILinkFactoryAuto.Core.Log Info 32 - 超时：System.Func`1[System.Boolean]
2021-03-20 20:29:37,257 [Thread-DUT1] ERROR UiDebug AILinkFactoryAuto.View.FormMain Run 422 - AILinkFactoryAuto.Task.BaseException: 超时：System.Func`1[System.Boolean]
   在 AILinkFactoryAuto.Utils.TimeUtils.Execute(Func`1 func, Int32 ms, Int32 interval) 位置 F:\2_工作和软件\1_工作存档\01长虹爱联\功能测试框架搭建\new\Platform\TaskBase\Utils\TimeUtils.cs:行号 71
   在 AILinkFactoryAuto.Task.SmartBracelet.Executer.SKGExecuter.Run(IProperties properties, GlobalDic`2 globalDic) 位置 F:\2_工作和软件\1_工作存档\02Ohters\SKG\code\WF-RTL8720N\SmartBraceletCheck\SmartBracelet\Executer\SKGExecuter.cs:行号 171
   在 AILinkFactoryAuto.View.FormMain.Run() 位置 F:\2_工作和软件\1_工作存档\01长虹爱联\功能测试框架搭建\new\Platform\AILinkFactoryAuto\View\FormMain.cs:行号 404
2021-03-20 20:29:37,268 [Thread-DUT1] WARN  UiDebug AILinkFactoryAuto.Core.Log Warn 43 - 重试第1次
2021-03-20 20:29:37,285 [Thread-DUT1] INFO  UiDebug AILinkFactoryAuto.Core.Log Info 32 - Tx:A5 C3 00 11 00 00 00 37 FF FF FF FF FF FF FF FF 40 
2021-03-20 20:29:37,316 [Thread-DUT1] INFO  UiDebug AILinkFactoryAuto.Core.Log Info 32 - Rx:A5 C3 00 5E 00 00 A0 37 FF FF FF 00 00 00 00 00 00 DB 2A 23 00 00 00 0A 23 1A 0C FF FF 00 00 00 00 00 00 10 A1 80 00 31 32 33 34 35 36 37 38 39 30 31 32 33 00 00 00 00 00 00 00 00 00 00 00 FF FF FF FF FF FF FF FF FF FF FF FF FF FF FF FF FF FF FF FF FF FF FF FF 20 4B 35 2D 32 54 A8 
2021-03-20 20:29:37,330 [Thread-DUT1] INFO  UiDebug AILinkFactoryAuto.Core.Log Info 32 - 核验RX的校验位：正确,返回校验位:A8,计算校验位:A8
2021-03-20 20:29:37,345 [Thread-DUT1] INFO  UiDebug AILinkFactoryAuto.Core.Log Info 32 - 应答报文格式检查PASS
2021-03-20 20:29:37,360 [Thread-DUT1] INFO  UiDebug AILinkFactoryAuto.Core.Log Pass 49 - TestTime:745.7646ms
                                                                        PASS
2021-03-20 20:29:37,375 [Thread-DUT1] INFO  UiDebug AILinkFactoryAuto.Core.Log Info 32 - 8 发送SKG查询指令
2021-03-20 20:29:37,388 [Thread-DUT1] INFO  UiDebug AILinkFactoryAuto.Core.Log Info 32 - Tx:A5 C3 00 11 00 00 00 37 FF FF FF FF FF FF FF FF 40 
2021-03-20 20:29:37,424 [Thread-DUT1] INFO  UiDebug AILinkFactoryAuto.Core.Log Info 32 - Rx:A5 C3 00 5E 00 00 A0 37 FF FF FF 00 00 00 00 00 00 DB 2A 23 00 00 00 0A 23 1A 0C FF FF 00 00 00 00 00 00 10 A2 80 00 31 32 33 34 35 36 37 38 39 30 31 32 33 00 00 00 00 00 00 00 00 00 00 00 FF FF FF FF FF FF FF FF FF FF FF FF FF FF FF FF FF FF FF FF FF FF FF FF 20 4B 35 2D 32 54 AB 
2021-03-20 20:29:37,437 [Thread-DUT1] INFO  UiDebug AILinkFactoryAuto.Core.Log Info 32 - 核验RX的校验位：正确,返回校验位:AB,计算校验位:AB
2021-03-20 20:29:37,450 [Thread-DUT1] INFO  UiDebug AILinkFactoryAuto.Core.Log Info 32 - 应答报文格式检查PASS
2021-03-20 20:29:37,464 [Thread-DUT1] INFO  UiDebug AILinkFactoryAuto.Core.Log Pass 49 - TestTime:89.4747ms
                                                                        PASS
2021-03-20 20:29:37,480 [Thread-DUT1] INFO  UiDebug AILinkFactoryAuto.Core.Log Info 32 - 9 检查SKG查询到的信息
2021-03-20 20:29:37,492 [Thread-DUT1] INFO  UiDebug AILinkFactoryAuto.Core.Log Info 32 - 未完成过PCBA测试
2021-03-20 20:29:37,504 [Thread-DUT1] INFO  UiDebug AILinkFactoryAuto.Core.Log Info 32 - 未完成过整机测试
2021-03-20 20:29:37,518 [Thread-DUT1] INFO  UiDebug AILinkFactoryAuto.Core.Log Info 32 - 未完成过老化测试
2021-03-20 20:29:37,532 [Thread-DUT1] INFO  UiDebug AILinkFactoryAuto.Core.Log Info 32 - 硬件版本号:0000,与设置版本号:0000一致
2021-03-20 20:29:37,545 [Thread-DUT1] INFO  UiDebug AILinkFactoryAuto.Core.Log Info 32 - 软件版本号:00000000,与设置版本号:00000000一致
2021-03-20 20:29:37,561 [Thread-DUT1] INFO  UiDebug AILinkFactoryAuto.Core.Log Info 32 - MCU ID:DB2A230000000A231A0CFFFF
2021-03-20 20:29:37,576 [Thread-DUT1] INFO  UiDebug AILinkFactoryAuto.Core.Log Info 32 - BLE MAC:000000000000
2021-03-20 20:29:37,589 [Thread-DUT1] INFO  UiDebug AILinkFactoryAuto.Core.Log Info 32 - 电压值(mV)：：4258，在设定范围：500 ~ 5000之间 PASS 

2021-03-20 20:29:37,601 [Thread-DUT1] INFO  UiDebug AILinkFactoryAuto.Core.Log Info 32 - 固件名称:K5-2T,与设置固件名称:K5-2T一致
2021-03-20 20:29:37,615 [Thread-DUT1] INFO  UiDebug AILinkFactoryAuto.Core.Log Pass 49 - TestTime:139.2507ms
                                                                        PASS
2021-03-20 20:29:37,630 [Thread-DUT1] INFO  UiDebug AILinkFactoryAuto.Core.Log Info 32 - 10 SKG授权-PCBID授权
2021-03-20 20:29:37,645 [Thread-DUT1] INFO  UiDebug AILinkFactoryAuto.Core.Log Info 32 - Tx:A5 C3 00 23 00 00 00 23 02 0D 31 32 33 34 35 36 37 38 39 30 31 32 33 00 00 00 00 00 00 00 00 00 00 00 58 
2021-03-20 20:29:37,672 [Thread-DUT1] INFO  UiDebug AILinkFactoryAuto.Core.Log Info 32 - Rx:A5 C3 00 35 00 00 A0 23 02 3D 31 32 33 34 35 36 37 38 39 30 31 32 33 00 00 00 00 00 00 00 00 00 00 00 DB 2A 23 00 00 00 0A 23 1A 0C FF FF 00 00 00 00 00 00 33 
2021-03-20 20:29:37,684 [Thread-DUT1] INFO  UiDebug AILinkFactoryAuto.Core.Log Info 32 - 核验RX的校验位：正确,返回校验位:33,计算校验位:33
2021-03-20 20:29:37,697 [Thread-DUT1] INFO  UiDebug AILinkFactoryAuto.Core.Log Info 32 - 应答报文格式检查PASS
2021-03-20 20:29:37,709 [Thread-DUT1] INFO  UiDebug AILinkFactoryAuto.Core.Log Info 32 - 回复的授权内容:313233343536373839303132330000000000000000000000
发送的授权内容:313233343536373839303132330000000000000000000000
一致
2021-03-20 20:29:37,720 [Thread-DUT1] INFO  UiDebug AILinkFactoryAuto.Core.Log Info 32 - MCU ID:DB2A230000000A231A0CFFFF
2021-03-20 20:29:37,743 [Thread-DUT1] INFO  UiDebug AILinkFactoryAuto.Core.Log Info 32 - BLE MAC:000000000000
2021-03-20 20:29:37,753 [Thread-DUT1] INFO  UiDebug AILinkFactoryAuto.Core.Log Info 32 - 授权成功
2021-03-20 20:29:37,763 [Thread-DUT1] INFO  UiDebug AILinkFactoryAuto.Core.Log Pass 49 - TestTime:134.1827ms
                                                                        PASS
2021-03-20 20:29:37,784 [Thread-DUT1] INFO  UiDebug AILinkFactoryAuto.Core.Log Info 32 - 11 回读确保授权写入成功-发送查询指令
2021-03-20 20:29:37,806 [Thread-DUT1] INFO  UiDebug AILinkFactoryAuto.Core.Log Info 32 - Tx:A5 C3 00 11 00 00 00 37 FF FF FF FF FF FF FF FF 40 
2021-03-20 20:29:37,938 [Thread-DUT1] INFO  UiDebug AILinkFactoryAuto.Core.Log Info 32 - Rx:A5 C3 00 5E 00 00 A0 37 FF FF FF 00 00 00 00 00 00 DB 2A 23 00 00 00 0A 23 1A 0C FF FF 00 00 00 00 00 00 10 A3 80 00 31 32 33 34 35 36 37 38 39 30 31 32 33 00 00 00 00 00 00 00 00 00 00 00 FF FF FF FF FF FF FF FF FF FF FF FF FF FF FF FF FF FF FF FF FF FF FF FF 20 4B 35 2D 32 54 C1 
2021-03-20 20:29:37,953 [Thread-DUT1] INFO  UiDebug AILinkFactoryAuto.Core.Log Info 32 - 核验RX的校验位：错误,返回校验位:C1,计算校验位:AA
2021-03-20 20:29:38,414 [Thread-DUT1] INFO  UiDebug AILinkFactoryAuto.Core.Log Info 32 - 超时：System.Func`1[System.Boolean]
2021-03-20 20:29:38,425 [Thread-DUT1] ERROR UiDebug AILinkFactoryAuto.View.FormMain Run 422 - AILinkFactoryAuto.Task.BaseException: 超时：System.Func`1[System.Boolean]
   在 AILinkFactoryAuto.Utils.TimeUtils.Execute(Func`1 func, Int32 ms, Int32 interval) 位置 F:\2_工作和软件\1_工作存档\01长虹爱联\功能测试框架搭建\new\Platform\TaskBase\Utils\TimeUtils.cs:行号 71
   在 AILinkFactoryAuto.Task.SmartBracelet.Executer.SKGExecuter.Run(IProperties properties, GlobalDic`2 globalDic) 位置 F:\2_工作和软件\1_工作存档\02Ohters\SKG\code\WF-RTL8720N\SmartBraceletCheck\SmartBracelet\Executer\SKGExecuter.cs:行号 171
   在 AILinkFactoryAuto.View.FormMain.Run() 位置 F:\2_工作和软件\1_工作存档\01长虹爱联\功能测试框架搭建\new\Platform\AILinkFactoryAuto\View\FormMain.cs:行号 404
2021-03-20 20:29:38,439 [Thread-DUT1] WARN  UiDebug AILinkFactoryAuto.Core.Log Warn 43 - 重试第1次
2021-03-20 20:29:38,454 [Thread-DUT1] INFO  UiDebug AILinkFactoryAuto.Core.Log Info 32 - Tx:A5 C3 00 11 00 00 00 37 FF FF FF FF FF FF FF FF 40 
2021-03-20 20:29:38,486 [Thread-DUT1] INFO  UiDebug AILinkFactoryAuto.Core.Log Info 32 - Rx:A5 C3 00 5E 00 00 A0 37 FF FF FF 00 00 00 00 00 00 DB 2A 23 00 00 00 0A 23 1A 0C FF FF 00 00 00 00 00 00 10 A2 80 00 31 32 33 34 35 36 37 38 39 30 31 32 33 00 00 00 00 00 00 00 00 00 00 00 FF FF FF FF FF FF FF FF FF FF FF FF FF FF FF FF FF FF FF FF FF FF FF FF 20 4B 35 2D 32 54 AB 
2021-03-20 20:29:38,498 [Thread-DUT1] INFO  UiDebug AILinkFactoryAuto.Core.Log Info 32 - 核验RX的校验位：正确,返回校验位:AB,计算校验位:AB
2021-03-20 20:29:38,529 [Thread-DUT1] INFO  UiDebug AILinkFactoryAuto.Core.Log Info 32 - 应答报文格式检查PASS
2021-03-20 20:29:38,544 [Thread-DUT1] INFO  UiDebug AILinkFactoryAuto.Core.Log Pass 49 - TestTime:765.9621ms
                                                                        PASS
2021-03-20 20:29:38,563 [Thread-DUT1] INFO  UiDebug AILinkFactoryAuto.Core.Log Info 32 - 12 回读确保授权写入成功-查询内容检查
2021-03-20 20:29:38,577 [Thread-DUT1] INFO  UiDebug AILinkFactoryAuto.Core.Log Info 32 - 未完成过PCBA测试
2021-03-20 20:29:38,588 [Thread-DUT1] INFO  UiDebug AILinkFactoryAuto.Core.Log Info 32 - 未完成过整机测试
2021-03-20 20:29:38,599 [Thread-DUT1] INFO  UiDebug AILinkFactoryAuto.Core.Log Info 32 - 未完成过老化测试
2021-03-20 20:29:38,611 [Thread-DUT1] INFO  UiDebug AILinkFactoryAuto.Core.Log Info 32 - MCU ID:DB2A230000000A231A0CFFFF
2021-03-20 20:29:38,622 [Thread-DUT1] INFO  UiDebug AILinkFactoryAuto.Core.Log Info 32 - BLE MAC:000000000000
2021-03-20 20:29:38,632 [Thread-DUT1] INFO  UiDebug AILinkFactoryAuto.Core.Log Info 32 - 读取的PCBA-ID:1234567890123
2021-03-20 20:29:38,642 [Thread-DUT1] INFO  UiDebug AILinkFactoryAuto.Core.Log Info 32 - 预写PCBIDA-ID :1234567890123与写入的PCBA-ID ：1234567890123，一致
2021-03-20 20:29:38,654 [Thread-DUT1] INFO  UiDebug AILinkFactoryAuto.Core.Log Pass 49 - TestTime:95.6247ms
                                                                        PASS
2021-03-20 20:29:38,669 [Thread-DUT1] INFO  UiDebug AILinkFactoryAuto.Core.Log Info 32 - 13 发SKG控制指令-EMS13通道
2021-03-20 20:29:38,679 [Thread-DUT1] INFO  UiDebug AILinkFactoryAuto.Core.Log Info 32 - EMS 测试开关设置:正反交替脉冲A_B
2021-03-20 20:29:38,688 [Thread-DUT1] INFO  UiDebug AILinkFactoryAuto.Core.Log Info 32 - EMS 脉宽设置:3500uS
2021-03-20 20:29:38,716 [Thread-DUT1] INFO  UiDebug AILinkFactoryAuto.Core.Log Info 32 - EMS 频率设置:1000Hz
2021-03-20 20:29:38,728 [Thread-DUT1] INFO  UiDebug AILinkFactoryAuto.Core.Log Info 32 - EMS 幅度设置:50000mV
2021-03-20 20:29:38,740 [Thread-DUT1] INFO  UiDebug AILinkFactoryAuto.Core.Log Info 32 - 加热档位控制:开启42度加热或加热中档
2021-03-20 20:29:38,760 [Thread-DUT1] INFO  UiDebug AILinkFactoryAuto.Core.Log Info 32 - Tx:A5 C3 00 1A 00 00 00 40 00 00 03 0D AC 03 E8 C3 50 01 00 00 00 00 00 00 00 E7 
2021-03-20 20:29:38,783 [Thread-DUT1] INFO  UiDebug AILinkFactoryAuto.Core.Log Info 32 - Rx:A5 C3 00 1A 00 00 A0 40 00 00 03 0D AC 03 E8 C3 50 01 00 00 00 00 00 00 00 47 
2021-03-20 20:29:38,795 [Thread-DUT1] INFO  UiDebug AILinkFactoryAuto.Core.Log Info 32 - 核验RX的校验位：正确,返回校验位:47,计算校验位:47
2021-03-20 20:29:38,807 [Thread-DUT1] INFO  UiDebug AILinkFactoryAuto.Core.Log Info 32 - 应答报文格式检查PASS
2021-03-20 20:29:38,815 [Thread-DUT1] INFO  UiDebug AILinkFactoryAuto.Core.Log Pass 49 - TestTime:145.9625ms
                                                                        PASS
2021-03-20 20:29:38,832 [Thread-DUT1] INFO  UiDebug AILinkFactoryAuto.Core.Log Info 32 - 14 AT-获取EMS1
2021-03-20 20:29:38,955 [Thread-DUT1] INFO  UiDebug AILinkFactoryAuto.Core.Log Info 32 - AT Commond=AT+EMS1?
2021-03-20 20:29:39,082 [Thread-DUT1] INFO  UiDebug AILinkFactoryAuto.Core.Log Info 32 - AT Response=EMS1=34.015
OK

2021-03-20 20:29:39,094 [Thread-DUT1] INFO  UiDebug AILinkFactoryAuto.Core.Log Pass 49 - TestTime:265.8299ms
                                                                        PASS
2021-03-20 20:29:39,109 [Thread-DUT1] INFO  UiDebug AILinkFactoryAuto.Core.Log Info 32 - 15 检查EMS1
2021-03-20 20:29:39,121 [Thread-DUT1] INFO  UiDebug AILinkFactoryAuto.Core.Log Info 32 - EMS1的值：34.01，在设定范围：1 ~ 50之间 PASS 

2021-03-20 20:29:39,132 [Thread-DUT1] INFO  UiDebug AILinkFactoryAuto.Core.Log Pass 49 - TestTime:23.7214ms
                                                                        PASS
2021-03-20 20:29:39,150 [Thread-DUT1] INFO  UiDebug AILinkFactoryAuto.Core.Log Info 32 - 16 发SKG控制指令-EMS24-通道
2021-03-20 20:29:39,162 [Thread-DUT1] INFO  UiDebug AILinkFactoryAuto.Core.Log Info 32 - EMS 测试开关设置:正反交替脉冲E_F
2021-03-20 20:29:39,172 [Thread-DUT1] INFO  UiDebug AILinkFactoryAuto.Core.Log Info 32 - EMS 脉宽设置:3500uS
2021-03-20 20:29:39,187 [Thread-DUT1] INFO  UiDebug AILinkFactoryAuto.Core.Log Info 32 - EMS 频率设置:1000Hz
2021-03-20 20:29:39,201 [Thread-DUT1] INFO  UiDebug AILinkFactoryAuto.Core.Log Info 32 - EMS 幅度设置:50000mV
2021-03-20 20:29:39,214 [Thread-DUT1] INFO  UiDebug AILinkFactoryAuto.Core.Log Info 32 - 加热档位控制:开启42度加热或加热中档
2021-03-20 20:29:39,224 [Thread-DUT1] INFO  UiDebug AILinkFactoryAuto.Core.Log Info 32 - Tx:A5 C3 00 1A 00 00 00 40 00 00 05 0D AC 03 E8 C3 50 01 00 00 00 00 00 00 00 E1 
2021-03-20 20:29:39,252 [Thread-DUT1] INFO  UiDebug AILinkFactoryAuto.Core.Log Info 32 - Rx:A5 C3 00 1A 00 00 A0 40 00 00 05 0D AC 03 E8 C3 50 01 00 00 00 00 00 00 00 41 
2021-03-20 20:29:39,281 [Thread-DUT1] INFO  UiDebug AILinkFactoryAuto.Core.Log Info 32 - 核验RX的校验位：正确,返回校验位:41,计算校验位:41
2021-03-20 20:29:39,295 [Thread-DUT1] INFO  UiDebug AILinkFactoryAuto.Core.Log Info 32 - 应答报文格式检查PASS
2021-03-20 20:29:39,310 [Thread-DUT1] INFO  UiDebug AILinkFactoryAuto.Core.Log Pass 49 - TestTime:163.1578ms
                                                                        PASS
2021-03-20 20:29:39,321 [Thread-DUT1] INFO  UiDebug AILinkFactoryAuto.Core.Log Info 32 - 17 AT-获取EMS2
2021-03-20 20:29:39,440 [Thread-DUT1] INFO  UiDebug AILinkFactoryAuto.Core.Log Info 32 - AT Commond=AT+EMS2?
2021-03-20 20:29:39,565 [Thread-DUT1] INFO  UiDebug AILinkFactoryAuto.Core.Log Info 32 - AT Response=EMS2=34.163
OK

2021-03-20 20:29:39,578 [Thread-DUT1] INFO  UiDebug AILinkFactoryAuto.Core.Log Pass 49 - TestTime:257.7782ms
                                                                        PASS
2021-03-20 20:29:39,601 [Thread-DUT1] INFO  UiDebug AILinkFactoryAuto.Core.Log Info 32 - 18 检查EMS2
2021-03-20 20:29:39,611 [Thread-DUT1] INFO  UiDebug AILinkFactoryAuto.Core.Log Info 32 - EMS2的值：34.16，在设定范围：1 ~ 60之间 PASS 

2021-03-20 20:29:39,623 [Thread-DUT1] INFO  UiDebug AILinkFactoryAuto.Core.Log Pass 49 - TestTime:28.8791ms
                                                                        PASS
2021-03-20 20:29:39,654 [Thread-DUT1] INFO  UiDebug AILinkFactoryAuto.Core.Log Info 32 - 19 发SKG控制指令-开机
2021-03-20 20:29:39,669 [Thread-DUT1] INFO  UiDebug AILinkFactoryAuto.Core.Log Info 32 - 开关机设置:开机
2021-03-20 20:29:39,682 [Thread-DUT1] INFO  UiDebug AILinkFactoryAuto.Core.Log Info 32 - Tx:A5 C3 00 1A 00 00 00 40 01 00 00 00 00 00 00 00 00 00 00 00 00 00 00 00 00 3D 
2021-03-20 20:29:39,705 [Thread-DUT1] INFO  UiDebug AILinkFactoryAuto.Core.Log Info 32 - Rx:A5 C3 00 1A 00 00 A0 40 01 00 00 00 00 00 00 00 00 00 00 00 00 00 00 00 00 9D 
2021-03-20 20:29:39,716 [Thread-DUT1] INFO  UiDebug AILinkFactoryAuto.Core.Log Info 32 - 核验RX的校验位：正确,返回校验位:9D,计算校验位:9D
2021-03-20 20:29:39,727 [Thread-DUT1] INFO  UiDebug AILinkFactoryAuto.Core.Log Info 32 - 应答报文格式检查PASS
2021-03-20 20:29:39,736 [Thread-DUT1] INFO  UiDebug AILinkFactoryAuto.Core.Log Pass 49 - TestTime:83.2032ms
                                                                        PASS
2021-03-20 20:29:39,748 [Thread-DUT1] INFO  UiDebug AILinkFactoryAuto.Core.Log Info 32 - 20 发SKG控制指令-关机
2021-03-20 20:29:39,758 [Thread-DUT1] INFO  UiDebug AILinkFactoryAuto.Core.Log Info 32 - 开关机设置:关机
2021-03-20 20:29:39,767 [Thread-DUT1] INFO  UiDebug AILinkFactoryAuto.Core.Log Info 32 - Tx:A5 C3 00 1A 00 00 00 40 02 00 00 00 00 00 00 00 00 00 00 00 00 00 00 00 00 3E 
2021-03-20 20:29:39,799 [Thread-DUT1] INFO  UiDebug AILinkFactoryAuto.Core.Log Info 32 - Rx:A5 C3 00 1A 00 00 A0 40 02 00 00 00 00 00 00 00 00 00 00 00 00 00 00 00 00 9E 
2021-03-20 20:29:39,809 [Thread-DUT1] INFO  UiDebug AILinkFactoryAuto.Core.Log Info 32 - 核验RX的校验位：正确,返回校验位:9E,计算校验位:9E
2021-03-20 20:29:39,819 [Thread-DUT1] INFO  UiDebug AILinkFactoryAuto.Core.Log Info 32 - 应答报文格式检查PASS
2021-03-20 20:29:39,829 [Thread-DUT1] INFO  UiDebug AILinkFactoryAuto.Core.Log Pass 49 - TestTime:81.4842ms
                                                                        PASS
2021-03-20 20:29:39,849 [Thread-DUT1] INFO  UiDebug AILinkFactoryAuto.Core.Log Info 32 - 21 发SKG控制指令-发出声音+LED全关
2021-03-20 20:29:39,859 [Thread-DUT1] INFO  UiDebug AILinkFactoryAuto.Core.Log Info 32 - LED 模式设置:LED全关
2021-03-20 20:29:39,870 [Thread-DUT1] INFO  UiDebug AILinkFactoryAuto.Core.Log Info 32 - Tx:A5 C3 00 1A 00 00 00 40 00 03 00 00 00 00 00 00 00 00 01 00 00 00 00 00 00 3E 
2021-03-20 20:29:40,000 [Thread-DUT1] INFO  UiDebug AILinkFactoryAuto.Core.Log Info 32 - Rx:A5 C3 00 1A 00 00 A0 40 00 03 00 00 00 00 00 00 00 00 01 00 00 00 00 00 00 9E 
2021-03-20 20:29:40,017 [Thread-DUT1] INFO  UiDebug AILinkFactoryAuto.Core.Log Info 32 - 核验RX的校验位：正确,返回校验位:9E,计算校验位:9E
2021-03-20 20:29:40,030 [Thread-DUT1] INFO  UiDebug AILinkFactoryAuto.Core.Log Info 32 - 应答报文格式检查PASS
2021-03-20 20:29:40,073 [Thread-DUT1] INFO  UiDebug AILinkFactoryAuto.Core.Log Pass 49 - TestTime:224.8987ms
                                                                        PASS
2021-03-20 20:29:40,088 [Thread-DUT1] INFO  UiDebug AILinkFactoryAuto.Core.Log Info 32 - 22 声音检查-用户判断
2021-03-20 20:29:41,131 [Thread-DUT1] INFO  UiDebug AILinkFactoryAuto.Core.Log Pass 49 - User Press Space
2021-03-20 20:29:41,151 [Thread-DUT1] INFO  UiDebug AILinkFactoryAuto.Core.Log Pass 49 - TestTime:1066.191ms
                                                                        PASS
2021-03-20 20:29:41,178 [Thread-DUT1] INFO  UiDebug AILinkFactoryAuto.Core.Log Info 32 - 23 发SKG控制指令-LED红/橙灯
2021-03-20 20:29:41,195 [Thread-DUT1] INFO  UiDebug AILinkFactoryAuto.Core.Log Info 32 - LED 模式设置:红或橙色LED开
2021-03-20 20:29:41,206 [Thread-DUT1] INFO  UiDebug AILinkFactoryAuto.Core.Log Info 32 - Tx:A5 C3 00 1A 00 00 00 40 00 02 00 00 00 00 00 00 00 00 00 00 00 00 00 00 00 3E 
2021-03-20 20:29:41,235 [Thread-DUT1] INFO  UiDebug AILinkFactoryAuto.Core.Log Info 32 - Rx:A5 C3 00 1A 00 00 A0 40 00 02 00 00 00 00 00 00 00 00 00 00 00 00 00 00 00 9E 
2021-03-20 20:29:41,248 [Thread-DUT1] INFO  UiDebug AILinkFactoryAuto.Core.Log Info 32 - 核验RX的校验位：正确,返回校验位:9E,计算校验位:9E
2021-03-20 20:29:41,265 [Thread-DUT1] INFO  UiDebug AILinkFactoryAuto.Core.Log Info 32 - 应答报文格式检查PASS
2021-03-20 20:29:41,277 [Thread-DUT1] INFO  UiDebug AILinkFactoryAuto.Core.Log Pass 49 - TestTime:99.7589ms
                                                                        PASS
2021-03-20 20:29:41,296 [Thread-DUT1] INFO  UiDebug AILinkFactoryAuto.Core.Log Info 32 - 24 LED红/橙灯检查-用户判断
2021-03-20 20:29:42,614 [Thread-DUT1] INFO  UiDebug AILinkFactoryAuto.Core.Log Pass 49 - User Press Space
2021-03-20 20:29:42,635 [Thread-DUT1] INFO  UiDebug AILinkFactoryAuto.Core.Log Pass 49 - TestTime:1340.4286ms
                                                                        PASS
2021-03-20 20:29:42,674 [Thread-DUT1] INFO  UiDebug AILinkFactoryAuto.Core.Log Info 32 - 25 发SKG控制指令-LED蓝灯
2021-03-20 20:29:42,693 [Thread-DUT1] INFO  UiDebug AILinkFactoryAuto.Core.Log Info 32 - LED 模式设置:蓝色LED开
2021-03-20 20:29:42,708 [Thread-DUT1] INFO  UiDebug AILinkFactoryAuto.Core.Log Info 32 - Tx:A5 C3 00 1A 00 00 00 40 00 01 00 00 00 00 00 00 00 00 00 00 00 00 00 00 00 3D 
2021-03-20 20:29:42,733 [Thread-DUT1] INFO  UiDebug AILinkFactoryAuto.Core.Log Info 32 - Rx:A5 C3 00 1A 00 00 A0 40 00 01 00 00 00 00 00 00 00 00 00 00 00 00 00 00 00 9D 
2021-03-20 20:29:42,744 [Thread-DUT1] INFO  UiDebug AILinkFactoryAuto.Core.Log Info 32 - 核验RX的校验位：正确,返回校验位:9D,计算校验位:9D
2021-03-20 20:29:42,759 [Thread-DUT1] INFO  UiDebug AILinkFactoryAuto.Core.Log Info 32 - 应答报文格式检查PASS
2021-03-20 20:29:42,791 [Thread-DUT1] INFO  UiDebug AILinkFactoryAuto.Core.Log Pass 49 - TestTime:119.8438ms
                                                                        PASS
2021-03-20 20:29:42,810 [Thread-DUT1] INFO  UiDebug AILinkFactoryAuto.Core.Log Info 32 - 26 LED蓝灯检查-用户判断
2021-03-20 20:29:43,762 [Thread-DUT1] INFO  UiDebug AILinkFactoryAuto.Core.Log Pass 49 - User Press Space
2021-03-20 20:29:43,797 [Thread-DUT1] INFO  UiDebug AILinkFactoryAuto.Core.Log Pass 49 - TestTime:990.5042ms
                                                                        PASS
2021-03-20 20:29:43,836 [Thread-DUT1] INFO  UiDebug AILinkFactoryAuto.Core.Log Info 32 - 33 AT-控制继电器电压输出5V
2021-03-20 20:29:43,956 [Thread-DUT1] INFO  UiDebug AILinkFactoryAuto.Core.Log Info 32 - AT Commond=AT+VO=1!
2021-03-20 20:29:44,081 [Thread-DUT1] INFO  UiDebug AILinkFactoryAuto.Core.Log Info 32 - AT Response=VO=1
OK

2021-03-20 20:29:44,093 [Thread-DUT1] INFO  UiDebug AILinkFactoryAuto.Core.Log Pass 49 - TestTime:258.2581ms
                                                                        PASS
2021-03-20 20:29:44,106 [Thread-DUT1] INFO  UiDebug AILinkFactoryAuto.Core.Log Info 32 - 34 上报检测-充电及USB插入状态检测
2021-03-20 20:29:44,307 [Thread-DUT1] INFO  UiDebug AILinkFactoryAuto.Core.Log Info 32 - Rx:A5 C3 00 0D 00 00 A0 41 01 01 03 01 88 A5 C3 00 0D 00 00 A0 41 01 01 01 01 8A 
2021-03-20 20:29:44,410 [Thread-DUT1] INFO  UiDebug AILinkFactoryAuto.Core.Log Info 32 - Rx:00 
2021-03-20 20:29:44,521 [Thread-DUT1] INFO  UiDebug AILinkFactoryAuto.Core.Log Info 32 - Rx:
2021-03-20 20:29:44,631 [Thread-DUT1] INFO  UiDebug AILinkFactoryAuto.Core.Log Info 32 - Rx:
2021-03-20 20:29:44,739 [Thread-DUT1] INFO  UiDebug AILinkFactoryAuto.Core.Log Info 32 - Rx:A5 C3 00 0D 00 00 A0 41 00 01 01 01 86 A5 C3 00 0D 00 00 A0 41 00 01 01 01 8B 
2021-03-20 20:29:44,849 [Thread-DUT1] INFO  UiDebug AILinkFactoryAuto.Core.Log Info 32 - Rx:
2021-03-20 20:29:44,953 [Thread-DUT1] INFO  UiDebug AILinkFactoryAuto.Core.Log Info 32 - Rx:
2021-03-20 20:29:45,070 [Thread-DUT1] INFO  UiDebug AILinkFactoryAuto.Core.Log Info 32 - Rx:
2021-03-20 20:29:45,182 [Thread-DUT1] INFO  UiDebug AILinkFactoryAuto.Core.Log Info 32 - Rx:
2021-03-20 20:29:45,279 [Thread-DUT1] INFO  UiDebug AILinkFactoryAuto.Core.Log Info 32 - Rx:
2021-03-20 20:29:45,386 [Thread-DUT1] INFO  UiDebug AILinkFactoryAuto.Core.Log Info 32 - Rx:
2021-03-20 20:29:45,511 [Thread-DUT1] INFO  UiDebug AILinkFactoryAuto.Core.Log Info 32 - Rx:
2021-03-20 20:29:45,607 [Thread-DUT1] INFO  UiDebug AILinkFactoryAuto.Core.Log Info 32 - Rx:
2021-03-20 20:29:45,728 [Thread-DUT1] INFO  UiDebug AILinkFactoryAuto.Core.Log Info 32 - Rx:
2021-03-20 20:29:45,838 [Thread-DUT1] INFO  UiDebug AILinkFactoryAuto.Core.Log Info 32 - Rx:
2021-03-20 20:29:45,946 [Thread-DUT1] INFO  UiDebug AILinkFactoryAuto.Core.Log Info 32 - Rx:
2021-03-20 20:29:46,057 [Thread-DUT1] INFO  UiDebug AILinkFactoryAuto.Core.Log Info 32 - Rx:
2021-03-20 20:29:46,151 [Thread-DUT1] INFO  UiDebug AILinkFactoryAuto.Core.Log Info 32 - Rx:
2021-03-20 20:29:46,260 [Thread-DUT1] INFO  UiDebug AILinkFactoryAuto.Core.Log Info 32 - Rx:
2021-03-20 20:29:46,372 [Thread-DUT1] INFO  UiDebug AILinkFactoryAuto.Core.Log Info 32 - Rx:
2021-03-20 20:29:46,482 [Thread-DUT1] INFO  UiDebug AILinkFactoryAuto.Core.Log Info 32 - Rx:
2021-03-20 20:29:46,592 [Thread-DUT1] INFO  UiDebug AILinkFactoryAuto.Core.Log Info 32 - Rx:
2021-03-20 20:29:46,701 [Thread-DUT1] INFO  UiDebug AILinkFactoryAuto.Core.Log Info 32 - Rx:
2021-03-20 20:29:46,812 [Thread-DUT1] INFO  UiDebug AILinkFactoryAuto.Core.Log Info 32 - Rx:
2021-03-20 20:29:46,920 [Thread-DUT1] INFO  UiDebug AILinkFactoryAuto.Core.Log Info 32 - Rx:
2021-03-20 20:29:47,033 [Thread-DUT1] INFO  UiDebug AILinkFactoryAuto.Core.Log Info 32 - Rx:
2021-03-20 20:29:47,141 [Thread-DUT1] INFO  UiDebug AILinkFactoryAuto.Core.Log Info 32 - Rx:
2021-03-20 20:29:47,254 [Thread-DUT1] INFO  UiDebug AILinkFactoryAuto.Core.Log Info 32 - Rx:
2021-03-20 20:29:47,361 [Thread-DUT1] INFO  UiDebug AILinkFactoryAuto.Core.Log Info 32 - Rx:
2021-03-20 20:29:47,471 [Thread-DUT1] INFO  UiDebug AILinkFactoryAuto.Core.Log Info 32 - Rx:
2021-03-20 20:29:47,581 [Thread-DUT1] INFO  UiDebug AILinkFactoryAuto.Core.Log Info 32 - Rx:
2021-03-20 20:29:47,691 [Thread-DUT1] INFO  UiDebug AILinkFactoryAuto.Core.Log Info 32 - Rx:
2021-03-20 20:29:47,794 [Thread-DUT1] INFO  UiDebug AILinkFactoryAuto.Core.Log Info 32 - Rx:
2021-03-20 20:29:47,910 [Thread-DUT1] INFO  UiDebug AILinkFactoryAuto.Core.Log Info 32 - Rx:
2021-03-20 20:29:48,011 [Thread-DUT1] INFO  UiDebug AILinkFactoryAuto.Core.Log Info 32 - Rx:
2021-03-20 20:29:48,132 [Thread-DUT1] INFO  UiDebug AILinkFactoryAuto.Core.Log Info 32 - Rx:
2021-03-20 20:29:48,239 [Thread-DUT1] INFO  UiDebug AILinkFactoryAuto.Core.Log Info 32 - Rx:
2021-03-20 20:29:48,349 [Thread-DUT1] INFO  UiDebug AILinkFactoryAuto.Core.Log Info 32 - Rx:
2021-03-20 20:29:48,460 [Thread-DUT1] INFO  UiDebug AILinkFactoryAuto.Core.Log Info 32 - Rx:
2021-03-20 20:29:48,567 [Thread-DUT1] INFO  UiDebug AILinkFactoryAuto.Core.Log Info 32 - Rx:
2021-03-20 20:29:48,674 [Thread-DUT1] INFO  UiDebug AILinkFactoryAuto.Core.Log Info 32 - Rx:
2021-03-20 20:29:48,785 [Thread-DUT1] INFO  UiDebug AILinkFactoryAuto.Core.Log Info 32 - Rx:
2021-03-20 20:29:48,894 [Thread-DUT1] INFO  UiDebug AILinkFactoryAuto.Core.Log Info 32 - Rx:
2021-03-20 20:29:49,003 [Thread-DUT1] INFO  UiDebug AILinkFactoryAuto.Core.Log Info 32 - Rx:
2021-03-20 20:29:49,111 [Thread-DUT1] INFO  UiDebug AILinkFactoryAuto.Core.Log Info 32 - Rx:
2021-03-20 20:29:49,222 [Thread-DUT1] INFO  UiDebug AILinkFactoryAuto.Core.Log Info 32 - 未返回正确状态关键字：A041000103
2021-03-20 20:29:49,237 [Thread-DUT1] ERROR UiDebug AILinkFactoryAuto.Core.Log Fail 38 - Wait TimeOut, 5seconds
2021-03-20 20:29:49,268 [Thread-DUT1] INFO  UiDebug AILinkFactoryAuto.Core.Log Info 32 - Fail
2021-03-20 20:29:49,293 [Thread-DUT1] ERROR UiDebug AILinkFactoryAuto.View.FormMain Run 422 - AILinkFactoryAuto.Task.BaseException: Fail
   在 AILinkFactoryAuto.Task.SmartBracelet.Executer.FormTipAndUartCheckExecuter.Run(IProperties properties, GlobalDic`2 globalDic) 位置 F:\2_工作和软件\1_工作存档\02Ohters\SKG\code\WF-RTL8720N\SmartBraceletCheck\SmartBracelet\Executer\FormTipAndUartCheckExecuter.cs:行号 50
   在 AILinkFactoryAuto.View.FormMain.Run() 位置 F:\2_工作和软件\1_工作存档\01长虹爱联\功能测试框架搭建\new\Platform\AILinkFactoryAuto\View\FormMain.cs:行号 404
2021-03-20 20:29:49,500 [Thread-DUT1] ERROR UiDebug AILinkFactoryAuto.Core.Log Fail 38 - TestTime:5394.0446ms
                                                                        FAIL
2021-03-20 20:29:49,515 [Thread-DUT1] INFO  UiDebug AILinkFactoryAuto.Core.Log Info 32 - 35 AT-读取电量值
2021-03-20 20:29:49,529 [Thread-DUT1] WARN  UiDebug AILinkFactoryAuto.Core.Log Warn 43 - TestTime:14.0012ms
                                                                        SKIP
2021-03-20 20:29:49,546 [Thread-DUT1] INFO  UiDebug AILinkFactoryAuto.Core.Log Info 32 - 36 检查CRT值
2021-03-20 20:29:49,563 [Thread-DUT1] WARN  UiDebug AILinkFactoryAuto.Core.Log Warn 43 - TestTime:17.4164ms
                                                                        SKIP
2021-03-20 20:29:49,580 [Thread-DUT1] INFO  UiDebug AILinkFactoryAuto.Core.Log Info 32 - 37 AT-控制继电器关闭电压输出
2021-03-20 20:29:49,703 [Thread-DUT1] INFO  UiDebug AILinkFactoryAuto.Core.Log Info 32 - AT Commond=AT+VO=0!
2021-03-20 20:29:49,828 [Thread-DUT1] INFO  UiDebug AILinkFactoryAuto.Core.Log Info 32 - AT Response=VO=0
OK

2021-03-20 20:29:49,839 [Thread-DUT1] INFO  UiDebug AILinkFactoryAuto.Core.Log Pass 49 - TestTime:258.4318ms
                                                                        PASS
2021-03-20 20:29:49,853 [Thread-DUT1] INFO  UiDebug AILinkFactoryAuto.Core.Log Info 32 - 38 上报检测-未充电及USB拔出状态检测
2021-03-20 20:29:49,868 [Thread-DUT1] WARN  UiDebug AILinkFactoryAuto.Core.Log Warn 43 - TestTime:15.2487ms
                                                                        SKIP
2021-03-20 20:29:49,882 [Thread-DUT1] INFO  UiDebug AILinkFactoryAuto.Core.Log Info 32 - 39 状态上报检测-加热按键检测
2021-03-20 20:29:49,892 [Thread-DUT1] WARN  UiDebug AILinkFactoryAuto.Core.Log Warn 43 - TestTime:10.0065ms
                                                                        SKIP
2021-03-20 20:29:49,908 [Thread-DUT1] INFO  UiDebug AILinkFactoryAuto.Core.Log Info 32 - 40 状态上报检测-电源按键检测
2021-03-20 20:29:49,920 [Thread-DUT1] WARN  UiDebug AILinkFactoryAuto.Core.Log Warn 43 - TestTime:11.6382ms
                                                                        SKIP
2021-03-20 20:29:49,931 [Thread-DUT1] INFO  UiDebug AILinkFactoryAuto.Core.Log Info 32 - 44 发SKG控制指令-关机
2021-03-20 20:29:49,944 [Thread-DUT1] WARN  UiDebug AILinkFactoryAuto.Core.Log Warn 43 - TestTime:12.8858ms
                                                                        SKIP
2021-03-20 20:29:49,956 [Thread-DUT1] INFO  UiDebug AILinkFactoryAuto.Core.Log Info 32 - 45 AT-获取待机时低压通道1
2021-03-20 20:29:49,966 [Thread-DUT1] WARN  UiDebug AILinkFactoryAuto.Core.Log Warn 43 - TestTime:10.0805ms
                                                                        SKIP
2021-03-20 20:29:49,985 [Thread-DUT1] INFO  UiDebug AILinkFactoryAuto.Core.Log Info 32 - 46 检查待机时低压通道1
2021-03-20 20:29:49,998 [Thread-DUT1] WARN  UiDebug AILinkFactoryAuto.Core.Log Warn 43 - TestTime:12.9857ms
                                                                        SKIP
2021-03-20 20:29:50,014 [Thread-DUT1] INFO  UiDebug AILinkFactoryAuto.Core.Log Info 32 - 51 关闭SKG主串口
2021-03-20 20:29:50,028 [Thread-DUT1] INFO  UiDebug AILinkFactoryAuto.Core.Log Pass 49 - TestTime:14.8392ms
                                                                        PASS
2021-03-20 20:29:50,044 [Thread-DUT1] INFO  UiDebug AILinkFactoryAuto.Core.Log Info 32 - 52 关闭采集板卡串口
2021-03-20 20:29:50,061 [Thread-DUT1] INFO  UiDebug AILinkFactoryAuto.Core.Log Pass 49 - TestTime:16.5112ms
                                                                        PASS
2021-03-20 20:29:50,075 [Thread-DUT1] INFO  UiDebug AILinkFactoryAuto.Core.Log Info 32 - 53 Deinit
2021-03-20 20:29:50,091 [Thread-DUT1] INFO  UiDebug AILinkFactoryAuto.Core.Log Pass 49 - TestTime:16.0802ms
                                                                        PASS
2021-03-20 20:29:50,119 [Thread-DUT1] ERROR UiDebug AILinkFactoryAuto.Core.Log Fail 38 - 
     FFFFFFFFFFFFFFFFFFFFFFFFFFFFFFFFFFFFFFFFFFFFFFFFFFFFFFFFFFFFFFFFFFFFFFF
     FF                                                                   FF
     FF                    FFFFFFFF    FFF     FFFF  FF                   FF
     FF                    FF         FF FF     FF   FF                   FF
     FF                    FF        FF   FF    FF   FF                   FF
     FF                    FFFFFF   FF     FF   FF   FF                   FF
     FF                    FF       FFFFFFFFF   FF   FF                   FF
     FF                    FF       FF     FF   FF   FF                   FF
     FF                    FF       FF     FF  FFFF  FFFFFFFF             FF
     FF                                                                   FF
     FFFFFFFFFFFFFFFFFFFFFFFFFFFFFFFFFFFFFFFFFFFFFFFFFFFFFFFFFFFFFFFFFFFFFFF

2021-03-20 20:29:50,135 [Thread-DUT1] ERROR UiDebug AILinkFactoryAuto.Core.Log Fail 38 - 
第34项:
上报检测-充电及USB插入状态检测
AILinkFactoryAuto.Task.BaseException: Fail
   在 AILinkFactoryAuto.Task.SmartBracelet.Executer.FormTipAndUartCheckExecuter.Run(IProperties properties, GlobalDic`2 globalDic) 位置 F:\2_工作和软件\1_工作存档\02Ohters\SKG\code\WF-RTL8720N\SmartBraceletCheck\SmartBracelet\Executer\FormTipAndUartCheckExecuter.cs:行号 50
   在 AILinkFactoryAuto.View.FormMain.Run() 位置 F:\2_工作和软件\1_工作存档\01长虹爱联\功能测试框架搭建\new\Platform\AILinkFactoryAuto\View\FormMain.cs:行号 404

2021-03-20 20:29:50,148 [Thread-DUT1] INFO  UiDebug AILinkFactoryAuto.Core.Log Info 32 - all test time:0:00:14.0219916
2021-03-20 20:36:06,430 [FormStudio] INFO  UiInfo AILinkFactoryAuto.View.FormMain LoadJts 272 - 加载测试序列成功
2021-03-20 20:36:06,431 [FormStudio] INFO  UiInfo AILinkFactoryAuto.View.FormMain FormMain_Shown 230 - DUT1
2021-03-20 20:36:06,431 [FormStudio] INFO  UiInfo AILinkFactoryAuto.View.FormMain FormMain_Shown 233 - 加载测试序列=[\projects\SKG-TEST\DUT1_SKGtest.jts]
2021-03-20 20:36:06,434 [FormStudio] INFO  UiInfo AILinkFactoryAuto.View.FormMain LoadJts 272 - 加载测试序列成功
2021-03-20 20:36:06,434 [FormStudio] INFO  UiInfo AILinkFactoryAuto.View.FormMain FormMain_Shown 236 - FormMain................Success!
