
     ***********************************************************************
     ***********************************************************************
     ***********                                                  **********
     ***********                  FactoryAuto                     **********
     ***********                  Huafuu                          **********
     ***********                                                  **********
     ***********                                                  **********
     ***********************************************************************
     ***********************************************************************
     Test Date: 2021-01-21, Test Time: 15:03:58



1 Init

TestTime:33.5332ms
                                                                        PASS

3 打开串口

TestTime:129.2085ms
                                                                        PASS

6 发送控制指令


     ***********************************************************************
     ***********************************************************************
     ***********                                                  **********
     ***********                  FactoryAuto                     **********
     ***********                  Huafuu                          **********
     ***********                                                  **********
     ***********                                                  **********
     ***********************************************************************
     ***********************************************************************
     Test Date: 2021-01-21, Test Time: 15:06:36



1 Init

TestTime:39.8943ms
                                                                        PASS

3 打开串口

TestTime:146.6067ms
                                                                        PASS

6 发送控制指令


     ***********************************************************************
     ***********************************************************************
     ***********                                                  **********
     ***********                  FactoryAuto                     **********
     ***********                  Huafuu                          **********
     ***********                                                  **********
     ***********                                                  **********
     ***********************************************************************
     ***********************************************************************
     Test Date: 2021-01-21, Test Time: 15:08:14



1 Init

TestTime:46.8751ms
                                                                        PASS

3 打开串口

TestTime:139.8076ms
                                                                        PASS

6 发送控制指令

